[0.023s] Invoking command in '/home/nathan/mapping_test/ws_livox/build/livox_ros_driver2': CMAKE_PREFIX_PATH=${CMAKE_PREFIX_PATH}:/opt/ros/humble /usr/bin/cmake /home/nathan/mapping_test/ws_livox/src/livox_ros_driver2 -DROS_EDITION=ROS2 -DHUMBLE_ROS=humble -DCMAKE_INSTALL_PREFIX=/home/nathan/mapping_test/ws_livox/install/livox_ros_driver2
[0.112s] -- The C compiler identification is GNU 11.4.0
[0.202s] -- The CXX compiler identification is GNU 11.4.0
[0.214s] -- Detecting C compiler ABI info
[0.316s] -- Detecting C compiler ABI info - done
[0.333s] -- Check for working C compiler: /usr/bin/cc - skipped
[0.333s] -- Detecting C compile features
[0.334s] -- Detecting C compile features - done
[0.339s] -- Detecting CXX compiler ABI info
[0.468s] -- Detecting CXX compiler ABI info - done
[0.486s] -- Check for working CXX compiler: /usr/bin/c++ - skipped
[0.487s] -- Detecting CXX compile features
[0.487s] -- Detecting CXX compile features - done
[0.488s] -- livox_ros_driver2 version: 1.2.4
[0.490s] -- Found ament_cmake_auto: 1.3.11 (/opt/ros/humble/share/ament_cmake_auto/cmake)
[0.688s] -- Found Python3: /usr/bin/python3 (found version "3.10.12") found components: Interpreter 
[0.874s] -- Using all available rosidl_typesupport_c: rosidl_typesupport_fastrtps_c;rosidl_typesupport_introspection_c
[0.882s] -- Found rosidl_adapter: 3.1.6 (/opt/ros/humble/share/rosidl_adapter/cmake)
[0.937s] -- Using all available rosidl_typesupport_cpp: rosidl_typesupport_fastrtps_cpp;rosidl_typesupport_introspection_cpp
[1.056s] -- Found rmw_implementation_cmake: 6.1.2 (/opt/ros/humble/share/rmw_implementation_cmake/cmake)
[1.060s] -- Found rmw_fastrtps_cpp: 6.2.7 (/opt/ros/humble/share/rmw_fastrtps_cpp/cmake)
[1.185s] -- Found OpenSSL: /usr/lib/x86_64-linux-gnu/libcrypto.so (found version "3.0.2")  
[1.223s] -- Found FastRTPS: /opt/ros/humble/include  
[1.280s] -- Using RMW implementation 'rmw_fastrtps_cpp' as default
[1.292s] -- Looking for pthread.h
[1.393s] -- Looking for pthread.h - found
[1.394s] -- Performing Test CMAKE_HAVE_LIBC_PTHREAD
[1.495s] -- Performing Test CMAKE_HAVE_LIBC_PTHREAD - Success
[1.496s] -- Found Threads: TRUE  
[1.700s] -- Checking for module 'eigen3'
[1.715s] --   Found eigen3, version 3.4.0
[1.757s] -- Found Eigen: /usr/include/eigen3 (Required is at least version "3.1") 
[1.757s] -- Eigen found (include: /usr/include/eigen3, version: 3.4.0)
[1.805s] -- Checking for module 'flann'
[1.822s] --   Found flann, version 1.9.1
[1.871s] -- Found FLANN: /usr/lib/x86_64-linux-gnu/libflann_cpp.so  
[1.871s] -- FLANN found (include: /usr/include, lib: /usr/lib/x86_64-linux-gnu/libflann_cpp.so)
[3.051s] -- Checking for module 'libusb-1.0'
[3.069s] --   Found libusb-1.0, version 1.0.25
[3.111s] -- Found libusb: /usr/lib/x86_64-linux-gnu/libusb-1.0.so  
[3.112s] -- OpenNI found (version: 1.5.4.0, include: /usr/include/ni, lib: /usr/lib/libOpenNI.so;libusb::libusb)
[3.182s] -- OpenNI2 found (version: 2.2.0.33, include: /usr/include/openni2, lib: /usr/lib/x86_64-linux-gnu/libOpenNI2.so;libusb::libusb)
[3.372s] -- Eigen found (include: /usr/include/eigen3, version: 3.4.0)
[3.380s] -- OpenNI found (version: 1.5.4.0, include: /usr/include/ni, lib: /usr/lib/libOpenNI.so;libusb::libusb)
[3.389s] -- OpenNI2 found (version: 2.2.0.33, include: /usr/include/openni2, lib: /usr/lib/x86_64-linux-gnu/libOpenNI2.so;libusb::libusb)
[3.572s] -- Found Qhull version 8.0.2
[3.753s] -- OpenNI found (version: 1.5.4.0, include: /usr/include/ni, lib: /usr/lib/libOpenNI.so;libusb::libusb)
[3.930s] -- Found PCL_COMMON: /usr/lib/x86_64-linux-gnu/libpcl_common.so  
[3.931s] -- Found PCL_KDTREE: /usr/lib/x86_64-linux-gnu/libpcl_kdtree.so  
[3.932s] -- Found PCL_OCTREE: /usr/lib/x86_64-linux-gnu/libpcl_octree.so  
[3.933s] -- Found PCL_SEARCH: /usr/lib/x86_64-linux-gnu/libpcl_search.so  
[3.934s] -- Found PCL_SAMPLE_CONSENSUS: /usr/lib/x86_64-linux-gnu/libpcl_sample_consensus.so  
[3.936s] -- Found PCL_FILTERS: /usr/lib/x86_64-linux-gnu/libpcl_filters.so  
[3.936s] -- Found PCL_2D: /usr/include/pcl-1.12  
[3.937s] -- Found PCL_GEOMETRY: /usr/include/pcl-1.12  
[3.939s] -- Found PCL_IO: /usr/lib/x86_64-linux-gnu/libpcl_io.so  
[3.940s] -- Found PCL_FEATURES: /usr/lib/x86_64-linux-gnu/libpcl_features.so  
[3.942s] -- Found PCL_ML: /usr/lib/x86_64-linux-gnu/libpcl_ml.so  
[3.943s] -- Found PCL_SEGMENTATION: /usr/lib/x86_64-linux-gnu/libpcl_segmentation.so  
[3.944s] -- Found PCL_VISUALIZATION: /usr/lib/x86_64-linux-gnu/libpcl_visualization.so  
[3.945s] -- Found PCL_SURFACE: /usr/lib/x86_64-linux-gnu/libpcl_surface.so  
[3.947s] -- Found PCL_REGISTRATION: /usr/lib/x86_64-linux-gnu/libpcl_registration.so  
[3.948s] -- Found PCL_KEYPOINTS: /usr/lib/x86_64-linux-gnu/libpcl_keypoints.so  
[3.949s] -- Found PCL_TRACKING: /usr/lib/x86_64-linux-gnu/libpcl_tracking.so  
[3.950s] -- Found PCL_RECOGNITION: /usr/lib/x86_64-linux-gnu/libpcl_recognition.so  
[3.952s] -- Found PCL_STEREO: /usr/lib/x86_64-linux-gnu/libpcl_stereo.so  
[3.953s] -- Found PCL_APPS: /usr/lib/x86_64-linux-gnu/libpcl_apps.so  
[3.954s] -- Found PCL_IN_HAND_SCANNER: /usr/include/pcl-1.12  
[3.954s] -- Found PCL_MODELER: /usr/include/pcl-1.12  
[3.955s] -- Found PCL_POINT_CLOUD_EDITOR: /usr/include/pcl-1.12  
[3.956s] -- Found PCL_OUTOFCORE: /usr/lib/x86_64-linux-gnu/libpcl_outofcore.so  
[3.959s] -- Found PCL_PEOPLE: /usr/lib/x86_64-linux-gnu/libpcl_people.so  
[4.017s] -- Found PkgConfig: /usr/bin/pkg-config (found version "0.29.2") 
[4.018s] -- Checking for module 'apr-1'
[4.023s] --   No package 'apr-1' found
[4.274s] -- Found ament_cmake_ros: 0.10.0 (/opt/ros/humble/share/ament_cmake_ros/cmake)
[4.541s] -- Using all available rosidl_typesupport_c: rosidl_typesupport_fastrtps_c;rosidl_typesupport_introspection_c
[4.883s] -- Using all available rosidl_typesupport_cpp: rosidl_typesupport_fastrtps_cpp;rosidl_typesupport_introspection_cpp
[4.912s] -- Found PythonInterp: /usr/bin/python3 (found suitable version "3.10.12", minimum required is "3.6") 
[4.914s] -- Found python_cmake_module: 0.10.0 (/opt/ros/humble/share/python_cmake_module/cmake)
[4.946s] -- Found PythonLibs: /usr/lib/x86_64-linux-gnu/libpython3.10.so (found suitable version "3.10.12", minimum required is "3.5") 
[4.947s] -- Using PYTHON_EXECUTABLE: /usr/bin/python3
[4.947s] -- Using PYTHON_INCLUDE_DIRS: /usr/include/python3.10
[4.947s] -- Using PYTHON_LIBRARIES: /usr/lib/x86_64-linux-gnu/libpython3.10.so
[4.973s] -- Found PythonExtra: .so  
[5.050s] -- Found ament_lint_auto: 0.12.12 (/opt/ros/humble/share/ament_lint_auto/cmake)
[5.080s] -- Added test 'copyright' to check source files copyright and LICENSE
[5.090s] -- Added test 'cppcheck' to perform static code analysis on C / C++ code
[5.091s] -- Configured cppcheck include dirs: /home/nathan/mapping_test/ws_livox/src/livox_ros_driver2/3rdparty;/home/nathan/mapping_test/ws_livox/src/livox_ros_driver2/src
[5.091s] -- Configured cppcheck exclude dirs and/or files: 
[5.101s] -- Added test 'cpplint' to check C / C++ code against the Google style
[5.101s] -- Configured cpplint exclude dirs and/or files: 
[5.102s] -- Added test 'flake8' to check Python code syntax and style conventions
[5.105s] -- Added test 'lint_cmake' to check CMake code style
[5.107s] -- Added test 'pep257' to check Python code against some of the docstring style conventions in PEP 257
[5.118s] -- Added test 'uncrustify' to check C / C++ code style
[5.118s] -- Configured uncrustify additional arguments: 
[5.119s] -- Added test 'xmllint' to check XML markup files
[5.123s] -- Configuring done
[5.229s] -- Generating done
[5.258s] -- Build files have been written to: /home/nathan/mapping_test/ws_livox/build/livox_ros_driver2
[5.281s] Invoked command in '/home/nathan/mapping_test/ws_livox/build/livox_ros_driver2' returned '0': CMAKE_PREFIX_PATH=${CMAKE_PREFIX_PATH}:/opt/ros/humble /usr/bin/cmake /home/nathan/mapping_test/ws_livox/src/livox_ros_driver2 -DROS_EDITION=ROS2 -DHUMBLE_ROS=humble -DCMAKE_INSTALL_PREFIX=/home/nathan/mapping_test/ws_livox/install/livox_ros_driver2
[5.283s] Invoking command in '/home/nathan/mapping_test/ws_livox/build/livox_ros_driver2': CMAKE_PREFIX_PATH=${CMAKE_PREFIX_PATH}:/opt/ros/humble /usr/bin/cmake --build /home/nathan/mapping_test/ws_livox/build/livox_ros_driver2 -- -j8 -l8
[5.336s] [  1%] [34m[1mGenerating C code for ROS interfaces[0m
[5.349s] [  3%] [32mBuilding CXX object CMakeFiles/livox_ros_driver2_node.dir/rclcpp_components/node_main_livox_ros_driver2_node.cpp.o[0m
[5.349s] [  5%] [34m[1mGenerating C++ code for ROS interfaces[0m
[5.358s] [  5%] Built target ament_cmake_python_copy_livox_ros_driver2
[5.796s] running egg_info
[5.797s] creating livox_ros_driver2.egg-info
[5.798s] writing livox_ros_driver2.egg-info/PKG-INFO
[5.798s] writing dependency_links to livox_ros_driver2.egg-info/dependency_links.txt
[5.798s] writing top-level names to livox_ros_driver2.egg-info/top_level.txt
[5.799s] writing manifest file 'livox_ros_driver2.egg-info/SOURCES.txt'
[5.804s] reading manifest file 'livox_ros_driver2.egg-info/SOURCES.txt'
[5.804s] writing manifest file 'livox_ros_driver2.egg-info/SOURCES.txt'
[5.860s] [  5%] Built target ament_cmake_python_build_livox_ros_driver2_egg
[5.898s] [  5%] Built target livox_interfaces2__cpp
[5.918s] [  7%] [34m[1mGenerating C++ type support dispatch for ROS interfaces[0m
[5.919s] [  8%] [34m[1mGenerating C++ type support for eProsima Fast-RTPS[0m
[5.920s] [ 10%] [34m[1mGenerating C++ introspection for ROS interfaces[0m
[5.926s] [ 12%] [32mBuilding C object CMakeFiles/livox_interfaces2__rosidl_generator_c.dir/rosidl_generator_c/livox_ros_driver2/msg/detail/custom_point__functions.c.o[0m
[5.931s] [ 14%] [32mBuilding C object CMakeFiles/livox_interfaces2__rosidl_generator_c.dir/rosidl_generator_c/livox_ros_driver2/msg/detail/custom_msg__functions.c.o[0m
[6.071s] [ 15%] [32m[1mLinking C shared library liblivox_ros_driver2__rosidl_generator_c.so[0m
[6.142s] [ 15%] Built target livox_interfaces2__rosidl_generator_c
[6.167s] [ 17%] [34m[1mGenerating C type support for eProsima Fast-RTPS[0m
[6.167s] [ 19%] [34m[1mGenerating C type support dispatch for ROS interfaces[0m
[6.179s] [ 21%] [34m[1mGenerating C introspection for ROS interfaces[0m
[6.815s] [ 22%] [32mBuilding CXX object CMakeFiles/livox_interfaces2__rosidl_typesupport_introspection_cpp.dir/rosidl_typesupport_introspection_cpp/livox_ros_driver2/msg/detail/custom_point__type_support.cpp.o[0m
[6.821s] [ 24%] [32mBuilding CXX object CMakeFiles/livox_interfaces2__rosidl_typesupport_introspection_cpp.dir/rosidl_typesupport_introspection_cpp/livox_ros_driver2/msg/detail/custom_msg__type_support.cpp.o[0m
[6.833s] [ 26%] [32mBuilding CXX object CMakeFiles/livox_interfaces2__rosidl_typesupport_cpp.dir/rosidl_typesupport_cpp/livox_ros_driver2/msg/custom_point__type_support.cpp.o[0m
[6.854s] [ 28%] [32mBuilding CXX object CMakeFiles/livox_interfaces2__rosidl_typesupport_fastrtps_cpp.dir/rosidl_typesupport_fastrtps_cpp/livox_ros_driver2/msg/detail/dds_fastrtps/custom_point__type_support.cpp.o[0m
[7.037s] [ 29%] [32mBuilding CXX object CMakeFiles/livox_interfaces2__rosidl_typesupport_c.dir/rosidl_typesupport_c/livox_ros_driver2/msg/custom_point__type_support.cpp.o[0m
[7.109s] [ 31%] [32mBuilding CXX object CMakeFiles/livox_interfaces2__rosidl_typesupport_c.dir/rosidl_typesupport_c/livox_ros_driver2/msg/custom_msg__type_support.cpp.o[0m
[7.207s] [ 33%] [32mBuilding C object CMakeFiles/livox_interfaces2__rosidl_typesupport_introspection_c.dir/rosidl_typesupport_introspection_c/livox_ros_driver2/msg/detail/custom_point__type_support.c.o[0m
[7.210s] [ 35%] [32m[1mLinking CXX shared library liblivox_ros_driver2__rosidl_typesupport_c.so[0m
[7.265s] [ 36%] [32mBuilding CXX object CMakeFiles/livox_interfaces2__rosidl_typesupport_fastrtps_c.dir/rosidl_typesupport_fastrtps_c/livox_ros_driver2/msg/detail/custom_point__type_support_c.cpp.o[0m
[7.290s] [ 38%] [32mBuilding C object CMakeFiles/livox_interfaces2__rosidl_typesupport_introspection_c.dir/rosidl_typesupport_introspection_c/livox_ros_driver2/msg/detail/custom_msg__type_support.c.o[0m
[7.334s] [ 38%] Built target livox_interfaces2__rosidl_typesupport_c
[7.350s] [ 40%] [32mBuilding CXX object CMakeFiles/livox_interfaces2__rosidl_typesupport_fastrtps_c.dir/rosidl_typesupport_fastrtps_c/livox_ros_driver2/msg/detail/custom_msg__type_support_c.cpp.o[0m
[7.397s] [ 42%] [32mBuilding CXX object CMakeFiles/livox_interfaces2__rosidl_typesupport_cpp.dir/rosidl_typesupport_cpp/livox_ros_driver2/msg/custom_msg__type_support.cpp.o[0m
[7.430s] [ 43%] [32m[1mLinking C shared library liblivox_ros_driver2__rosidl_typesupport_introspection_c.so[0m
[7.551s] [ 43%] Built target livox_interfaces2__rosidl_typesupport_introspection_c
[7.577s] [ 45%] [32mBuilding CXX object CMakeFiles/livox_interfaces2__rosidl_typesupport_fastrtps_cpp.dir/rosidl_typesupport_fastrtps_cpp/livox_ros_driver2/msg/detail/dds_fastrtps/custom_msg__type_support.cpp.o[0m
[7.789s] [ 47%] [32m[1mLinking CXX shared library liblivox_ros_driver2__rosidl_typesupport_introspection_cpp.so[0m
[7.922s] [ 49%] [32m[1mLinking CXX shared library liblivox_ros_driver2__rosidl_typesupport_cpp.so[0m
[7.947s] [ 49%] Built target livox_interfaces2__rosidl_typesupport_introspection_cpp
[7.971s] [ 50%] [32m[1mLinking CXX shared library liblivox_ros_driver2__rosidl_typesupport_fastrtps_c.so[0m
[7.990s] [ 50%] Built target livox_interfaces2__rosidl_typesupport_cpp
[8.023s] [ 52%] [32mBuilding CXX object CMakeFiles/livox_ros_driver2.dir/src/driver_node.cpp.o[0m
[8.023s] [ 54%] [32mBuilding CXX object CMakeFiles/livox_ros_driver2.dir/src/lddc.cpp.o[0m
[8.025s] [ 56%] [32mBuilding CXX object CMakeFiles/livox_ros_driver2.dir/src/livox_ros_driver2.cpp.o[0m
[8.025s] [ 57%] [32mBuilding CXX object CMakeFiles/livox_ros_driver2.dir/src/lds.cpp.o[0m
[8.025s] [ 59%] [32mBuilding CXX object CMakeFiles/livox_ros_driver2.dir/src/lds_lidar.cpp.o[0m
[8.190s] [ 59%] Built target livox_interfaces2__rosidl_typesupport_fastrtps_c
[8.223s] [ 61%] [32mBuilding CXX object CMakeFiles/livox_ros_driver2.dir/src/comm/comm.cpp.o[0m
[8.396s] [ 63%] [32m[1mLinking CXX shared library liblivox_ros_driver2__rosidl_typesupport_fastrtps_cpp.so[0m
[8.584s] [ 63%] Built target livox_interfaces2__rosidl_typesupport_fastrtps_cpp
[8.619s] [ 64%] [32mBuilding CXX object CMakeFiles/livox_ros_driver2.dir/src/comm/ldq.cpp.o[0m
[9.762s] [ 66%] [32mBuilding CXX object CMakeFiles/livox_ros_driver2.dir/src/comm/semaphore.cpp.o[0m
[9.812s] [ 68%] [32mBuilding CXX object CMakeFiles/livox_ros_driver2.dir/src/comm/lidar_imu_data_queue.cpp.o[0m
[9.816s] [ 68%] Built target livox_interfaces2
[9.900s] [ 70%] [34m[1mGenerating Python code for ROS interfaces[0m
[10.089s] [ 71%] [32mBuilding CXX object CMakeFiles/livox_ros_driver2.dir/src/comm/cache_index.cpp.o[0m
[10.470s] [ 73%] [32mBuilding CXX object CMakeFiles/livox_ros_driver2.dir/src/comm/pub_handler.cpp.o[0m
[10.495s] [ 75%] [32mBuilding CXX object CMakeFiles/livox_ros_driver2.dir/src/parse_cfg_file/parse_cfg_file.cpp.o[0m
[11.261s] [ 77%] [32m[1mLinking CXX executable livox_ros_driver2_node[0m
[11.500s] [ 78%] [32mBuilding CXX object CMakeFiles/livox_ros_driver2.dir/src/parse_cfg_file/parse_livox_lidar_cfg.cpp.o[0m
[11.507s] [ 78%] Built target livox_ros_driver2_node
[11.514s] [ 78%] Built target livox_interfaces2__py
[11.523s] [ 80%] [32mBuilding CXX object CMakeFiles/livox_ros_driver2.dir/src/call_back/lidar_common_callback.cpp.o[0m
[11.531s] [ 82%] [32mBuilding CXX object CMakeFiles/livox_ros_driver2.dir/src/call_back/livox_lidar_callback.cpp.o[0m
[12.194s] [ 84%] [32mBuilding C object CMakeFiles/livox_interfaces2__rosidl_generator_py.dir/rosidl_generator_py/livox_ros_driver2/msg/_custom_point_s.c.o[0m
[12.406s] [ 85%] [32mBuilding C object CMakeFiles/livox_interfaces2__rosidl_generator_py.dir/rosidl_generator_py/livox_ros_driver2/msg/_custom_msg_s.c.o[0m
[12.627s] [ 87%] [32m[1mLinking C shared library rosidl_generator_py/livox_ros_driver2/liblivox_interfaces2__rosidl_generator_py.so[0m
[12.712s] [ 87%] Built target livox_interfaces2__rosidl_generator_py
[12.751s] [ 89%] [32mBuilding C object CMakeFiles/livox_ros_driver2__rosidl_typesupport_fastrtps_c__pyext.dir/rosidl_generator_py/livox_ros_driver2/_livox_ros_driver2_s.ep.rosidl_typesupport_fastrtps_c.c.o[0m
[12.859s] [ 91%] [32mBuilding C object CMakeFiles/livox_ros_driver2__rosidl_typesupport_introspection_c__pyext.dir/rosidl_generator_py/livox_ros_driver2/_livox_ros_driver2_s.ep.rosidl_typesupport_introspection_c.c.o[0m
[12.986s] [ 92%] [32m[1mLinking C shared library rosidl_generator_py/livox_ros_driver2/livox_ros_driver2_s__rosidl_typesupport_fastrtps_c.cpython-310-x86_64-linux-gnu.so[0m
[13.017s] [ 94%] [32mBuilding C object CMakeFiles/livox_ros_driver2__rosidl_typesupport_c__pyext.dir/rosidl_generator_py/livox_ros_driver2/_livox_ros_driver2_s.ep.rosidl_typesupport_c.c.o[0m
[13.059s] [ 94%] Built target livox_ros_driver2__rosidl_typesupport_fastrtps_c__pyext
[13.071s] [ 96%] [32m[1mLinking C shared library rosidl_generator_py/livox_ros_driver2/livox_ros_driver2_s__rosidl_typesupport_introspection_c.cpython-310-x86_64-linux-gnu.so[0m
[13.129s] [ 96%] Built target livox_ros_driver2__rosidl_typesupport_introspection_c__pyext
[13.174s] [ 98%] [32m[1mLinking C shared library rosidl_generator_py/livox_ros_driver2/livox_ros_driver2_s__rosidl_typesupport_c.cpython-310-x86_64-linux-gnu.so[0m
[13.226s] [ 98%] Built target livox_ros_driver2__rosidl_typesupport_c__pyext
[20.121s] [100%] [32m[1mLinking CXX shared library liblivox_ros_driver2.so[0m
[21.000s] [100%] Built target livox_ros_driver2
[21.016s] Invoked command in '/home/nathan/mapping_test/ws_livox/build/livox_ros_driver2' returned '0': CMAKE_PREFIX_PATH=${CMAKE_PREFIX_PATH}:/opt/ros/humble /usr/bin/cmake --build /home/nathan/mapping_test/ws_livox/build/livox_ros_driver2 -- -j8 -l8
[21.030s] Invoking command in '/home/nathan/mapping_test/ws_livox/build/livox_ros_driver2': CMAKE_PREFIX_PATH=${CMAKE_PREFIX_PATH}:/opt/ros/humble /usr/bin/cmake --install /home/nathan/mapping_test/ws_livox/build/livox_ros_driver2
[21.040s] -- Install configuration: ""
[21.040s] -- Installing: /home/nathan/mapping_test/ws_livox/install/livox_ros_driver2/share/ament_index/resource_index/rosidl_interfaces/livox_ros_driver2
[21.040s] -- Installing: /home/nathan/mapping_test/ws_livox/install/livox_ros_driver2/include/livox_ros_driver2/livox_ros_driver2
[21.041s] -- Installing: /home/nathan/mapping_test/ws_livox/install/livox_ros_driver2/include/livox_ros_driver2/livox_ros_driver2/msg
[21.041s] -- Installing: /home/nathan/mapping_test/ws_livox/install/livox_ros_driver2/include/livox_ros_driver2/livox_ros_driver2/msg/detail
[21.041s] -- Installing: /home/nathan/mapping_test/ws_livox/install/livox_ros_driver2/include/livox_ros_driver2/livox_ros_driver2/msg/detail/custom_msg__struct.h
[21.041s] -- Installing: /home/nathan/mapping_test/ws_livox/install/livox_ros_driver2/include/livox_ros_driver2/livox_ros_driver2/msg/detail/custom_point__struct.h
[21.041s] -- Installing: /home/nathan/mapping_test/ws_livox/install/livox_ros_driver2/include/livox_ros_driver2/livox_ros_driver2/msg/detail/custom_point__functions.h
[21.042s] -- Installing: /home/nathan/mapping_test/ws_livox/install/livox_ros_driver2/include/livox_ros_driver2/livox_ros_driver2/msg/detail/custom_point__functions.c
[21.042s] -- Installing: /home/nathan/mapping_test/ws_livox/install/livox_ros_driver2/include/livox_ros_driver2/livox_ros_driver2/msg/detail/custom_msg__functions.c
[21.042s] -- Installing: /home/nathan/mapping_test/ws_livox/install/livox_ros_driver2/include/livox_ros_driver2/livox_ros_driver2/msg/detail/custom_point__type_support.h
[21.043s] -- Installing: /home/nathan/mapping_test/ws_livox/install/livox_ros_driver2/include/livox_ros_driver2/livox_ros_driver2/msg/detail/custom_msg__type_support.h
[21.043s] -- Installing: /home/nathan/mapping_test/ws_livox/install/livox_ros_driver2/include/livox_ros_driver2/livox_ros_driver2/msg/detail/custom_msg__functions.h
[21.043s] -- Installing: /home/nathan/mapping_test/ws_livox/install/livox_ros_driver2/include/livox_ros_driver2/livox_ros_driver2/msg/custom_msg.h
[21.043s] -- Installing: /home/nathan/mapping_test/ws_livox/install/livox_ros_driver2/include/livox_ros_driver2/livox_ros_driver2/msg/custom_point.h
[21.043s] -- Installing: /home/nathan/mapping_test/ws_livox/install/livox_ros_driver2/include/livox_ros_driver2/livox_ros_driver2/msg/rosidl_generator_c__visibility_control.h
[21.044s] -- Installing: /home/nathan/mapping_test/ws_livox/install/livox_ros_driver2/share/livox_ros_driver2/environment/library_path.sh
[21.044s] -- Installing: /home/nathan/mapping_test/ws_livox/install/livox_ros_driver2/share/livox_ros_driver2/environment/library_path.dsv
[21.044s] -- Installing: /home/nathan/mapping_test/ws_livox/install/livox_ros_driver2/lib/liblivox_ros_driver2__rosidl_generator_c.so
[21.045s] -- Set runtime path of "/home/nathan/mapping_test/ws_livox/install/livox_ros_driver2/lib/liblivox_ros_driver2__rosidl_generator_c.so" to ""
[21.045s] -- Up-to-date: /home/nathan/mapping_test/ws_livox/install/livox_ros_driver2/include/livox_ros_driver2/livox_ros_driver2
[21.045s] -- Up-to-date: /home/nathan/mapping_test/ws_livox/install/livox_ros_driver2/include/livox_ros_driver2/livox_ros_driver2/msg
[21.046s] -- Up-to-date: /home/nathan/mapping_test/ws_livox/install/livox_ros_driver2/include/livox_ros_driver2/livox_ros_driver2/msg/detail
[21.046s] -- Installing: /home/nathan/mapping_test/ws_livox/install/livox_ros_driver2/include/livox_ros_driver2/livox_ros_driver2/msg/detail/custom_point__rosidl_typesupport_fastrtps_c.h
[21.046s] -- Installing: /home/nathan/mapping_test/ws_livox/install/livox_ros_driver2/include/livox_ros_driver2/livox_ros_driver2/msg/detail/custom_msg__rosidl_typesupport_fastrtps_c.h
[21.046s] -- Installing: /home/nathan/mapping_test/ws_livox/install/livox_ros_driver2/include/livox_ros_driver2/livox_ros_driver2/msg/rosidl_typesupport_fastrtps_c__visibility_control.h
[21.046s] -- Installing: /home/nathan/mapping_test/ws_livox/install/livox_ros_driver2/lib/liblivox_ros_driver2__rosidl_typesupport_fastrtps_c.so
[21.047s] -- Set runtime path of "/home/nathan/mapping_test/ws_livox/install/livox_ros_driver2/lib/liblivox_ros_driver2__rosidl_typesupport_fastrtps_c.so" to ""
[21.047s] -- Up-to-date: /home/nathan/mapping_test/ws_livox/install/livox_ros_driver2/include/livox_ros_driver2/livox_ros_driver2
[21.048s] -- Up-to-date: /home/nathan/mapping_test/ws_livox/install/livox_ros_driver2/include/livox_ros_driver2/livox_ros_driver2/msg
[21.048s] -- Up-to-date: /home/nathan/mapping_test/ws_livox/install/livox_ros_driver2/include/livox_ros_driver2/livox_ros_driver2/msg/detail
[21.048s] -- Installing: /home/nathan/mapping_test/ws_livox/install/livox_ros_driver2/include/livox_ros_driver2/livox_ros_driver2/msg/detail/custom_msg__type_support.c
[21.048s] -- Installing: /home/nathan/mapping_test/ws_livox/install/livox_ros_driver2/include/livox_ros_driver2/livox_ros_driver2/msg/detail/custom_point__rosidl_typesupport_introspection_c.h
[21.048s] -- Installing: /home/nathan/mapping_test/ws_livox/install/livox_ros_driver2/include/livox_ros_driver2/livox_ros_driver2/msg/detail/custom_msg__rosidl_typesupport_introspection_c.h
[21.049s] -- Installing: /home/nathan/mapping_test/ws_livox/install/livox_ros_driver2/include/livox_ros_driver2/livox_ros_driver2/msg/detail/custom_point__type_support.c
[21.049s] -- Installing: /home/nathan/mapping_test/ws_livox/install/livox_ros_driver2/include/livox_ros_driver2/livox_ros_driver2/msg/rosidl_typesupport_introspection_c__visibility_control.h
[21.049s] -- Installing: /home/nathan/mapping_test/ws_livox/install/livox_ros_driver2/lib/liblivox_ros_driver2__rosidl_typesupport_introspection_c.so
[21.050s] -- Set runtime path of "/home/nathan/mapping_test/ws_livox/install/livox_ros_driver2/lib/liblivox_ros_driver2__rosidl_typesupport_introspection_c.so" to ""
[21.050s] -- Installing: /home/nathan/mapping_test/ws_livox/install/livox_ros_driver2/lib/liblivox_ros_driver2__rosidl_typesupport_c.so
[21.050s] -- Set runtime path of "/home/nathan/mapping_test/ws_livox/install/livox_ros_driver2/lib/liblivox_ros_driver2__rosidl_typesupport_c.so" to ""
[21.051s] -- Up-to-date: /home/nathan/mapping_test/ws_livox/install/livox_ros_driver2/include/livox_ros_driver2/livox_ros_driver2
[21.051s] -- Up-to-date: /home/nathan/mapping_test/ws_livox/install/livox_ros_driver2/include/livox_ros_driver2/livox_ros_driver2/msg
[21.051s] -- Installing: /home/nathan/mapping_test/ws_livox/install/livox_ros_driver2/include/livox_ros_driver2/livox_ros_driver2/msg/custom_point.hpp
[21.051s] -- Up-to-date: /home/nathan/mapping_test/ws_livox/install/livox_ros_driver2/include/livox_ros_driver2/livox_ros_driver2/msg/detail
[21.051s] -- Installing: /home/nathan/mapping_test/ws_livox/install/livox_ros_driver2/include/livox_ros_driver2/livox_ros_driver2/msg/detail/custom_point__struct.hpp
[21.052s] -- Installing: /home/nathan/mapping_test/ws_livox/install/livox_ros_driver2/include/livox_ros_driver2/livox_ros_driver2/msg/detail/custom_msg__builder.hpp
[21.052s] -- Installing: /home/nathan/mapping_test/ws_livox/install/livox_ros_driver2/include/livox_ros_driver2/livox_ros_driver2/msg/detail/custom_msg__traits.hpp
[21.052s] -- Installing: /home/nathan/mapping_test/ws_livox/install/livox_ros_driver2/include/livox_ros_driver2/livox_ros_driver2/msg/detail/custom_msg__struct.hpp
[21.052s] -- Installing: /home/nathan/mapping_test/ws_livox/install/livox_ros_driver2/include/livox_ros_driver2/livox_ros_driver2/msg/detail/custom_msg__type_support.hpp
[21.052s] -- Installing: /home/nathan/mapping_test/ws_livox/install/livox_ros_driver2/include/livox_ros_driver2/livox_ros_driver2/msg/detail/custom_point__type_support.hpp
[21.053s] -- Installing: /home/nathan/mapping_test/ws_livox/install/livox_ros_driver2/include/livox_ros_driver2/livox_ros_driver2/msg/detail/custom_point__traits.hpp
[21.053s] -- Installing: /home/nathan/mapping_test/ws_livox/install/livox_ros_driver2/include/livox_ros_driver2/livox_ros_driver2/msg/detail/custom_point__builder.hpp
[21.053s] -- Installing: /home/nathan/mapping_test/ws_livox/install/livox_ros_driver2/include/livox_ros_driver2/livox_ros_driver2/msg/custom_msg.hpp
[21.053s] -- Installing: /home/nathan/mapping_test/ws_livox/install/livox_ros_driver2/include/livox_ros_driver2/livox_ros_driver2/msg/rosidl_generator_cpp__visibility_control.hpp
[21.053s] -- Up-to-date: /home/nathan/mapping_test/ws_livox/install/livox_ros_driver2/include/livox_ros_driver2/livox_ros_driver2
[21.054s] -- Up-to-date: /home/nathan/mapping_test/ws_livox/install/livox_ros_driver2/include/livox_ros_driver2/livox_ros_driver2/msg
[21.054s] -- Up-to-date: /home/nathan/mapping_test/ws_livox/install/livox_ros_driver2/include/livox_ros_driver2/livox_ros_driver2/msg/detail
[21.054s] -- Installing: /home/nathan/mapping_test/ws_livox/install/livox_ros_driver2/include/livox_ros_driver2/livox_ros_driver2/msg/detail/custom_point__rosidl_typesupport_fastrtps_cpp.hpp
[21.054s] -- Installing: /home/nathan/mapping_test/ws_livox/install/livox_ros_driver2/include/livox_ros_driver2/livox_ros_driver2/msg/detail/custom_msg__rosidl_typesupport_fastrtps_cpp.hpp
[21.054s] -- Installing: /home/nathan/mapping_test/ws_livox/install/livox_ros_driver2/include/livox_ros_driver2/livox_ros_driver2/msg/detail/dds_fastrtps
[21.055s] -- Installing: /home/nathan/mapping_test/ws_livox/install/livox_ros_driver2/include/livox_ros_driver2/livox_ros_driver2/msg/rosidl_typesupport_fastrtps_cpp__visibility_control.h
[21.055s] -- Installing: /home/nathan/mapping_test/ws_livox/install/livox_ros_driver2/lib/liblivox_ros_driver2__rosidl_typesupport_fastrtps_cpp.so
[21.055s] -- Set runtime path of "/home/nathan/mapping_test/ws_livox/install/livox_ros_driver2/lib/liblivox_ros_driver2__rosidl_typesupport_fastrtps_cpp.so" to ""
[21.055s] -- Up-to-date: /home/nathan/mapping_test/ws_livox/install/livox_ros_driver2/include/livox_ros_driver2/livox_ros_driver2
[21.056s] -- Up-to-date: /home/nathan/mapping_test/ws_livox/install/livox_ros_driver2/include/livox_ros_driver2/livox_ros_driver2/msg
[21.056s] -- Up-to-date: /home/nathan/mapping_test/ws_livox/install/livox_ros_driver2/include/livox_ros_driver2/livox_ros_driver2/msg/detail
[21.056s] -- Installing: /home/nathan/mapping_test/ws_livox/install/livox_ros_driver2/include/livox_ros_driver2/livox_ros_driver2/msg/detail/custom_point__rosidl_typesupport_introspection_cpp.hpp
[21.056s] -- Installing: /home/nathan/mapping_test/ws_livox/install/livox_ros_driver2/include/livox_ros_driver2/livox_ros_driver2/msg/detail/custom_point__type_support.cpp
[21.056s] -- Installing: /home/nathan/mapping_test/ws_livox/install/livox_ros_driver2/include/livox_ros_driver2/livox_ros_driver2/msg/detail/custom_msg__type_support.cpp
[21.057s] -- Installing: /home/nathan/mapping_test/ws_livox/install/livox_ros_driver2/include/livox_ros_driver2/livox_ros_driver2/msg/detail/custom_msg__rosidl_typesupport_introspection_cpp.hpp
[21.057s] -- Installing: /home/nathan/mapping_test/ws_livox/install/livox_ros_driver2/lib/liblivox_ros_driver2__rosidl_typesupport_introspection_cpp.so
[21.057s] -- Set runtime path of "/home/nathan/mapping_test/ws_livox/install/livox_ros_driver2/lib/liblivox_ros_driver2__rosidl_typesupport_introspection_cpp.so" to ""
[21.058s] -- Installing: /home/nathan/mapping_test/ws_livox/install/livox_ros_driver2/lib/liblivox_ros_driver2__rosidl_typesupport_cpp.so
[21.058s] -- Set runtime path of "/home/nathan/mapping_test/ws_livox/install/livox_ros_driver2/lib/liblivox_ros_driver2__rosidl_typesupport_cpp.so" to ""
[21.058s] -- Installing: /home/nathan/mapping_test/ws_livox/install/livox_ros_driver2/share/livox_ros_driver2/environment/pythonpath.sh
[21.059s] -- Installing: /home/nathan/mapping_test/ws_livox/install/livox_ros_driver2/share/livox_ros_driver2/environment/pythonpath.dsv
[21.059s] -- Installing: /home/nathan/mapping_test/ws_livox/install/livox_ros_driver2/local/lib/python3.10/dist-packages/livox_ros_driver2-1.0.0-py3.10.egg-info
[21.059s] -- Installing: /home/nathan/mapping_test/ws_livox/install/livox_ros_driver2/local/lib/python3.10/dist-packages/livox_ros_driver2-1.0.0-py3.10.egg-info/SOURCES.txt
[21.059s] -- Installing: /home/nathan/mapping_test/ws_livox/install/livox_ros_driver2/local/lib/python3.10/dist-packages/livox_ros_driver2-1.0.0-py3.10.egg-info/dependency_links.txt
[21.060s] -- Installing: /home/nathan/mapping_test/ws_livox/install/livox_ros_driver2/local/lib/python3.10/dist-packages/livox_ros_driver2-1.0.0-py3.10.egg-info/PKG-INFO
[21.060s] -- Installing: /home/nathan/mapping_test/ws_livox/install/livox_ros_driver2/local/lib/python3.10/dist-packages/livox_ros_driver2-1.0.0-py3.10.egg-info/top_level.txt
[21.060s] -- Installing: /home/nathan/mapping_test/ws_livox/install/livox_ros_driver2/local/lib/python3.10/dist-packages/livox_ros_driver2
[21.060s] -- Installing: /home/nathan/mapping_test/ws_livox/install/livox_ros_driver2/local/lib/python3.10/dist-packages/livox_ros_driver2/liblivox_interfaces2__rosidl_generator_py.so
[21.060s] -- Installing: /home/nathan/mapping_test/ws_livox/install/livox_ros_driver2/local/lib/python3.10/dist-packages/livox_ros_driver2/_livox_ros_driver2_s.ep.rosidl_typesupport_fastrtps_c.c
[21.061s] -- Installing: /home/nathan/mapping_test/ws_livox/install/livox_ros_driver2/local/lib/python3.10/dist-packages/livox_ros_driver2/__init__.py
[21.061s] -- Installing: /home/nathan/mapping_test/ws_livox/install/livox_ros_driver2/local/lib/python3.10/dist-packages/livox_ros_driver2/_livox_ros_driver2_s.ep.rosidl_typesupport_c.c
[21.061s] -- Installing: /home/nathan/mapping_test/ws_livox/install/livox_ros_driver2/local/lib/python3.10/dist-packages/livox_ros_driver2/livox_ros_driver2_s__rosidl_typesupport_c.cpython-310-x86_64-linux-gnu.so
[21.061s] -- Installing: /home/nathan/mapping_test/ws_livox/install/livox_ros_driver2/local/lib/python3.10/dist-packages/livox_ros_driver2/msg
[21.061s] -- Installing: /home/nathan/mapping_test/ws_livox/install/livox_ros_driver2/local/lib/python3.10/dist-packages/livox_ros_driver2/msg/_custom_point.py
[21.062s] -- Installing: /home/nathan/mapping_test/ws_livox/install/livox_ros_driver2/local/lib/python3.10/dist-packages/livox_ros_driver2/msg/__init__.py
[21.062s] -- Installing: /home/nathan/mapping_test/ws_livox/install/livox_ros_driver2/local/lib/python3.10/dist-packages/livox_ros_driver2/msg/_custom_msg_s.c
[21.062s] -- Installing: /home/nathan/mapping_test/ws_livox/install/livox_ros_driver2/local/lib/python3.10/dist-packages/livox_ros_driver2/msg/_custom_msg.py
[21.062s] -- Installing: /home/nathan/mapping_test/ws_livox/install/livox_ros_driver2/local/lib/python3.10/dist-packages/livox_ros_driver2/msg/_custom_point_s.c
[21.062s] -- Installing: /home/nathan/mapping_test/ws_livox/install/livox_ros_driver2/local/lib/python3.10/dist-packages/livox_ros_driver2/livox_ros_driver2_s__rosidl_typesupport_fastrtps_c.cpython-310-x86_64-linux-gnu.so
[21.063s] -- Installing: /home/nathan/mapping_test/ws_livox/install/livox_ros_driver2/local/lib/python3.10/dist-packages/livox_ros_driver2/livox_ros_driver2_s__rosidl_typesupport_introspection_c.cpython-310-x86_64-linux-gnu.so
[21.063s] -- Installing: /home/nathan/mapping_test/ws_livox/install/livox_ros_driver2/local/lib/python3.10/dist-packages/livox_ros_driver2/_livox_ros_driver2_s.ep.rosidl_typesupport_introspection_c.c
[21.104s] Listing '/home/nathan/mapping_test/ws_livox/install/livox_ros_driver2/local/lib/python3.10/dist-packages/livox_ros_driver2'...
[21.104s] Compiling '/home/nathan/mapping_test/ws_livox/install/livox_ros_driver2/local/lib/python3.10/dist-packages/livox_ros_driver2/__init__.py'...
[21.104s] Listing '/home/nathan/mapping_test/ws_livox/install/livox_ros_driver2/local/lib/python3.10/dist-packages/livox_ros_driver2/msg'...
[21.104s] Compiling '/home/nathan/mapping_test/ws_livox/install/livox_ros_driver2/local/lib/python3.10/dist-packages/livox_ros_driver2/msg/__init__.py'...
[21.104s] Compiling '/home/nathan/mapping_test/ws_livox/install/livox_ros_driver2/local/lib/python3.10/dist-packages/livox_ros_driver2/msg/_custom_msg.py'...
[21.104s] Compiling '/home/nathan/mapping_test/ws_livox/install/livox_ros_driver2/local/lib/python3.10/dist-packages/livox_ros_driver2/msg/_custom_point.py'...
[21.110s] -- Installing: /home/nathan/mapping_test/ws_livox/install/livox_ros_driver2/local/lib/python3.10/dist-packages/livox_ros_driver2/livox_ros_driver2_s__rosidl_typesupport_fastrtps_c.cpython-310-x86_64-linux-gnu.so
[21.110s] -- Set runtime path of "/home/nathan/mapping_test/ws_livox/install/livox_ros_driver2/local/lib/python3.10/dist-packages/livox_ros_driver2/livox_ros_driver2_s__rosidl_typesupport_fastrtps_c.cpython-310-x86_64-linux-gnu.so" to ""
[21.111s] -- Installing: /home/nathan/mapping_test/ws_livox/install/livox_ros_driver2/local/lib/python3.10/dist-packages/livox_ros_driver2/livox_ros_driver2_s__rosidl_typesupport_introspection_c.cpython-310-x86_64-linux-gnu.so
[21.112s] -- Set runtime path of "/home/nathan/mapping_test/ws_livox/install/livox_ros_driver2/local/lib/python3.10/dist-packages/livox_ros_driver2/livox_ros_driver2_s__rosidl_typesupport_introspection_c.cpython-310-x86_64-linux-gnu.so" to ""
[21.112s] -- Installing: /home/nathan/mapping_test/ws_livox/install/livox_ros_driver2/local/lib/python3.10/dist-packages/livox_ros_driver2/livox_ros_driver2_s__rosidl_typesupport_c.cpython-310-x86_64-linux-gnu.so
[21.113s] -- Set runtime path of "/home/nathan/mapping_test/ws_livox/install/livox_ros_driver2/local/lib/python3.10/dist-packages/livox_ros_driver2/livox_ros_driver2_s__rosidl_typesupport_c.cpython-310-x86_64-linux-gnu.so" to ""
[21.113s] -- Installing: /home/nathan/mapping_test/ws_livox/install/livox_ros_driver2/lib/liblivox_interfaces2__rosidl_generator_py.so
[21.114s] -- Set runtime path of "/home/nathan/mapping_test/ws_livox/install/livox_ros_driver2/lib/liblivox_interfaces2__rosidl_generator_py.so" to ""
[21.114s] -- Installing: /home/nathan/mapping_test/ws_livox/install/livox_ros_driver2/share/livox_ros_driver2/msg/CustomPoint.idl
[21.114s] -- Installing: /home/nathan/mapping_test/ws_livox/install/livox_ros_driver2/share/livox_ros_driver2/msg/CustomMsg.idl
[21.114s] -- Installing: /home/nathan/mapping_test/ws_livox/install/livox_ros_driver2/share/livox_ros_driver2/msg/CustomPoint.msg
[21.115s] -- Installing: /home/nathan/mapping_test/ws_livox/install/livox_ros_driver2/share/livox_ros_driver2/msg/CustomMsg.msg
[21.115s] -- Installing: /home/nathan/mapping_test/ws_livox/install/livox_ros_driver2/lib/livox_ros_driver2/livox_ros_driver2_node
[21.116s] -- Set runtime path of "/home/nathan/mapping_test/ws_livox/install/livox_ros_driver2/lib/livox_ros_driver2/livox_ros_driver2_node" to ""
[21.116s] -- Installing: /home/nathan/mapping_test/ws_livox/install/livox_ros_driver2/lib/liblivox_ros_driver2.so
[21.121s] -- Set runtime path of "/home/nathan/mapping_test/ws_livox/install/livox_ros_driver2/lib/liblivox_ros_driver2.so" to ""
[21.121s] -- Installing: /home/nathan/mapping_test/ws_livox/install/livox_ros_driver2/share/livox_ros_driver2/config
[21.122s] -- Installing: /home/nathan/mapping_test/ws_livox/install/livox_ros_driver2/share/livox_ros_driver2/config/display_point_cloud_ROS2.rviz
[21.122s] -- Installing: /home/nathan/mapping_test/ws_livox/install/livox_ros_driver2/share/livox_ros_driver2/config/display_point_cloud_ROS1.rviz
[21.122s] -- Installing: /home/nathan/mapping_test/ws_livox/install/livox_ros_driver2/share/livox_ros_driver2/config/mixed_HAP_MID360_config.json
[21.122s] -- Installing: /home/nathan/mapping_test/ws_livox/install/livox_ros_driver2/share/livox_ros_driver2/config/MID360_config.json
[21.122s] -- Installing: /home/nathan/mapping_test/ws_livox/install/livox_ros_driver2/share/livox_ros_driver2/config/HAP_config.json
[21.123s] -- Installing: /home/nathan/mapping_test/ws_livox/install/livox_ros_driver2/share/livox_ros_driver2/launch_ROS2
[21.123s] -- Installing: /home/nathan/mapping_test/ws_livox/install/livox_ros_driver2/share/livox_ros_driver2/launch_ROS2/rviz_HAP_launch.py
[21.123s] -- Installing: /home/nathan/mapping_test/ws_livox/install/livox_ros_driver2/share/livox_ros_driver2/launch_ROS2/msg_MID360_launch.py
[21.123s] -- Installing: /home/nathan/mapping_test/ws_livox/install/livox_ros_driver2/share/livox_ros_driver2/launch_ROS2/rviz_mixed.py
[21.123s] -- Installing: /home/nathan/mapping_test/ws_livox/install/livox_ros_driver2/share/livox_ros_driver2/launch_ROS2/msg_HAP_launch.py
[21.123s] -- Installing: /home/nathan/mapping_test/ws_livox/install/livox_ros_driver2/share/livox_ros_driver2/launch_ROS2/rviz_MID360_launch.py
[21.124s] -- Installing: /home/nathan/mapping_test/ws_livox/install/livox_ros_driver2/share/ament_index/resource_index/package_run_dependencies/livox_ros_driver2
[21.124s] -- Installing: /home/nathan/mapping_test/ws_livox/install/livox_ros_driver2/share/ament_index/resource_index/parent_prefix_path/livox_ros_driver2
[21.124s] -- Installing: /home/nathan/mapping_test/ws_livox/install/livox_ros_driver2/share/livox_ros_driver2/environment/ament_prefix_path.sh
[21.124s] -- Installing: /home/nathan/mapping_test/ws_livox/install/livox_ros_driver2/share/livox_ros_driver2/environment/ament_prefix_path.dsv
[21.125s] -- Installing: /home/nathan/mapping_test/ws_livox/install/livox_ros_driver2/share/livox_ros_driver2/environment/path.sh
[21.125s] -- Installing: /home/nathan/mapping_test/ws_livox/install/livox_ros_driver2/share/livox_ros_driver2/environment/path.dsv
[21.125s] -- Installing: /home/nathan/mapping_test/ws_livox/install/livox_ros_driver2/share/livox_ros_driver2/local_setup.bash
[21.125s] -- Installing: /home/nathan/mapping_test/ws_livox/install/livox_ros_driver2/share/livox_ros_driver2/local_setup.sh
[21.126s] -- Installing: /home/nathan/mapping_test/ws_livox/install/livox_ros_driver2/share/livox_ros_driver2/local_setup.zsh
[21.126s] -- Installing: /home/nathan/mapping_test/ws_livox/install/livox_ros_driver2/share/livox_ros_driver2/local_setup.dsv
[21.126s] -- Installing: /home/nathan/mapping_test/ws_livox/install/livox_ros_driver2/share/livox_ros_driver2/package.dsv
[21.126s] -- Installing: /home/nathan/mapping_test/ws_livox/install/livox_ros_driver2/share/ament_index/resource_index/packages/livox_ros_driver2
[21.127s] -- Installing: /home/nathan/mapping_test/ws_livox/install/livox_ros_driver2/share/livox_ros_driver2/cmake/export_livox_interfaces2__rosidl_generator_cExport.cmake
[21.127s] -- Installing: /home/nathan/mapping_test/ws_livox/install/livox_ros_driver2/share/livox_ros_driver2/cmake/export_livox_interfaces2__rosidl_generator_cExport-noconfig.cmake
[21.127s] -- Installing: /home/nathan/mapping_test/ws_livox/install/livox_ros_driver2/share/livox_ros_driver2/cmake/export_livox_interfaces2__rosidl_typesupport_fastrtps_cExport.cmake
[21.127s] -- Installing: /home/nathan/mapping_test/ws_livox/install/livox_ros_driver2/share/livox_ros_driver2/cmake/export_livox_interfaces2__rosidl_typesupport_fastrtps_cExport-noconfig.cmake
[21.128s] -- Installing: /home/nathan/mapping_test/ws_livox/install/livox_ros_driver2/share/livox_ros_driver2/cmake/livox_interfaces2__rosidl_typesupport_introspection_cExport.cmake
[21.128s] -- Installing: /home/nathan/mapping_test/ws_livox/install/livox_ros_driver2/share/livox_ros_driver2/cmake/livox_interfaces2__rosidl_typesupport_introspection_cExport-noconfig.cmake
[21.128s] -- Installing: /home/nathan/mapping_test/ws_livox/install/livox_ros_driver2/share/livox_ros_driver2/cmake/livox_interfaces2__rosidl_typesupport_cExport.cmake
[21.128s] -- Installing: /home/nathan/mapping_test/ws_livox/install/livox_ros_driver2/share/livox_ros_driver2/cmake/livox_interfaces2__rosidl_typesupport_cExport-noconfig.cmake
[21.129s] -- Installing: /home/nathan/mapping_test/ws_livox/install/livox_ros_driver2/share/livox_ros_driver2/cmake/export_livox_interfaces2__rosidl_generator_cppExport.cmake
[21.129s] -- Installing: /home/nathan/mapping_test/ws_livox/install/livox_ros_driver2/share/livox_ros_driver2/cmake/export_livox_interfaces2__rosidl_typesupport_fastrtps_cppExport.cmake
[21.129s] -- Installing: /home/nathan/mapping_test/ws_livox/install/livox_ros_driver2/share/livox_ros_driver2/cmake/export_livox_interfaces2__rosidl_typesupport_fastrtps_cppExport-noconfig.cmake
[21.129s] -- Installing: /home/nathan/mapping_test/ws_livox/install/livox_ros_driver2/share/livox_ros_driver2/cmake/livox_interfaces2__rosidl_typesupport_introspection_cppExport.cmake
[21.130s] -- Installing: /home/nathan/mapping_test/ws_livox/install/livox_ros_driver2/share/livox_ros_driver2/cmake/livox_interfaces2__rosidl_typesupport_introspection_cppExport-noconfig.cmake
[21.130s] -- Installing: /home/nathan/mapping_test/ws_livox/install/livox_ros_driver2/share/livox_ros_driver2/cmake/livox_interfaces2__rosidl_typesupport_cppExport.cmake
[21.130s] -- Installing: /home/nathan/mapping_test/ws_livox/install/livox_ros_driver2/share/livox_ros_driver2/cmake/livox_interfaces2__rosidl_typesupport_cppExport-noconfig.cmake
[21.130s] -- Installing: /home/nathan/mapping_test/ws_livox/install/livox_ros_driver2/share/livox_ros_driver2/cmake/export_livox_interfaces2__rosidl_generator_pyExport.cmake
[21.131s] -- Installing: /home/nathan/mapping_test/ws_livox/install/livox_ros_driver2/share/livox_ros_driver2/cmake/export_livox_interfaces2__rosidl_generator_pyExport-noconfig.cmake
[21.131s] -- Installing: /home/nathan/mapping_test/ws_livox/install/livox_ros_driver2/share/ament_index/resource_index/rclcpp_components/livox_ros_driver2
[21.131s] -- Installing: /home/nathan/mapping_test/ws_livox/install/livox_ros_driver2/share/livox_ros_driver2/cmake/rosidl_cmake-extras.cmake
[21.131s] -- Installing: /home/nathan/mapping_test/ws_livox/install/livox_ros_driver2/share/livox_ros_driver2/cmake/ament_cmake_export_dependencies-extras.cmake
[21.131s] -- Installing: /home/nathan/mapping_test/ws_livox/install/livox_ros_driver2/share/livox_ros_driver2/cmake/ament_cmake_export_include_directories-extras.cmake
[21.132s] -- Installing: /home/nathan/mapping_test/ws_livox/install/livox_ros_driver2/share/livox_ros_driver2/cmake/ament_cmake_export_libraries-extras.cmake
[21.132s] -- Installing: /home/nathan/mapping_test/ws_livox/install/livox_ros_driver2/share/livox_ros_driver2/cmake/ament_cmake_export_targets-extras.cmake
[21.132s] -- Installing: /home/nathan/mapping_test/ws_livox/install/livox_ros_driver2/share/livox_ros_driver2/cmake/rosidl_cmake_export_typesupport_targets-extras.cmake
[21.132s] -- Installing: /home/nathan/mapping_test/ws_livox/install/livox_ros_driver2/share/livox_ros_driver2/cmake/rosidl_cmake_export_typesupport_libraries-extras.cmake
[21.133s] -- Installing: /home/nathan/mapping_test/ws_livox/install/livox_ros_driver2/share/livox_ros_driver2/cmake/livox_ros_driver2Config.cmake
[21.133s] -- Installing: /home/nathan/mapping_test/ws_livox/install/livox_ros_driver2/share/livox_ros_driver2/cmake/livox_ros_driver2Config-version.cmake
[21.133s] -- Installing: /home/nathan/mapping_test/ws_livox/install/livox_ros_driver2/share/livox_ros_driver2/package.xml
[21.136s] Invoked command in '/home/nathan/mapping_test/ws_livox/build/livox_ros_driver2' returned '0': CMAKE_PREFIX_PATH=${CMAKE_PREFIX_PATH}:/opt/ros/humble /usr/bin/cmake --install /home/nathan/mapping_test/ws_livox/build/livox_ros_driver2
