[0.022s] Invoking command in '/home/nathan/mapping_test/ws_livox/build/livox_ros_driver2': CMAKE_PREFIX_PATH=${CMAKE_PREFIX_PATH}:/home/nathan/mapping_test/ws_livox/install/ros2_camera_publish:/opt/ros/humble /usr/bin/cmake --build /home/nathan/mapping_test/ws_livox/build/livox_ros_driver2 -- -j8 -l8
[0.059s] -- livox_ros_driver2 version: 1.2.4
[0.060s] -- Found ament_cmake_auto: 1.3.11 (/opt/ros/humble/share/ament_cmake_auto/cmake)
[0.283s] -- Using all available rosidl_typesupport_c: rosidl_typesupport_fastrtps_c;rosidl_typesupport_introspection_c
[0.286s] -- Found rosidl_adapter: 3.1.6 (/opt/ros/humble/share/rosidl_adapter/cmake)
[0.323s] -- Using all available rosidl_typesupport_cpp: rosidl_typesupport_fastrtps_cpp;rosidl_typesupport_introspection_cpp
[0.405s] -- Found rmw_implementation_cmake: 6.1.2 (/opt/ros/humble/share/rmw_implementation_cmake/cmake)
[0.407s] -- Found rmw_fastrtps_cpp: 6.2.7 (/opt/ros/humble/share/rmw_fastrtps_cpp/cmake)
[0.539s] -- Using RMW implementation 'rmw_fastrtps_cpp' as default
[0.707s] -- Eigen found (include: /usr/include/eigen3, version: 3.4.0)
[0.745s] -- FLANN found (include: /usr/include, lib: /usr/lib/x86_64-linux-gnu/libflann_cpp.so)
[1.101s] -- OpenNI found (version: 1.5.4.0, include: /usr/include/ni, lib: /usr/lib/libOpenNI.so;libusb::libusb)
[1.108s] -- OpenNI2 found (version: 2.2.0.33, include: /usr/include/openni2, lib: /usr/lib/x86_64-linux-gnu/libOpenNI2.so;libusb::libusb)
[1.295s] -- Eigen found (include: /usr/include/eigen3, version: 3.4.0)
[1.303s] -- OpenNI found (version: 1.5.4.0, include: /usr/include/ni, lib: /usr/lib/libOpenNI.so;libusb::libusb)
[1.310s] -- OpenNI2 found (version: 2.2.0.33, include: /usr/include/openni2, lib: /usr/lib/x86_64-linux-gnu/libOpenNI2.so;libusb::libusb)
[1.477s] -- Found Qhull version 8.0.2
[1.645s] -- OpenNI found (version: 1.5.4.0, include: /usr/include/ni, lib: /usr/lib/libOpenNI.so;libusb::libusb)
[1.872s] -- Checking for module 'apr-1'
[1.875s] --   No package 'apr-1' found
[2.119s] -- Found ament_cmake_ros: 0.10.0 (/opt/ros/humble/share/ament_cmake_ros/cmake)
[2.368s] -- Using all available rosidl_typesupport_c: rosidl_typesupport_fastrtps_c;rosidl_typesupport_introspection_c
[2.690s] -- Using all available rosidl_typesupport_cpp: rosidl_typesupport_fastrtps_cpp;rosidl_typesupport_introspection_cpp
[2.716s] -- Found python_cmake_module: 0.10.0 (/opt/ros/humble/share/python_cmake_module/cmake)
[2.744s] -- Using PYTHON_EXECUTABLE: /usr/bin/python3
[2.744s] -- Using PYTHON_INCLUDE_DIRS: /usr/include/python3.10
[2.744s] -- Using PYTHON_LIBRARIES: /usr/lib/x86_64-linux-gnu/libpython3.10.so
[2.789s] -- Found ament_lint_auto: 0.12.12 (/opt/ros/humble/share/ament_lint_auto/cmake)
[2.800s] -- Added test 'copyright' to check source files copyright and LICENSE
[2.810s] -- Added test 'cppcheck' to perform static code analysis on C / C++ code
[2.811s] -- Configured cppcheck include dirs: /home/nathan/mapping_test/ws_livox/src/livox_ros_driver2/3rdparty;/home/nathan/mapping_test/ws_livox/src/livox_ros_driver2/src
[2.811s] -- Configured cppcheck exclude dirs and/or files: 
[2.821s] -- Added test 'cpplint' to check C / C++ code against the Google style
[2.821s] -- Configured cpplint exclude dirs and/or files: 
[2.822s] -- Added test 'flake8' to check Python code syntax and style conventions
[2.825s] -- Added test 'lint_cmake' to check CMake code style
[2.826s] -- Added test 'pep257' to check Python code against some of the docstring style conventions in PEP 257
[2.836s] -- Added test 'uncrustify' to check C / C++ code style
[2.836s] -- Configured uncrustify additional arguments: 
[2.838s] -- Added test 'xmllint' to check XML markup files
[2.840s] -- Configuring done
[2.938s] -- Generating done
[2.967s] -- Build files have been written to: /home/nathan/mapping_test/ws_livox/build/livox_ros_driver2
[3.020s] [  1%] [34m[1mGenerating C code for ROS interfaces[0m
[3.023s] [35m[1mConsolidate compiler generated dependencies of target livox_ros_driver2_node[0m
[3.032s] [  3%] [34m[1mGenerating C++ code for ROS interfaces[0m
[3.046s] [  3%] Built target ament_cmake_python_copy_livox_ros_driver2
[3.049s] [  7%] Built target livox_ros_driver2_node
[3.453s] running egg_info
[3.454s] writing livox_ros_driver2.egg-info/PKG-INFO
[3.455s] writing dependency_links to livox_ros_driver2.egg-info/dependency_links.txt
[3.455s] writing top-level names to livox_ros_driver2.egg-info/top_level.txt
[3.459s] reading manifest file 'livox_ros_driver2.egg-info/SOURCES.txt'
[3.460s] writing manifest file 'livox_ros_driver2.egg-info/SOURCES.txt'
[3.499s] [  7%] Built target ament_cmake_python_build_livox_ros_driver2_egg
[3.598s] [35m[1mConsolidate compiler generated dependencies of target livox_interfaces2__rosidl_generator_c[0m
[3.611s] [  7%] Built target livox_interfaces2__cpp
[3.617s] [  8%] [32mBuilding C object CMakeFiles/livox_interfaces2__rosidl_generator_c.dir/rosidl_generator_c/livox_ros_driver2/msg/detail/custom_point__functions.c.o[0m
[3.617s] [ 10%] [32mBuilding C object CMakeFiles/livox_interfaces2__rosidl_generator_c.dir/rosidl_generator_c/livox_ros_driver2/msg/detail/custom_msg__functions.c.o[0m
[3.625s] [ 12%] [34m[1mGenerating C++ type support dispatch for ROS interfaces[0m
[3.625s] [ 14%] [34m[1mGenerating C++ type support for eProsima Fast-RTPS[0m
[3.628s] [ 15%] [34m[1mGenerating C++ introspection for ROS interfaces[0m
[3.683s] [ 17%] [32m[1mLinking C shared library liblivox_ros_driver2__rosidl_generator_c.so[0m
[3.731s] [ 17%] Built target livox_interfaces2__rosidl_generator_c
[3.747s] [ 19%] [34m[1mGenerating C type support dispatch for ROS interfaces[0m
[3.748s] [ 22%] [34m[1mGenerating C type support for eProsima Fast-RTPS[0m
[3.748s] [ 22%] [34m[1mGenerating C introspection for ROS interfaces[0m
[4.313s] [35m[1mConsolidate compiler generated dependencies of target livox_interfaces2__rosidl_typesupport_fastrtps_c[0m
[4.338s] [ 24%] [32mBuilding CXX object CMakeFiles/livox_interfaces2__rosidl_typesupport_fastrtps_c.dir/rosidl_typesupport_fastrtps_c/livox_ros_driver2/msg/detail/custom_msg__type_support_c.cpp.o[0m
[4.338s] [ 26%] [32mBuilding CXX object CMakeFiles/livox_interfaces2__rosidl_typesupport_fastrtps_c.dir/rosidl_typesupport_fastrtps_c/livox_ros_driver2/msg/detail/custom_point__type_support_c.cpp.o[0m
[4.348s] [35m[1mConsolidate compiler generated dependencies of target livox_interfaces2__rosidl_typesupport_cpp[0m
[4.376s] [ 28%] [32mBuilding CXX object CMakeFiles/livox_interfaces2__rosidl_typesupport_cpp.dir/rosidl_typesupport_cpp/livox_ros_driver2/msg/custom_msg__type_support.cpp.o[0m
[4.384s] [ 29%] [32mBuilding CXX object CMakeFiles/livox_interfaces2__rosidl_typesupport_cpp.dir/rosidl_typesupport_cpp/livox_ros_driver2/msg/custom_point__type_support.cpp.o[0m
[4.478s] [35m[1mConsolidate compiler generated dependencies of target livox_interfaces2__rosidl_typesupport_introspection_cpp[0m
[4.487s] [35m[1mConsolidate compiler generated dependencies of target livox_interfaces2__rosidl_typesupport_c[0m
[4.487s] [35m[1mConsolidate compiler generated dependencies of target livox_interfaces2__rosidl_typesupport_fastrtps_cpp[0m
[4.502s] [ 31%] [32mBuilding CXX object CMakeFiles/livox_interfaces2__rosidl_typesupport_c.dir/rosidl_typesupport_c/livox_ros_driver2/msg/custom_point__type_support.cpp.o[0m
[4.521s] [ 33%] [32mBuilding CXX object CMakeFiles/livox_interfaces2__rosidl_typesupport_introspection_cpp.dir/rosidl_typesupport_introspection_cpp/livox_ros_driver2/msg/detail/custom_point__type_support.cpp.o[0m
[4.524s] [ 35%] [32mBuilding CXX object CMakeFiles/livox_interfaces2__rosidl_typesupport_fastrtps_cpp.dir/rosidl_typesupport_fastrtps_cpp/livox_ros_driver2/msg/detail/dds_fastrtps/custom_point__type_support.cpp.o[0m
[4.546s] [35m[1mConsolidate compiler generated dependencies of target livox_interfaces2__rosidl_typesupport_introspection_c[0m
[4.575s] [ 36%] [32mBuilding C object CMakeFiles/livox_interfaces2__rosidl_typesupport_introspection_c.dir/rosidl_typesupport_introspection_c/livox_ros_driver2/msg/detail/custom_point__type_support.c.o[0m
[4.606s] [ 38%] [32mBuilding CXX object CMakeFiles/livox_interfaces2__rosidl_typesupport_c.dir/rosidl_typesupport_c/livox_ros_driver2/msg/custom_msg__type_support.cpp.o[0m
[4.681s] [ 40%] [32m[1mLinking CXX shared library liblivox_ros_driver2__rosidl_typesupport_c.so[0m
[4.708s] [ 42%] [32mBuilding C object CMakeFiles/livox_interfaces2__rosidl_typesupport_introspection_c.dir/rosidl_typesupport_introspection_c/livox_ros_driver2/msg/detail/custom_msg__type_support.c.o[0m
[4.816s] [ 42%] Built target livox_interfaces2__rosidl_typesupport_c
[4.825s] [ 43%] [32m[1mLinking C shared library liblivox_ros_driver2__rosidl_typesupport_introspection_c.so[0m
[4.843s] [ 45%] [32mBuilding CXX object CMakeFiles/livox_interfaces2__rosidl_typesupport_fastrtps_cpp.dir/rosidl_typesupport_fastrtps_cpp/livox_ros_driver2/msg/detail/dds_fastrtps/custom_msg__type_support.cpp.o[0m
[4.902s] [ 45%] Built target livox_interfaces2__rosidl_typesupport_introspection_c
[4.919s] [ 47%] [32mBuilding CXX object CMakeFiles/livox_interfaces2__rosidl_typesupport_introspection_cpp.dir/rosidl_typesupport_introspection_cpp/livox_ros_driver2/msg/detail/custom_msg__type_support.cpp.o[0m
[5.001s] [ 49%] [32m[1mLinking CXX shared library liblivox_ros_driver2__rosidl_typesupport_cpp.so[0m
[5.073s] [ 50%] [32m[1mLinking CXX shared library liblivox_ros_driver2__rosidl_typesupport_fastrtps_c.so[0m
[5.082s] [ 50%] Built target livox_interfaces2__rosidl_typesupport_cpp
[5.111s] [35m[1mConsolidate compiler generated dependencies of target livox_ros_driver2[0m
[5.209s] [ 52%] [32mBuilding CXX object CMakeFiles/livox_ros_driver2.dir/src/livox_ros_driver2.cpp.o[0m
[5.209s] [ 54%] [32mBuilding CXX object CMakeFiles/livox_ros_driver2.dir/src/lddc.cpp.o[0m
[5.221s] [ 56%] [32mBuilding CXX object CMakeFiles/livox_ros_driver2.dir/src/driver_node.cpp.o[0m
[5.241s] [ 56%] Built target livox_interfaces2__rosidl_typesupport_fastrtps_c
[5.661s] [ 57%] [32m[1mLinking CXX shared library liblivox_ros_driver2__rosidl_typesupport_fastrtps_cpp.so[0m
[5.662s] [ 59%] [32m[1mLinking CXX shared library liblivox_ros_driver2__rosidl_typesupport_introspection_cpp.so[0m
[5.773s] [ 59%] Built target livox_interfaces2__rosidl_typesupport_fastrtps_cpp
[5.806s] [ 59%] Built target livox_interfaces2__rosidl_typesupport_introspection_cpp
[5.831s] [ 59%] Built target livox_interfaces2
[5.857s] [ 61%] [34m[1mGenerating Python code for ROS interfaces[0m
[6.688s] [ 61%] Built target livox_interfaces2__py
[6.700s] [35m[1mConsolidate compiler generated dependencies of target livox_interfaces2__rosidl_generator_py[0m
[6.723s] [ 63%] [32mBuilding C object CMakeFiles/livox_interfaces2__rosidl_generator_py.dir/rosidl_generator_py/livox_ros_driver2/msg/_custom_msg_s.c.o[0m
[6.723s] [ 64%] [32mBuilding C object CMakeFiles/livox_interfaces2__rosidl_generator_py.dir/rosidl_generator_py/livox_ros_driver2/msg/_custom_point_s.c.o[0m
[6.923s] [ 66%] [32m[1mLinking C shared library rosidl_generator_py/livox_ros_driver2/liblivox_interfaces2__rosidl_generator_py.so[0m
[6.985s] [ 66%] Built target livox_interfaces2__rosidl_generator_py
[7.002s] [35m[1mConsolidate compiler generated dependencies of target livox_ros_driver2__rosidl_typesupport_c__pyext[0m
[7.005s] [35m[1mConsolidate compiler generated dependencies of target livox_ros_driver2__rosidl_typesupport_introspection_c__pyext[0m
[7.005s] [35m[1mConsolidate compiler generated dependencies of target livox_ros_driver2__rosidl_typesupport_fastrtps_c__pyext[0m
[7.024s] [ 68%] [32mBuilding C object CMakeFiles/livox_ros_driver2__rosidl_typesupport_c__pyext.dir/rosidl_generator_py/livox_ros_driver2/_livox_ros_driver2_s.ep.rosidl_typesupport_c.c.o[0m
[7.024s] [ 70%] [32mBuilding C object CMakeFiles/livox_ros_driver2__rosidl_typesupport_fastrtps_c__pyext.dir/rosidl_generator_py/livox_ros_driver2/_livox_ros_driver2_s.ep.rosidl_typesupport_fastrtps_c.c.o[0m
[7.029s] [ 71%] [32mBuilding C object CMakeFiles/livox_ros_driver2__rosidl_typesupport_introspection_c__pyext.dir/rosidl_generator_py/livox_ros_driver2/_livox_ros_driver2_s.ep.rosidl_typesupport_introspection_c.c.o[0m
[7.224s] [ 73%] [32m[1mLinking C shared library rosidl_generator_py/livox_ros_driver2/livox_ros_driver2_s__rosidl_typesupport_c.cpython-310-x86_64-linux-gnu.so[0m
[7.244s] [ 75%] [32m[1mLinking C shared library rosidl_generator_py/livox_ros_driver2/livox_ros_driver2_s__rosidl_typesupport_introspection_c.cpython-310-x86_64-linux-gnu.so[0m
[7.244s] [ 77%] [32m[1mLinking C shared library rosidl_generator_py/livox_ros_driver2/livox_ros_driver2_s__rosidl_typesupport_fastrtps_c.cpython-310-x86_64-linux-gnu.so[0m
[7.290s] [ 77%] Built target livox_ros_driver2__rosidl_typesupport_c__pyext
[7.320s] [ 77%] Built target livox_ros_driver2__rosidl_typesupport_introspection_c__pyext
[7.320s] [ 77%] Built target livox_ros_driver2__rosidl_typesupport_fastrtps_c__pyext
[11.939s] [01m[K/home/nathan/mapping_test/ws_livox/src/livox_ros_driver2/src/lddc.cpp:[m[K In member function ‘[01m[Kvoid livox_ros::Lddc::FillPointsToCustomMsg(livox_ros::CustomMsg&, const livox_ros::StoragePacket&)[m[K’:
[11.940s] [01m[K/home/nathan/mapping_test/ws_livox/src/livox_ros_driver2/src/lddc.cpp:394:11:[m[K [01;31m[Kerror: [m[K‘[01m[Kusing CustomPoint = using CustomPoint = struct livox_ros_driver2::msg::CustomPoint_<std::allocator<void> >[m[K’ {aka ‘[01m[Kstruct livox_ros_driver2::msg::CustomPoint_<std::allocator<void> >[m[K’} has no member named ‘[01m[Kline[m[K’
[11.940s]   394 |     point.[01;31m[Kline[m[K = points[i].line;
[11.940s]       |           [01;31m[K^~~~[m[K
[11.940s] [01m[K/home/nathan/mapping_test/ws_livox/src/livox_ros_driver2/src/lddc.cpp:395:11:[m[K [01;31m[Kerror: [m[K‘[01m[Kusing CustomPoint = using CustomPoint = struct livox_ros_driver2::msg::CustomPoint_<std::allocator<void> >[m[K’ {aka ‘[01m[Kstruct livox_ros_driver2::msg::CustomPoint_<std::allocator<void> >[m[K’} has no member named ‘[01m[Koffset_time[m[K’; did you mean ‘[01m[Kset__time[m[K’?
[11.940s]   395 |     point.[01;31m[Koffset_time[m[K = static_cast<uint32_t>(points[i].offset_time - pkg.base_time);
[11.940s]       |           [01;31m[K^~~~~~~~~~~[m[K
[11.940s]       |           [32m[Kset__time[m[K
[13.399s] gmake[2]: *** [CMakeFiles/livox_ros_driver2.dir/build.make:90: CMakeFiles/livox_ros_driver2.dir/src/lddc.cpp.o] Error 1
[13.399s] gmake[1]: *** [CMakeFiles/Makefile2:595: CMakeFiles/livox_ros_driver2.dir/all] Error 2
[13.400s] gmake: *** [Makefile:146: all] Error 2
[13.403s] Invoked command in '/home/nathan/mapping_test/ws_livox/build/livox_ros_driver2' returned '2': CMAKE_PREFIX_PATH=${CMAKE_PREFIX_PATH}:/home/nathan/mapping_test/ws_livox/install/ros2_camera_publish:/opt/ros/humble /usr/bin/cmake --build /home/nathan/mapping_test/ws_livox/build/livox_ros_driver2 -- -j8 -l8
