[0.129s] DEBUG:colcon:Command line arguments: ['/usr/bin/colcon', 'build', '--cmake-args', '-DROS_EDITION=ROS2', '-DHUMBLE_ROS=humble']
[0.129s] DEBUG:colcon:Parsed command line arguments: Namespace(log_base=None, log_level=None, verb_name='build', build_base='build', install_base='install', merge_install=False, symlink_install=False, test_result_base=None, continue_on_error=False, executor='parallel', parallel_workers=8, event_handlers=None, ignore_user_meta=False, metas=['./colcon.meta'], base_paths=['.'], packages_ignore=None, packages_ignore_regex=None, paths=None, packages_up_to=None, packages_up_to_regex=None, packages_above=None, packages_above_and_dependencies=None, packages_above_depth=None, packages_select_by_dep=None, packages_skip_by_dep=None, packages_skip_up_to=None, packages_select_build_failed=False, packages_skip_build_finished=False, packages_select_test_failures=False, packages_skip_test_passed=False, packages_select=None, packages_skip=None, packages_select_regex=None, packages_skip_regex=None, packages_start=None, packages_end=None, allow_overriding=[], cmake_args=['-DROS_EDITION=ROS2', '-DHUMBLE_ROS=humble'], cmake_target=None, cmake_target_skip_unavailable=False, cmake_clean_cache=False, cmake_clean_first=False, cmake_force_configure=False, ament_cmake_args=None, catkin_cmake_args=None, catkin_skip_building_tests=False, mixin_files=None, mixin=None, verb_parser=<colcon_mixin.mixin.mixin_argument.MixinArgumentDecorator object at 0x7b4b75a66890>, verb_extension=<colcon_core.verb.build.BuildVerb object at 0x7b4b75b77820>, main=<bound method BuildVerb.main of <colcon_core.verb.build.BuildVerb object at 0x7b4b75b77820>>, mixin_verb=('build',))
[0.350s] Level 1:colcon.colcon_core.package_discovery:discover_packages(colcon_meta) check parameters
[0.350s] Level 1:colcon.colcon_core.package_discovery:discover_packages(recursive) check parameters
[0.350s] Level 1:colcon.colcon_core.package_discovery:discover_packages(ignore) check parameters
[0.350s] Level 1:colcon.colcon_core.package_discovery:discover_packages(path) check parameters
[0.350s] Level 1:colcon.colcon_core.package_discovery:discover_packages(colcon_meta) discover
[0.350s] Level 1:colcon.colcon_core.package_discovery:discover_packages(recursive) discover
[0.350s] INFO:colcon.colcon_core.package_discovery:Crawling recursively for packages in '/home/nathan/mapping_test/ws_livox'
[0.351s] Level 1:colcon.colcon_core.package_identification:_identify(.) by extensions ['ignore', 'ignore_ament_install']
[0.351s] Level 1:colcon.colcon_core.package_identification:_identify(.) by extension 'ignore'
[0.351s] Level 1:colcon.colcon_core.package_identification:_identify(.) by extension 'ignore_ament_install'
[0.351s] Level 1:colcon.colcon_core.package_identification:_identify(.) by extensions ['colcon_pkg']
[0.351s] Level 1:colcon.colcon_core.package_identification:_identify(.) by extension 'colcon_pkg'
[0.351s] Level 1:colcon.colcon_core.package_identification:_identify(.) by extensions ['colcon_meta']
[0.351s] Level 1:colcon.colcon_core.package_identification:_identify(.) by extension 'colcon_meta'
[0.351s] Level 1:colcon.colcon_core.package_identification:_identify(.) by extensions ['ros']
[0.351s] Level 1:colcon.colcon_core.package_identification:_identify(.) by extension 'ros'
[0.363s] Level 1:colcon.colcon_core.package_identification:_identify(.) by extensions ['cmake', 'python']
[0.363s] Level 1:colcon.colcon_core.package_identification:_identify(.) by extension 'cmake'
[0.364s] Level 1:colcon.colcon_core.package_identification:_identify(.) by extension 'python'
[0.364s] Level 1:colcon.colcon_core.package_identification:_identify(.) by extensions ['python_setup_py']
[0.364s] Level 1:colcon.colcon_core.package_identification:_identify(.) by extension 'python_setup_py'
[0.364s] Level 1:colcon.colcon_core.package_identification:_identify(build) by extensions ['ignore', 'ignore_ament_install']
[0.364s] Level 1:colcon.colcon_core.package_identification:_identify(build) by extension 'ignore'
[0.364s] Level 1:colcon.colcon_core.package_identification:_identify(build) ignored
[0.364s] Level 1:colcon.colcon_core.package_identification:_identify(install) by extensions ['ignore', 'ignore_ament_install']
[0.364s] Level 1:colcon.colcon_core.package_identification:_identify(install) by extension 'ignore'
[0.365s] Level 1:colcon.colcon_core.package_identification:_identify(install) ignored
[0.365s] Level 1:colcon.colcon_core.package_identification:_identify(log) by extensions ['ignore', 'ignore_ament_install']
[0.365s] Level 1:colcon.colcon_core.package_identification:_identify(log) by extension 'ignore'
[0.365s] Level 1:colcon.colcon_core.package_identification:_identify(log) ignored
[0.365s] Level 1:colcon.colcon_core.package_identification:_identify(src) by extensions ['ignore', 'ignore_ament_install']
[0.365s] Level 1:colcon.colcon_core.package_identification:_identify(src) by extension 'ignore'
[0.365s] Level 1:colcon.colcon_core.package_identification:_identify(src) by extension 'ignore_ament_install'
[0.365s] Level 1:colcon.colcon_core.package_identification:_identify(src) by extensions ['colcon_pkg']
[0.365s] Level 1:colcon.colcon_core.package_identification:_identify(src) by extension 'colcon_pkg'
[0.365s] Level 1:colcon.colcon_core.package_identification:_identify(src) by extensions ['colcon_meta']
[0.365s] Level 1:colcon.colcon_core.package_identification:_identify(src) by extension 'colcon_meta'
[0.365s] Level 1:colcon.colcon_core.package_identification:_identify(src) by extensions ['ros']
[0.365s] Level 1:colcon.colcon_core.package_identification:_identify(src) by extension 'ros'
[0.365s] Level 1:colcon.colcon_core.package_identification:_identify(src) by extensions ['cmake', 'python']
[0.366s] Level 1:colcon.colcon_core.package_identification:_identify(src) by extension 'cmake'
[0.366s] Level 1:colcon.colcon_core.package_identification:_identify(src) by extension 'python'
[0.366s] Level 1:colcon.colcon_core.package_identification:_identify(src) by extensions ['python_setup_py']
[0.366s] Level 1:colcon.colcon_core.package_identification:_identify(src) by extension 'python_setup_py'
[0.366s] Level 1:colcon.colcon_core.package_identification:_identify(src/livox_ros_driver2) by extensions ['ignore', 'ignore_ament_install']
[0.366s] Level 1:colcon.colcon_core.package_identification:_identify(src/livox_ros_driver2) by extension 'ignore'
[0.366s] Level 1:colcon.colcon_core.package_identification:_identify(src/livox_ros_driver2) by extension 'ignore_ament_install'
[0.366s] Level 1:colcon.colcon_core.package_identification:_identify(src/livox_ros_driver2) by extensions ['colcon_pkg']
[0.366s] Level 1:colcon.colcon_core.package_identification:_identify(src/livox_ros_driver2) by extension 'colcon_pkg'
[0.366s] Level 1:colcon.colcon_core.package_identification:_identify(src/livox_ros_driver2) by extensions ['colcon_meta']
[0.366s] Level 1:colcon.colcon_core.package_identification:_identify(src/livox_ros_driver2) by extension 'colcon_meta'
[0.366s] Level 1:colcon.colcon_core.package_identification:_identify(src/livox_ros_driver2) by extensions ['ros']
[0.366s] Level 1:colcon.colcon_core.package_identification:_identify(src/livox_ros_driver2) by extension 'ros'
[0.370s] DEBUG:colcon.colcon_core.package_identification:Package 'src/livox_ros_driver2' with type 'ros.ament_cmake' and name 'livox_ros_driver2'
[0.370s] Level 1:colcon.colcon_core.package_identification:_identify(src/ros2_camera_publish) by extensions ['ignore', 'ignore_ament_install']
[0.378s] Level 1:colcon.colcon_core.package_identification:_identify(src/ros2_camera_publish) by extension 'ignore'
[0.378s] Level 1:colcon.colcon_core.package_identification:_identify(src/ros2_camera_publish) by extension 'ignore_ament_install'
[0.378s] Level 1:colcon.colcon_core.package_identification:_identify(src/ros2_camera_publish) by extensions ['colcon_pkg']
[0.379s] Level 1:colcon.colcon_core.package_identification:_identify(src/ros2_camera_publish) by extension 'colcon_pkg'
[0.379s] Level 1:colcon.colcon_core.package_identification:_identify(src/ros2_camera_publish) by extensions ['colcon_meta']
[0.379s] Level 1:colcon.colcon_core.package_identification:_identify(src/ros2_camera_publish) by extension 'colcon_meta'
[0.379s] Level 1:colcon.colcon_core.package_identification:_identify(src/ros2_camera_publish) by extensions ['ros']
[0.379s] Level 1:colcon.colcon_core.package_identification:_identify(src/ros2_camera_publish) by extension 'ros'
[0.379s] DEBUG:colcon.colcon_core.package_identification:Package 'src/ros2_camera_publish' with type 'ros.ament_python' and name 'ros2_camera_publish'
[0.380s] Level 1:colcon.colcon_core.package_discovery:discover_packages(recursive) using defaults
[0.380s] Level 1:colcon.colcon_core.package_discovery:discover_packages(ignore) discover
[0.380s] Level 1:colcon.colcon_core.package_discovery:discover_packages(ignore) using defaults
[0.380s] Level 1:colcon.colcon_core.package_discovery:discover_packages(path) discover
[0.380s] Level 1:colcon.colcon_core.package_discovery:discover_packages(path) using defaults
[0.401s] Level 1:colcon.colcon_core.package_discovery:discover_packages(prefix_path) check parameters
[0.401s] Level 1:colcon.colcon_core.package_discovery:discover_packages(prefix_path) discover
[0.402s] WARNING:colcon.colcon_ros.prefix_path.ament:The path '/home/nathan/mapping_test/ws_livox/install/livox_ros_driver2' in the environment variable AMENT_PREFIX_PATH doesn't exist
[0.402s] WARNING:colcon.colcon_ros.prefix_path.catkin:The path '/home/nathan/mapping_test/ws_livox/install/livox_ros_driver2' in the environment variable CMAKE_PREFIX_PATH doesn't exist
[0.403s] DEBUG:colcon.colcon_installed_package_information.package_discovery:Found 0 installed packages in /home/nathan/mapping_test/ws_livox/install
[0.403s] DEBUG:colcon.colcon_installed_package_information.package_discovery:Found 1 installed packages in /home/nathan/mapping_test/Livox-SDK2/install
[0.406s] DEBUG:colcon.colcon_installed_package_information.package_discovery:Found 421 installed packages in /opt/ros/humble
[0.408s] Level 1:colcon.colcon_core.package_discovery:discover_packages(prefix_path) using defaults
[0.470s] Level 5:colcon.colcon_core.verb:set package 'livox_ros_driver2' build argument 'cmake_args' from command line to '['-DROS_EDITION=ROS2', '-DHUMBLE_ROS=humble']'
[0.470s] Level 5:colcon.colcon_core.verb:set package 'livox_ros_driver2' build argument 'cmake_target' from command line to 'None'
[0.470s] Level 5:colcon.colcon_core.verb:set package 'livox_ros_driver2' build argument 'cmake_target_skip_unavailable' from command line to 'False'
[0.470s] Level 5:colcon.colcon_core.verb:set package 'livox_ros_driver2' build argument 'cmake_clean_cache' from command line to 'False'
[0.470s] Level 5:colcon.colcon_core.verb:set package 'livox_ros_driver2' build argument 'cmake_clean_first' from command line to 'False'
[0.470s] Level 5:colcon.colcon_core.verb:set package 'livox_ros_driver2' build argument 'cmake_force_configure' from command line to 'False'
[0.470s] Level 5:colcon.colcon_core.verb:set package 'livox_ros_driver2' build argument 'ament_cmake_args' from command line to 'None'
[0.470s] Level 5:colcon.colcon_core.verb:set package 'livox_ros_driver2' build argument 'catkin_cmake_args' from command line to 'None'
[0.470s] Level 5:colcon.colcon_core.verb:set package 'livox_ros_driver2' build argument 'catkin_skip_building_tests' from command line to 'False'
[0.470s] DEBUG:colcon.colcon_core.verb:Building package 'livox_ros_driver2' with the following arguments: {'ament_cmake_args': None, 'build_base': '/home/nathan/mapping_test/ws_livox/build/livox_ros_driver2', 'catkin_cmake_args': None, 'catkin_skip_building_tests': False, 'cmake_args': ['-DROS_EDITION=ROS2', '-DHUMBLE_ROS=humble'], 'cmake_clean_cache': False, 'cmake_clean_first': False, 'cmake_force_configure': False, 'cmake_target': None, 'cmake_target_skip_unavailable': False, 'install_base': '/home/nathan/mapping_test/ws_livox/install/livox_ros_driver2', 'merge_install': False, 'path': '/home/nathan/mapping_test/ws_livox/src/livox_ros_driver2', 'symlink_install': False, 'test_result_base': None}
[0.471s] Level 5:colcon.colcon_core.verb:set package 'ros2_camera_publish' build argument 'cmake_args' from command line to '['-DROS_EDITION=ROS2', '-DHUMBLE_ROS=humble']'
[0.471s] Level 5:colcon.colcon_core.verb:set package 'ros2_camera_publish' build argument 'cmake_target' from command line to 'None'
[0.471s] Level 5:colcon.colcon_core.verb:set package 'ros2_camera_publish' build argument 'cmake_target_skip_unavailable' from command line to 'False'
[0.471s] Level 5:colcon.colcon_core.verb:set package 'ros2_camera_publish' build argument 'cmake_clean_cache' from command line to 'False'
[0.471s] Level 5:colcon.colcon_core.verb:set package 'ros2_camera_publish' build argument 'cmake_clean_first' from command line to 'False'
[0.471s] Level 5:colcon.colcon_core.verb:set package 'ros2_camera_publish' build argument 'cmake_force_configure' from command line to 'False'
[0.471s] Level 5:colcon.colcon_core.verb:set package 'ros2_camera_publish' build argument 'ament_cmake_args' from command line to 'None'
[0.471s] Level 5:colcon.colcon_core.verb:set package 'ros2_camera_publish' build argument 'catkin_cmake_args' from command line to 'None'
[0.471s] Level 5:colcon.colcon_core.verb:set package 'ros2_camera_publish' build argument 'catkin_skip_building_tests' from command line to 'False'
[0.471s] DEBUG:colcon.colcon_core.verb:Building package 'ros2_camera_publish' with the following arguments: {'ament_cmake_args': None, 'build_base': '/home/nathan/mapping_test/ws_livox/build/ros2_camera_publish', 'catkin_cmake_args': None, 'catkin_skip_building_tests': False, 'cmake_args': ['-DROS_EDITION=ROS2', '-DHUMBLE_ROS=humble'], 'cmake_clean_cache': False, 'cmake_clean_first': False, 'cmake_force_configure': False, 'cmake_target': None, 'cmake_target_skip_unavailable': False, 'install_base': '/home/nathan/mapping_test/ws_livox/install/ros2_camera_publish', 'merge_install': False, 'path': '/home/nathan/mapping_test/ws_livox/src/ros2_camera_publish', 'symlink_install': False, 'test_result_base': None}
[0.471s] INFO:colcon.colcon_core.executor:Executing jobs using 'parallel' executor
[0.473s] DEBUG:colcon.colcon_parallel_executor.executor.parallel:run_until_complete
[0.473s] INFO:colcon.colcon_ros.task.ament_cmake.build:Building ROS package in '/home/nathan/mapping_test/ws_livox/src/livox_ros_driver2' with build type 'ament_cmake'
[0.473s] INFO:colcon.colcon_cmake.task.cmake.build:Building CMake package in '/home/nathan/mapping_test/ws_livox/src/livox_ros_driver2'
[0.475s] INFO:colcon.colcon_core.plugin_system:Skipping extension 'colcon_core.shell.bat': Not used on non-Windows systems
[0.475s] INFO:colcon.colcon_core.shell:Skip shell extension 'powershell' for command environment: Not usable outside of PowerShell
[0.475s] DEBUG:colcon.colcon_core.shell:Skip shell extension 'dsv' for command environment
[0.481s] INFO:colcon.colcon_ros.task.ament_python.build:Building ROS package in '/home/nathan/mapping_test/ws_livox/src/ros2_camera_publish' with build type 'ament_python'
[0.482s] Level 1:colcon.colcon_core.shell:create_environment_hook('ros2_camera_publish', 'ament_prefix_path')
[0.482s] INFO:colcon.colcon_core.shell:Creating environment hook '/home/nathan/mapping_test/ws_livox/install/ros2_camera_publish/share/ros2_camera_publish/hook/ament_prefix_path.ps1'
[0.483s] INFO:colcon.colcon_core.shell:Creating environment descriptor '/home/nathan/mapping_test/ws_livox/install/ros2_camera_publish/share/ros2_camera_publish/hook/ament_prefix_path.dsv'
[0.484s] INFO:colcon.colcon_core.shell:Creating environment hook '/home/nathan/mapping_test/ws_livox/install/ros2_camera_publish/share/ros2_camera_publish/hook/ament_prefix_path.sh'
[0.486s] INFO:colcon.colcon_core.shell:Skip shell extension 'powershell' for command environment: Not usable outside of PowerShell
[0.486s] DEBUG:colcon.colcon_core.shell:Skip shell extension 'dsv' for command environment
[0.497s] DEBUG:colcon.colcon_core.event_handler.log_command:Invoking command in '/home/nathan/mapping_test/ws_livox/build/livox_ros_driver2': CMAKE_PREFIX_PATH=${CMAKE_PREFIX_PATH}:/opt/ros/humble /usr/bin/cmake /home/nathan/mapping_test/ws_livox/src/livox_ros_driver2 -DROS_EDITION=ROS2 -DHUMBLE_ROS=humble -DCMAKE_INSTALL_PREFIX=/home/nathan/mapping_test/ws_livox/install/livox_ros_driver2
[0.912s] INFO:colcon.colcon_core.task.python.build:Building Python package in '/home/nathan/mapping_test/ws_livox/src/ros2_camera_publish'
[0.912s] INFO:colcon.colcon_core.shell:Skip shell extension 'powershell' for command environment: Not usable outside of PowerShell
[0.912s] DEBUG:colcon.colcon_core.shell:Skip shell extension 'dsv' for command environment
[1.440s] DEBUG:colcon.colcon_core.event_handler.log_command:Invoking command in '/home/nathan/mapping_test/ws_livox/src/ros2_camera_publish': PYTHONPATH=/home/nathan/mapping_test/ws_livox/build/ros2_camera_publish/prefix_override:/usr/lib/python3/dist-packages/colcon_core/task/python/colcon_distutils_commands:/home/nathan/mapping_test/ws_livox/install/ros2_camera_publish/lib/python3.10/site-packages:${PYTHONPATH} /usr/bin/python3 -W ignore:setup.py install is deprecated -W ignore:easy_install command is deprecated setup.py egg_info --egg-base ../../build/ros2_camera_publish build --build-base /home/nathan/mapping_test/ws_livox/build/ros2_camera_publish/build install --record /home/nathan/mapping_test/ws_livox/build/ros2_camera_publish/install.log --install-scripts $base/lib/ros2_camera_publish --single-version-externally-managed install_data
[1.879s] DEBUG:colcon.colcon_core.event_handler.log_command:Invoked command in '/home/nathan/mapping_test/ws_livox/src/ros2_camera_publish' returned '0': PYTHONPATH=/home/nathan/mapping_test/ws_livox/build/ros2_camera_publish/prefix_override:/usr/lib/python3/dist-packages/colcon_core/task/python/colcon_distutils_commands:/home/nathan/mapping_test/ws_livox/install/ros2_camera_publish/lib/python3.10/site-packages:${PYTHONPATH} /usr/bin/python3 -W ignore:setup.py install is deprecated -W ignore:easy_install command is deprecated setup.py egg_info --egg-base ../../build/ros2_camera_publish build --build-base /home/nathan/mapping_test/ws_livox/build/ros2_camera_publish/build install --record /home/nathan/mapping_test/ws_livox/build/ros2_camera_publish/install.log --install-scripts $base/lib/ros2_camera_publish --single-version-externally-managed install_data
[1.882s] Level 1:colcon.colcon_core.environment:checking '/home/nathan/mapping_test/ws_livox/install/ros2_camera_publish' for CMake module files
[1.883s] Level 1:colcon.colcon_core.environment:checking '/home/nathan/mapping_test/ws_livox/install/ros2_camera_publish' for CMake config files
[1.884s] Level 1:colcon.colcon_core.environment:checking '/home/nathan/mapping_test/ws_livox/install/ros2_camera_publish/lib'
[1.884s] Level 1:colcon.colcon_core.environment:checking '/home/nathan/mapping_test/ws_livox/install/ros2_camera_publish/bin'
[1.884s] Level 1:colcon.colcon_core.environment:checking '/home/nathan/mapping_test/ws_livox/install/ros2_camera_publish/lib/pkgconfig/ros2_camera_publish.pc'
[1.884s] Level 1:colcon.colcon_core.environment:checking '/home/nathan/mapping_test/ws_livox/install/ros2_camera_publish/lib/python3.10/site-packages'
[1.885s] Level 1:colcon.colcon_core.shell:create_environment_hook('ros2_camera_publish', 'pythonpath')
[1.885s] INFO:colcon.colcon_core.shell:Creating environment hook '/home/nathan/mapping_test/ws_livox/install/ros2_camera_publish/share/ros2_camera_publish/hook/pythonpath.ps1'
[1.886s] INFO:colcon.colcon_core.shell:Creating environment descriptor '/home/nathan/mapping_test/ws_livox/install/ros2_camera_publish/share/ros2_camera_publish/hook/pythonpath.dsv'
[1.886s] INFO:colcon.colcon_core.shell:Creating environment hook '/home/nathan/mapping_test/ws_livox/install/ros2_camera_publish/share/ros2_camera_publish/hook/pythonpath.sh'
[1.887s] Level 1:colcon.colcon_core.environment:checking '/home/nathan/mapping_test/ws_livox/install/ros2_camera_publish/bin'
[1.887s] Level 1:colcon.colcon_core.environment:create_environment_scripts_only(ros2_camera_publish)
[1.888s] INFO:colcon.colcon_core.shell:Creating package script '/home/nathan/mapping_test/ws_livox/install/ros2_camera_publish/share/ros2_camera_publish/package.ps1'
[1.889s] INFO:colcon.colcon_core.shell:Creating package descriptor '/home/nathan/mapping_test/ws_livox/install/ros2_camera_publish/share/ros2_camera_publish/package.dsv'
[1.890s] INFO:colcon.colcon_core.shell:Creating package script '/home/nathan/mapping_test/ws_livox/install/ros2_camera_publish/share/ros2_camera_publish/package.sh'
[1.891s] INFO:colcon.colcon_core.shell:Creating package script '/home/nathan/mapping_test/ws_livox/install/ros2_camera_publish/share/ros2_camera_publish/package.bash'
[1.892s] INFO:colcon.colcon_core.shell:Creating package script '/home/nathan/mapping_test/ws_livox/install/ros2_camera_publish/share/ros2_camera_publish/package.zsh'
[1.893s] Level 1:colcon.colcon_core.environment:create_file_with_runtime_dependencies(/home/nathan/mapping_test/ws_livox/install/ros2_camera_publish/share/colcon-core/packages/ros2_camera_publish)
[5.754s] DEBUG:colcon.colcon_core.event_handler.log_command:Invoked command in '/home/nathan/mapping_test/ws_livox/build/livox_ros_driver2' returned '0': CMAKE_PREFIX_PATH=${CMAKE_PREFIX_PATH}:/opt/ros/humble /usr/bin/cmake /home/nathan/mapping_test/ws_livox/src/livox_ros_driver2 -DROS_EDITION=ROS2 -DHUMBLE_ROS=humble -DCMAKE_INSTALL_PREFIX=/home/nathan/mapping_test/ws_livox/install/livox_ros_driver2
[5.757s] DEBUG:colcon.colcon_core.event_handler.log_command:Invoking command in '/home/nathan/mapping_test/ws_livox/build/livox_ros_driver2': CMAKE_PREFIX_PATH=${CMAKE_PREFIX_PATH}:/opt/ros/humble /usr/bin/cmake --build /home/nathan/mapping_test/ws_livox/build/livox_ros_driver2 -- -j8 -l8
[21.490s] DEBUG:colcon.colcon_core.event_handler.log_command:Invoked command in '/home/nathan/mapping_test/ws_livox/build/livox_ros_driver2' returned '0': CMAKE_PREFIX_PATH=${CMAKE_PREFIX_PATH}:/opt/ros/humble /usr/bin/cmake --build /home/nathan/mapping_test/ws_livox/build/livox_ros_driver2 -- -j8 -l8
[21.504s] DEBUG:colcon.colcon_core.event_handler.log_command:Invoking command in '/home/nathan/mapping_test/ws_livox/build/livox_ros_driver2': CMAKE_PREFIX_PATH=${CMAKE_PREFIX_PATH}:/opt/ros/humble /usr/bin/cmake --install /home/nathan/mapping_test/ws_livox/build/livox_ros_driver2
[21.609s] Level 1:colcon.colcon_core.environment:create_environment_scripts_only(livox_ros_driver2)
[21.609s] Level 1:colcon.colcon_core.environment:checking '/home/nathan/mapping_test/ws_livox/install/livox_ros_driver2' for CMake module files
[21.609s] DEBUG:colcon.colcon_core.event_handler.log_command:Invoked command in '/home/nathan/mapping_test/ws_livox/build/livox_ros_driver2' returned '0': CMAKE_PREFIX_PATH=${CMAKE_PREFIX_PATH}:/opt/ros/humble /usr/bin/cmake --install /home/nathan/mapping_test/ws_livox/build/livox_ros_driver2
[21.610s] Level 1:colcon.colcon_core.environment:checking '/home/nathan/mapping_test/ws_livox/install/livox_ros_driver2' for CMake config files
[21.611s] Level 1:colcon.colcon_core.shell:create_environment_hook('livox_ros_driver2', 'cmake_prefix_path')
[21.611s] INFO:colcon.colcon_core.shell:Creating environment hook '/home/nathan/mapping_test/ws_livox/install/livox_ros_driver2/share/livox_ros_driver2/hook/cmake_prefix_path.ps1'
[21.611s] INFO:colcon.colcon_core.shell:Creating environment descriptor '/home/nathan/mapping_test/ws_livox/install/livox_ros_driver2/share/livox_ros_driver2/hook/cmake_prefix_path.dsv'
[21.612s] INFO:colcon.colcon_core.shell:Creating environment hook '/home/nathan/mapping_test/ws_livox/install/livox_ros_driver2/share/livox_ros_driver2/hook/cmake_prefix_path.sh'
[21.612s] Level 1:colcon.colcon_core.environment:checking '/home/nathan/mapping_test/ws_livox/install/livox_ros_driver2/lib'
[21.612s] Level 1:colcon.colcon_core.shell:create_environment_hook('livox_ros_driver2', 'ld_library_path_lib')
[21.613s] INFO:colcon.colcon_core.shell:Creating environment hook '/home/nathan/mapping_test/ws_livox/install/livox_ros_driver2/share/livox_ros_driver2/hook/ld_library_path_lib.ps1'
[21.613s] INFO:colcon.colcon_core.shell:Creating environment descriptor '/home/nathan/mapping_test/ws_livox/install/livox_ros_driver2/share/livox_ros_driver2/hook/ld_library_path_lib.dsv'
[21.613s] INFO:colcon.colcon_core.shell:Creating environment hook '/home/nathan/mapping_test/ws_livox/install/livox_ros_driver2/share/livox_ros_driver2/hook/ld_library_path_lib.sh'
[21.614s] Level 1:colcon.colcon_core.environment:checking '/home/nathan/mapping_test/ws_livox/install/livox_ros_driver2/bin'
[21.614s] Level 1:colcon.colcon_core.environment:checking '/home/nathan/mapping_test/ws_livox/install/livox_ros_driver2/lib/pkgconfig/livox_ros_driver2.pc'
[21.614s] Level 1:colcon.colcon_core.environment:checking '/home/nathan/mapping_test/ws_livox/install/livox_ros_driver2/lib/python3.10/site-packages'
[21.614s] Level 1:colcon.colcon_core.environment:checking '/home/nathan/mapping_test/ws_livox/install/livox_ros_driver2/bin'
[21.615s] INFO:colcon.colcon_core.shell:Creating package script '/home/nathan/mapping_test/ws_livox/install/livox_ros_driver2/share/livox_ros_driver2/package.ps1'
[21.615s] INFO:colcon.colcon_core.shell:Creating package descriptor '/home/nathan/mapping_test/ws_livox/install/livox_ros_driver2/share/livox_ros_driver2/package.dsv'
[21.616s] INFO:colcon.colcon_core.shell:Creating package script '/home/nathan/mapping_test/ws_livox/install/livox_ros_driver2/share/livox_ros_driver2/package.sh'
[21.616s] INFO:colcon.colcon_core.shell:Creating package script '/home/nathan/mapping_test/ws_livox/install/livox_ros_driver2/share/livox_ros_driver2/package.bash'
[21.617s] INFO:colcon.colcon_core.shell:Creating package script '/home/nathan/mapping_test/ws_livox/install/livox_ros_driver2/share/livox_ros_driver2/package.zsh'
[21.617s] Level 1:colcon.colcon_core.environment:create_file_with_runtime_dependencies(/home/nathan/mapping_test/ws_livox/install/livox_ros_driver2/share/colcon-core/packages/livox_ros_driver2)
[21.618s] Level 1:colcon.colcon_core.environment:create_environment_scripts_only(livox_ros_driver2)
[21.618s] Level 1:colcon.colcon_core.environment:checking '/home/nathan/mapping_test/ws_livox/install/livox_ros_driver2' for CMake module files
[21.619s] Level 1:colcon.colcon_core.environment:checking '/home/nathan/mapping_test/ws_livox/install/livox_ros_driver2' for CMake config files
[21.620s] Level 1:colcon.colcon_core.shell:create_environment_hook('livox_ros_driver2', 'cmake_prefix_path')
[21.620s] INFO:colcon.colcon_core.shell:Creating environment hook '/home/nathan/mapping_test/ws_livox/install/livox_ros_driver2/share/livox_ros_driver2/hook/cmake_prefix_path.ps1'
[21.621s] INFO:colcon.colcon_core.shell:Creating environment descriptor '/home/nathan/mapping_test/ws_livox/install/livox_ros_driver2/share/livox_ros_driver2/hook/cmake_prefix_path.dsv'
[21.621s] INFO:colcon.colcon_core.shell:Creating environment hook '/home/nathan/mapping_test/ws_livox/install/livox_ros_driver2/share/livox_ros_driver2/hook/cmake_prefix_path.sh'
[21.622s] Level 1:colcon.colcon_core.environment:checking '/home/nathan/mapping_test/ws_livox/install/livox_ros_driver2/lib'
[21.622s] Level 1:colcon.colcon_core.shell:create_environment_hook('livox_ros_driver2', 'ld_library_path_lib')
[21.622s] INFO:colcon.colcon_core.shell:Creating environment hook '/home/nathan/mapping_test/ws_livox/install/livox_ros_driver2/share/livox_ros_driver2/hook/ld_library_path_lib.ps1'
[21.623s] INFO:colcon.colcon_core.shell:Creating environment descriptor '/home/nathan/mapping_test/ws_livox/install/livox_ros_driver2/share/livox_ros_driver2/hook/ld_library_path_lib.dsv'
[21.623s] INFO:colcon.colcon_core.shell:Creating environment hook '/home/nathan/mapping_test/ws_livox/install/livox_ros_driver2/share/livox_ros_driver2/hook/ld_library_path_lib.sh'
[21.624s] Level 1:colcon.colcon_core.environment:checking '/home/nathan/mapping_test/ws_livox/install/livox_ros_driver2/bin'
[21.624s] Level 1:colcon.colcon_core.environment:checking '/home/nathan/mapping_test/ws_livox/install/livox_ros_driver2/lib/pkgconfig/livox_ros_driver2.pc'
[21.624s] Level 1:colcon.colcon_core.environment:checking '/home/nathan/mapping_test/ws_livox/install/livox_ros_driver2/lib/python3.10/site-packages'
[21.624s] Level 1:colcon.colcon_core.environment:checking '/home/nathan/mapping_test/ws_livox/install/livox_ros_driver2/bin'
[21.625s] INFO:colcon.colcon_core.shell:Creating package script '/home/nathan/mapping_test/ws_livox/install/livox_ros_driver2/share/livox_ros_driver2/package.ps1'
[21.625s] INFO:colcon.colcon_core.shell:Creating package descriptor '/home/nathan/mapping_test/ws_livox/install/livox_ros_driver2/share/livox_ros_driver2/package.dsv'
[21.626s] INFO:colcon.colcon_core.shell:Creating package script '/home/nathan/mapping_test/ws_livox/install/livox_ros_driver2/share/livox_ros_driver2/package.sh'
[21.626s] INFO:colcon.colcon_core.shell:Creating package script '/home/nathan/mapping_test/ws_livox/install/livox_ros_driver2/share/livox_ros_driver2/package.bash'
[21.627s] INFO:colcon.colcon_core.shell:Creating package script '/home/nathan/mapping_test/ws_livox/install/livox_ros_driver2/share/livox_ros_driver2/package.zsh'
[21.628s] Level 1:colcon.colcon_core.environment:create_file_with_runtime_dependencies(/home/nathan/mapping_test/ws_livox/install/livox_ros_driver2/share/colcon-core/packages/livox_ros_driver2)
[21.628s] DEBUG:colcon.colcon_parallel_executor.executor.parallel:closing loop
[21.628s] DEBUG:colcon.colcon_parallel_executor.executor.parallel:loop closed
[21.629s] DEBUG:colcon.colcon_parallel_executor.executor.parallel:run_until_complete finished with '0'
[21.629s] DEBUG:colcon.colcon_core.event_reactor:joining thread
[21.635s] INFO:colcon.colcon_core.plugin_system:Skipping extension 'colcon_notification.desktop_notification.terminal_notifier': Not used on non-Darwin systems
[21.635s] INFO:colcon.colcon_core.plugin_system:Skipping extension 'colcon_notification.desktop_notification.win32': Not used on non-Windows systems
[21.635s] INFO:colcon.colcon_notification.desktop_notification:Sending desktop notification using 'notify2'
[21.649s] DEBUG:colcon.colcon_core.event_reactor:joined thread
[21.649s] INFO:colcon.colcon_core.shell:Creating prefix script '/home/nathan/mapping_test/ws_livox/install/local_setup.ps1'
[21.650s] INFO:colcon.colcon_core.shell:Creating prefix util module '/home/nathan/mapping_test/ws_livox/install/_local_setup_util_ps1.py'
[21.652s] INFO:colcon.colcon_core.shell:Creating prefix chain script '/home/nathan/mapping_test/ws_livox/install/setup.ps1'
[21.653s] INFO:colcon.colcon_core.shell:Creating prefix script '/home/nathan/mapping_test/ws_livox/install/local_setup.sh'
[21.655s] INFO:colcon.colcon_core.shell:Creating prefix util module '/home/nathan/mapping_test/ws_livox/install/_local_setup_util_sh.py'
[21.656s] INFO:colcon.colcon_core.shell:Creating prefix chain script '/home/nathan/mapping_test/ws_livox/install/setup.sh'
[21.657s] INFO:colcon.colcon_core.shell:Creating prefix script '/home/nathan/mapping_test/ws_livox/install/local_setup.bash'
[21.658s] INFO:colcon.colcon_core.shell:Creating prefix chain script '/home/nathan/mapping_test/ws_livox/install/setup.bash'
[21.659s] INFO:colcon.colcon_core.shell:Creating prefix script '/home/nathan/mapping_test/ws_livox/install/local_setup.zsh'
[21.660s] INFO:colcon.colcon_core.shell:Creating prefix chain script '/home/nathan/mapping_test/ws_livox/install/setup.zsh'
