[0.012s] Invoking command in '/home/nathan/mapping_test/ws_livox/build/livox_ros_driver2': CMAKE_PREFIX_PATH=/opt/ros/humble /usr/bin/cmake /home/nathan/mapping_test/ws_livox/src/livox_ros_driver2 -DROS_EDITION=ROS2 -DHUMBLE_ROS=humble -DCMAKE_INSTALL_PREFIX=/home/nathan/mapping_test/ws_livox/install/livox_ros_driver2
[0.095s] -- The C compiler identification is GNU 11.4.0
[0.177s] -- The CXX compiler identification is GNU 11.4.0
[0.187s] -- Detecting C compiler ABI info
[0.283s] -- Detecting C compiler ABI info - done
[0.296s] -- Check for working C compiler: /usr/bin/cc - skipped
[0.296s] -- Detecting C compile features
[0.297s] -- Detecting C compile features - done
[0.301s] -- Detecting CXX compiler ABI info
[0.409s] -- Detecting CXX compiler ABI info - done
[0.422s] -- Check for working CXX compiler: /usr/bin/c++ - skipped
[0.422s] -- Detecting CXX compile features
[0.423s] -- Detecting CXX compile features - done
[0.425s] -- livox_ros_driver2 version: 1.2.4
[0.428s] -- Found ament_cmake_auto: 1.3.11 (/opt/ros/humble/share/ament_cmake_auto/cmake)
[0.626s] -- Found Python3: /usr/bin/python3 (found version "3.10.12") found components: Interpreter 
[0.805s] -- Using all available rosidl_typesupport_c: rosidl_typesupport_fastrtps_c;rosidl_typesupport_introspection_c
[0.813s] -- Found rosidl_adapter: 3.1.6 (/opt/ros/humble/share/rosidl_adapter/cmake)
[0.864s] -- Using all available rosidl_typesupport_cpp: rosidl_typesupport_fastrtps_cpp;rosidl_typesupport_introspection_cpp
[0.971s] -- Found rmw_implementation_cmake: 6.1.2 (/opt/ros/humble/share/rmw_implementation_cmake/cmake)
[0.974s] -- Found rmw_fastrtps_cpp: 6.2.7 (/opt/ros/humble/share/rmw_fastrtps_cpp/cmake)
[1.077s] -- Found OpenSSL: /usr/lib/x86_64-linux-gnu/libcrypto.so (found version "3.0.2")  
[1.110s] -- Found FastRTPS: /opt/ros/humble/include  
[1.161s] -- Using RMW implementation 'rmw_fastrtps_cpp' as default
[1.172s] -- Looking for pthread.h
[1.258s] -- Looking for pthread.h - found
[1.258s] -- Performing Test CMAKE_HAVE_LIBC_PTHREAD
[1.345s] -- Performing Test CMAKE_HAVE_LIBC_PTHREAD - Success
[1.346s] -- Found Threads: TRUE  
[1.525s] -- Checking for module 'eigen3'
[1.541s] --   Found eigen3, version 3.4.0
[1.580s] -- Found Eigen: /usr/include/eigen3 (Required is at least version "3.1") 
[1.580s] -- Eigen found (include: /usr/include/eigen3, version: 3.4.0)
[1.627s] -- Checking for module 'flann'
[1.644s] --   Found flann, version 1.9.1
[1.689s] -- Found FLANN: /usr/lib/x86_64-linux-gnu/libflann_cpp.so  
[1.690s] -- FLANN found (include: /usr/include, lib: /usr/lib/x86_64-linux-gnu/libflann_cpp.so)
[2.771s] -- Checking for module 'libusb-1.0'
[2.786s] --   Found libusb-1.0, version 1.0.25
[2.827s] -- Found libusb: /usr/lib/x86_64-linux-gnu/libusb-1.0.so  
[2.828s] -- OpenNI found (version: 1.5.4.0, include: /usr/include/ni, lib: /usr/lib/libOpenNI.so;libusb::libusb)
[2.895s] -- OpenNI2 found (version: 2.2.0.33, include: /usr/include/openni2, lib: /usr/lib/x86_64-linux-gnu/libOpenNI2.so;libusb::libusb)
[3.069s] -- Eigen found (include: /usr/include/eigen3, version: 3.4.0)
[3.078s] -- OpenNI found (version: 1.5.4.0, include: /usr/include/ni, lib: /usr/lib/libOpenNI.so;libusb::libusb)
[3.087s] -- OpenNI2 found (version: 2.2.0.33, include: /usr/include/openni2, lib: /usr/lib/x86_64-linux-gnu/libOpenNI2.so;libusb::libusb)
[3.252s] -- Found Qhull version 8.0.2
[3.421s] -- OpenNI found (version: 1.5.4.0, include: /usr/include/ni, lib: /usr/lib/libOpenNI.so;libusb::libusb)
[3.588s] -- Found PCL_COMMON: /usr/lib/x86_64-linux-gnu/libpcl_common.so  
[3.589s] -- Found PCL_KDTREE: /usr/lib/x86_64-linux-gnu/libpcl_kdtree.so  
[3.590s] -- Found PCL_OCTREE: /usr/lib/x86_64-linux-gnu/libpcl_octree.so  
[3.591s] -- Found PCL_SEARCH: /usr/lib/x86_64-linux-gnu/libpcl_search.so  
[3.593s] -- Found PCL_SAMPLE_CONSENSUS: /usr/lib/x86_64-linux-gnu/libpcl_sample_consensus.so  
[3.594s] -- Found PCL_FILTERS: /usr/lib/x86_64-linux-gnu/libpcl_filters.so  
[3.594s] -- Found PCL_2D: /usr/include/pcl-1.12  
[3.594s] -- Found PCL_GEOMETRY: /usr/include/pcl-1.12  
[3.595s] -- Found PCL_IO: /usr/lib/x86_64-linux-gnu/libpcl_io.so  
[3.597s] -- Found PCL_FEATURES: /usr/lib/x86_64-linux-gnu/libpcl_features.so  
[3.598s] -- Found PCL_ML: /usr/lib/x86_64-linux-gnu/libpcl_ml.so  
[3.599s] -- Found PCL_SEGMENTATION: /usr/lib/x86_64-linux-gnu/libpcl_segmentation.so  
[3.600s] -- Found PCL_VISUALIZATION: /usr/lib/x86_64-linux-gnu/libpcl_visualization.so  
[3.601s] -- Found PCL_SURFACE: /usr/lib/x86_64-linux-gnu/libpcl_surface.so  
[3.602s] -- Found PCL_REGISTRATION: /usr/lib/x86_64-linux-gnu/libpcl_registration.so  
[3.604s] -- Found PCL_KEYPOINTS: /usr/lib/x86_64-linux-gnu/libpcl_keypoints.so  
[3.605s] -- Found PCL_TRACKING: /usr/lib/x86_64-linux-gnu/libpcl_tracking.so  
[3.606s] -- Found PCL_RECOGNITION: /usr/lib/x86_64-linux-gnu/libpcl_recognition.so  
[3.607s] -- Found PCL_STEREO: /usr/lib/x86_64-linux-gnu/libpcl_stereo.so  
[3.608s] -- Found PCL_APPS: /usr/lib/x86_64-linux-gnu/libpcl_apps.so  
[3.609s] -- Found PCL_IN_HAND_SCANNER: /usr/include/pcl-1.12  
[3.610s] -- Found PCL_MODELER: /usr/include/pcl-1.12  
[3.610s] -- Found PCL_POINT_CLOUD_EDITOR: /usr/include/pcl-1.12  
[3.611s] -- Found PCL_OUTOFCORE: /usr/lib/x86_64-linux-gnu/libpcl_outofcore.so  
[3.612s] -- Found PCL_PEOPLE: /usr/lib/x86_64-linux-gnu/libpcl_people.so  
[3.671s] -- Found PkgConfig: /usr/bin/pkg-config (found version "0.29.2") 
[3.672s] -- Checking for module 'apr-1'
[3.676s] --   No package 'apr-1' found
[3.919s] -- Found ament_cmake_ros: 0.10.0 (/opt/ros/humble/share/ament_cmake_ros/cmake)
[4.178s] -- Using all available rosidl_typesupport_c: rosidl_typesupport_fastrtps_c;rosidl_typesupport_introspection_c
[4.508s] -- Using all available rosidl_typesupport_cpp: rosidl_typesupport_fastrtps_cpp;rosidl_typesupport_introspection_cpp
[4.534s] -- Found PythonInterp: /usr/bin/python3 (found suitable version "3.10.12", minimum required is "3.6") 
[4.537s] -- Found python_cmake_module: 0.10.0 (/opt/ros/humble/share/python_cmake_module/cmake)
[4.567s] -- Found PythonLibs: /usr/lib/x86_64-linux-gnu/libpython3.10.so (found suitable version "3.10.12", minimum required is "3.5") 
[4.567s] -- Using PYTHON_EXECUTABLE: /usr/bin/python3
[4.567s] -- Using PYTHON_INCLUDE_DIRS: /usr/include/python3.10
[4.568s] -- Using PYTHON_LIBRARIES: /usr/lib/x86_64-linux-gnu/libpython3.10.so
[4.593s] -- Found PythonExtra: .so  
[4.665s] -- Found ament_lint_auto: 0.12.12 (/opt/ros/humble/share/ament_lint_auto/cmake)
[4.696s] -- Added test 'copyright' to check source files copyright and LICENSE
[4.707s] -- Added test 'cppcheck' to perform static code analysis on C / C++ code
[4.708s] -- Configured cppcheck include dirs: /home/nathan/mapping_test/ws_livox/src/livox_ros_driver2/3rdparty;/home/nathan/mapping_test/ws_livox/src/livox_ros_driver2/src
[4.708s] -- Configured cppcheck exclude dirs and/or files: 
[4.718s] -- Added test 'cpplint' to check C / C++ code against the Google style
[4.718s] -- Configured cpplint exclude dirs and/or files: 
[4.720s] -- Added test 'flake8' to check Python code syntax and style conventions
[4.722s] -- Added test 'lint_cmake' to check CMake code style
[4.724s] -- Added test 'pep257' to check Python code against some of the docstring style conventions in PEP 257
[4.734s] -- Added test 'uncrustify' to check C / C++ code style
[4.734s] -- Configured uncrustify additional arguments: 
[4.736s] -- Added test 'xmllint' to check XML markup files
[4.739s] -- Configuring done
[4.842s] -- Generating done
[4.870s] -- Build files have been written to: /home/nathan/mapping_test/ws_livox/build/livox_ros_driver2
[4.891s] Invoked command in '/home/nathan/mapping_test/ws_livox/build/livox_ros_driver2' returned '0': CMAKE_PREFIX_PATH=/opt/ros/humble /usr/bin/cmake /home/nathan/mapping_test/ws_livox/src/livox_ros_driver2 -DROS_EDITION=ROS2 -DHUMBLE_ROS=humble -DCMAKE_INSTALL_PREFIX=/home/nathan/mapping_test/ws_livox/install/livox_ros_driver2
[4.894s] Invoking command in '/home/nathan/mapping_test/ws_livox/build/livox_ros_driver2': CMAKE_PREFIX_PATH=/opt/ros/humble /usr/bin/cmake --build /home/nathan/mapping_test/ws_livox/build/livox_ros_driver2 -- -j8 -l8
[4.947s] [  1%] [34m[1mGenerating C code for ROS interfaces[0m
[4.959s] [  5%] [32mBuilding CXX object CMakeFiles/livox_ros_driver2_node.dir/rclcpp_components/node_main_livox_ros_driver2_node.cpp.o[0m
[4.959s] [  5%] [34m[1mGenerating C++ code for ROS interfaces[0m
[4.973s] [  5%] Built target ament_cmake_python_copy_livox_ros_driver2
[5.287s] running egg_info
[5.288s] creating livox_ros_driver2.egg-info
[5.288s] writing livox_ros_driver2.egg-info/PKG-INFO
[5.289s] writing dependency_links to livox_ros_driver2.egg-info/dependency_links.txt
[5.289s] writing top-level names to livox_ros_driver2.egg-info/top_level.txt
[5.289s] writing manifest file 'livox_ros_driver2.egg-info/SOURCES.txt'
[5.293s] reading manifest file 'livox_ros_driver2.egg-info/SOURCES.txt'
[5.294s] writing manifest file 'livox_ros_driver2.egg-info/SOURCES.txt'
[5.325s] [  5%] Built target ament_cmake_python_build_livox_ros_driver2_egg
[5.587s] [  7%] [32mBuilding C object CMakeFiles/livox_interfaces2__rosidl_generator_c.dir/rosidl_generator_c/livox_ros_driver2/msg/detail/custom_point__functions.c.o[0m
[5.593s] [  8%] [32mBuilding C object CMakeFiles/livox_interfaces2__rosidl_generator_c.dir/rosidl_generator_c/livox_ros_driver2/msg/detail/custom_msg__functions.c.o[0m
[5.634s] [  8%] Built target livox_interfaces2__cpp
[5.650s] [ 10%] [34m[1mGenerating C++ introspection for ROS interfaces[0m
[5.651s] [ 12%] [34m[1mGenerating C++ type support dispatch for ROS interfaces[0m
[5.653s] [ 14%] [34m[1mGenerating C++ type support for eProsima Fast-RTPS[0m
[5.684s] [ 15%] [32m[1mLinking C shared library liblivox_ros_driver2__rosidl_generator_c.so[0m
[5.752s] [ 15%] Built target livox_interfaces2__rosidl_generator_c
[5.770s] [ 19%] [34m[1mGenerating C type support dispatch for ROS interfaces[0m
[5.770s] [ 21%] [34m[1mGenerating C type support for eProsima Fast-RTPS[0m
[5.770s] [ 21%] [34m[1mGenerating C introspection for ROS interfaces[0m
[6.338s] [ 22%] [32mBuilding CXX object CMakeFiles/livox_interfaces2__rosidl_typesupport_cpp.dir/rosidl_typesupport_cpp/livox_ros_driver2/msg/custom_point__type_support.cpp.o[0m
[6.339s] [ 24%] [32mBuilding CXX object CMakeFiles/livox_interfaces2__rosidl_typesupport_cpp.dir/rosidl_typesupport_cpp/livox_ros_driver2/msg/custom_msg__type_support.cpp.o[0m
[6.496s] [ 26%] [32mBuilding CXX object CMakeFiles/livox_interfaces2__rosidl_typesupport_introspection_cpp.dir/rosidl_typesupport_introspection_cpp/livox_ros_driver2/msg/detail/custom_point__type_support.cpp.o[0m
[6.517s] [ 28%] [32mBuilding CXX object CMakeFiles/livox_interfaces2__rosidl_typesupport_fastrtps_cpp.dir/rosidl_typesupport_fastrtps_cpp/livox_ros_driver2/msg/detail/dds_fastrtps/custom_point__type_support.cpp.o[0m
[6.617s] [ 29%] [32mBuilding C object CMakeFiles/livox_interfaces2__rosidl_typesupport_introspection_c.dir/rosidl_typesupport_introspection_c/livox_ros_driver2/msg/detail/custom_point__type_support.c.o[0m
[6.680s] [ 31%] [32mBuilding CXX object CMakeFiles/livox_interfaces2__rosidl_typesupport_fastrtps_c.dir/rosidl_typesupport_fastrtps_c/livox_ros_driver2/msg/detail/custom_point__type_support_c.cpp.o[0m
[6.682s] [ 33%] [32mBuilding C object CMakeFiles/livox_interfaces2__rosidl_typesupport_introspection_c.dir/rosidl_typesupport_introspection_c/livox_ros_driver2/msg/detail/custom_msg__type_support.c.o[0m
[6.716s] [ 35%] [32mBuilding CXX object CMakeFiles/livox_interfaces2__rosidl_typesupport_c.dir/rosidl_typesupport_c/livox_ros_driver2/msg/custom_point__type_support.cpp.o[0m
[6.756s] [ 36%] [32m[1mLinking C shared library liblivox_ros_driver2__rosidl_typesupport_introspection_c.so[0m
[6.826s] [ 38%] [32mBuilding CXX object CMakeFiles/livox_interfaces2__rosidl_typesupport_c.dir/rosidl_typesupport_c/livox_ros_driver2/msg/custom_msg__type_support.cpp.o[0m
[6.826s] [ 38%] Built target livox_interfaces2__rosidl_typesupport_introspection_c
[6.845s] [ 40%] [32mBuilding CXX object CMakeFiles/livox_interfaces2__rosidl_typesupport_fastrtps_c.dir/rosidl_typesupport_fastrtps_c/livox_ros_driver2/msg/detail/custom_msg__type_support_c.cpp.o[0m
[6.868s] [ 42%] [32m[1mLinking CXX shared library liblivox_ros_driver2__rosidl_typesupport_cpp.so[0m
[6.874s] [ 43%] [32mBuilding CXX object CMakeFiles/livox_interfaces2__rosidl_typesupport_introspection_cpp.dir/rosidl_typesupport_introspection_cpp/livox_ros_driver2/msg/detail/custom_msg__type_support.cpp.o[0m
[6.904s] [ 45%] [32m[1mLinking CXX shared library liblivox_ros_driver2__rosidl_typesupport_c.so[0m
[6.994s] [ 45%] Built target livox_interfaces2__rosidl_typesupport_cpp
[7.024s] [ 47%] [32mBuilding CXX object CMakeFiles/livox_interfaces2__rosidl_typesupport_fastrtps_cpp.dir/rosidl_typesupport_fastrtps_cpp/livox_ros_driver2/msg/detail/dds_fastrtps/custom_msg__type_support.cpp.o[0m
[7.052s] [ 47%] Built target livox_interfaces2__rosidl_typesupport_c
[7.134s] [ 49%] [32mBuilding CXX object CMakeFiles/livox_ros_driver2.dir/src/livox_ros_driver2.cpp.o[0m
[7.281s] [ 50%] [32mBuilding CXX object CMakeFiles/livox_ros_driver2.dir/src/lddc.cpp.o[0m
[7.343s] [ 52%] [32mBuilding CXX object CMakeFiles/livox_ros_driver2.dir/src/driver_node.cpp.o[0m
[7.382s] [ 54%] [32mBuilding CXX object CMakeFiles/livox_ros_driver2.dir/src/lds.cpp.o[0m
[7.579s] [ 56%] [32m[1mLinking CXX shared library liblivox_ros_driver2__rosidl_typesupport_fastrtps_c.so[0m
[7.714s] [ 57%] [32m[1mLinking CXX shared library liblivox_ros_driver2__rosidl_typesupport_introspection_cpp.so[0m
[7.841s] [ 57%] Built target livox_interfaces2__rosidl_typesupport_fastrtps_c
[7.872s] [ 59%] [32mBuilding CXX object CMakeFiles/livox_ros_driver2.dir/src/lds_lidar.cpp.o[0m
[7.929s] [ 59%] Built target livox_interfaces2__rosidl_typesupport_introspection_cpp
[7.949s] [ 61%] [32mBuilding CXX object CMakeFiles/livox_ros_driver2.dir/src/comm/comm.cpp.o[0m
[7.970s] [ 63%] [32m[1mLinking CXX shared library liblivox_ros_driver2__rosidl_typesupport_fastrtps_cpp.so[0m
[8.270s] [ 63%] Built target livox_interfaces2__rosidl_typesupport_fastrtps_cpp
[8.334s] [ 63%] Built target livox_interfaces2
[8.365s] [ 64%] [32mBuilding CXX object CMakeFiles/livox_ros_driver2.dir/src/comm/ldq.cpp.o[0m
[9.252s] [ 66%] [32mBuilding CXX object CMakeFiles/livox_ros_driver2.dir/src/comm/semaphore.cpp.o[0m
[9.272s] [ 68%] [34m[1mGenerating Python code for ROS interfaces[0m
[9.988s] [ 70%] [32mBuilding CXX object CMakeFiles/livox_ros_driver2.dir/src/comm/lidar_imu_data_queue.cpp.o[0m
[10.068s] [ 71%] [32mBuilding CXX object CMakeFiles/livox_ros_driver2.dir/src/comm/cache_index.cpp.o[0m
[10.099s] [ 73%] [32mBuilding CXX object CMakeFiles/livox_ros_driver2.dir/src/comm/pub_handler.cpp.o[0m
[10.667s] [ 75%] [32mBuilding CXX object CMakeFiles/livox_ros_driver2.dir/src/parse_cfg_file/parse_cfg_file.cpp.o[0m
[10.866s] [ 77%] [32m[1mLinking CXX executable livox_ros_driver2_node[0m
[11.036s] [ 77%] Built target livox_interfaces2__py
[11.053s] [ 78%] [32mBuilding CXX object CMakeFiles/livox_ros_driver2.dir/src/parse_cfg_file/parse_livox_lidar_cfg.cpp.o[0m
[11.148s] [ 78%] Built target livox_ros_driver2_node
[11.166s] [ 80%] [32mBuilding CXX object CMakeFiles/livox_ros_driver2.dir/src/call_back/lidar_common_callback.cpp.o[0m
[11.417s] [ 82%] [32mBuilding C object CMakeFiles/livox_interfaces2__rosidl_generator_py.dir/rosidl_generator_py/livox_ros_driver2/msg/_custom_point_s.c.o[0m
[11.633s] [ 84%] [32mBuilding C object CMakeFiles/livox_interfaces2__rosidl_generator_py.dir/rosidl_generator_py/livox_ros_driver2/msg/_custom_msg_s.c.o[0m
[11.857s] [ 85%] [32m[1mLinking C shared library rosidl_generator_py/livox_ros_driver2/liblivox_interfaces2__rosidl_generator_py.so[0m
[11.941s] [ 85%] Built target livox_interfaces2__rosidl_generator_py
[11.977s] [ 87%] [32mBuilding C object CMakeFiles/livox_ros_driver2__rosidl_typesupport_fastrtps_c__pyext.dir/rosidl_generator_py/livox_ros_driver2/_livox_ros_driver2_s.ep.rosidl_typesupport_fastrtps_c.c.o[0m
[12.186s] [ 89%] [32m[1mLinking C shared library rosidl_generator_py/livox_ros_driver2/livox_ros_driver2_s__rosidl_typesupport_fastrtps_c.cpython-310-x86_64-linux-gnu.so[0m
[12.245s] [ 91%] [32mBuilding C object CMakeFiles/livox_ros_driver2__rosidl_typesupport_introspection_c__pyext.dir/rosidl_generator_py/livox_ros_driver2/_livox_ros_driver2_s.ep.rosidl_typesupport_introspection_c.c.o[0m
[12.266s] [ 91%] Built target livox_ros_driver2__rosidl_typesupport_fastrtps_c__pyext
[12.282s] [ 92%] [32mBuilding CXX object CMakeFiles/livox_ros_driver2.dir/src/call_back/livox_lidar_callback.cpp.o[0m
[12.459s] [ 94%] [32m[1mLinking C shared library rosidl_generator_py/livox_ros_driver2/livox_ros_driver2_s__rosidl_typesupport_introspection_c.cpython-310-x86_64-linux-gnu.so[0m
[12.505s] [ 96%] [32mBuilding C object CMakeFiles/livox_ros_driver2__rosidl_typesupport_c__pyext.dir/rosidl_generator_py/livox_ros_driver2/_livox_ros_driver2_s.ep.rosidl_typesupport_c.c.o[0m
[12.531s] [ 96%] Built target livox_ros_driver2__rosidl_typesupport_introspection_c__pyext
[12.701s] [ 98%] [32m[1mLinking C shared library rosidl_generator_py/livox_ros_driver2/livox_ros_driver2_s__rosidl_typesupport_c.cpython-310-x86_64-linux-gnu.so[0m
[12.750s] [ 98%] Built target livox_ros_driver2__rosidl_typesupport_c__pyext
[18.766s] [100%] [32m[1mLinking CXX shared library liblivox_ros_driver2.so[0m
[19.670s] [100%] Built target livox_ros_driver2
[19.686s] Invoked command in '/home/nathan/mapping_test/ws_livox/build/livox_ros_driver2' returned '0': CMAKE_PREFIX_PATH=/opt/ros/humble /usr/bin/cmake --build /home/nathan/mapping_test/ws_livox/build/livox_ros_driver2 -- -j8 -l8
[19.699s] Invoking command in '/home/nathan/mapping_test/ws_livox/build/livox_ros_driver2': CMAKE_PREFIX_PATH=/opt/ros/humble /usr/bin/cmake --install /home/nathan/mapping_test/ws_livox/build/livox_ros_driver2
[19.707s] -- Install configuration: ""
[19.708s] -- Installing: /home/nathan/mapping_test/ws_livox/install/livox_ros_driver2/share/ament_index/resource_index/rosidl_interfaces/livox_ros_driver2
[19.708s] -- Installing: /home/nathan/mapping_test/ws_livox/install/livox_ros_driver2/include/livox_ros_driver2/livox_ros_driver2
[19.708s] -- Installing: /home/nathan/mapping_test/ws_livox/install/livox_ros_driver2/include/livox_ros_driver2/livox_ros_driver2/msg
[19.708s] -- Installing: /home/nathan/mapping_test/ws_livox/install/livox_ros_driver2/include/livox_ros_driver2/livox_ros_driver2/msg/detail
[19.708s] -- Installing: /home/nathan/mapping_test/ws_livox/install/livox_ros_driver2/include/livox_ros_driver2/livox_ros_driver2/msg/detail/custom_msg__struct.h
[19.708s] -- Installing: /home/nathan/mapping_test/ws_livox/install/livox_ros_driver2/include/livox_ros_driver2/livox_ros_driver2/msg/detail/custom_point__struct.h
[19.709s] -- Installing: /home/nathan/mapping_test/ws_livox/install/livox_ros_driver2/include/livox_ros_driver2/livox_ros_driver2/msg/detail/custom_point__functions.h
[19.709s] -- Installing: /home/nathan/mapping_test/ws_livox/install/livox_ros_driver2/include/livox_ros_driver2/livox_ros_driver2/msg/detail/custom_point__functions.c
[19.709s] -- Installing: /home/nathan/mapping_test/ws_livox/install/livox_ros_driver2/include/livox_ros_driver2/livox_ros_driver2/msg/detail/custom_msg__functions.c
[19.709s] -- Installing: /home/nathan/mapping_test/ws_livox/install/livox_ros_driver2/include/livox_ros_driver2/livox_ros_driver2/msg/detail/custom_point__type_support.h
[19.709s] -- Installing: /home/nathan/mapping_test/ws_livox/install/livox_ros_driver2/include/livox_ros_driver2/livox_ros_driver2/msg/detail/custom_msg__type_support.h
[19.709s] -- Installing: /home/nathan/mapping_test/ws_livox/install/livox_ros_driver2/include/livox_ros_driver2/livox_ros_driver2/msg/detail/custom_msg__functions.h
[19.710s] -- Installing: /home/nathan/mapping_test/ws_livox/install/livox_ros_driver2/include/livox_ros_driver2/livox_ros_driver2/msg/custom_msg.h
[19.710s] -- Installing: /home/nathan/mapping_test/ws_livox/install/livox_ros_driver2/include/livox_ros_driver2/livox_ros_driver2/msg/custom_point.h
[19.710s] -- Installing: /home/nathan/mapping_test/ws_livox/install/livox_ros_driver2/include/livox_ros_driver2/livox_ros_driver2/msg/rosidl_generator_c__visibility_control.h
[19.710s] -- Installing: /home/nathan/mapping_test/ws_livox/install/livox_ros_driver2/share/livox_ros_driver2/environment/library_path.sh
[19.710s] -- Installing: /home/nathan/mapping_test/ws_livox/install/livox_ros_driver2/share/livox_ros_driver2/environment/library_path.dsv
[19.710s] -- Installing: /home/nathan/mapping_test/ws_livox/install/livox_ros_driver2/lib/liblivox_ros_driver2__rosidl_generator_c.so
[19.711s] -- Set runtime path of "/home/nathan/mapping_test/ws_livox/install/livox_ros_driver2/lib/liblivox_ros_driver2__rosidl_generator_c.so" to ""
[19.711s] -- Up-to-date: /home/nathan/mapping_test/ws_livox/install/livox_ros_driver2/include/livox_ros_driver2/livox_ros_driver2
[19.711s] -- Up-to-date: /home/nathan/mapping_test/ws_livox/install/livox_ros_driver2/include/livox_ros_driver2/livox_ros_driver2/msg
[19.711s] -- Up-to-date: /home/nathan/mapping_test/ws_livox/install/livox_ros_driver2/include/livox_ros_driver2/livox_ros_driver2/msg/detail
[19.711s] -- Installing: /home/nathan/mapping_test/ws_livox/install/livox_ros_driver2/include/livox_ros_driver2/livox_ros_driver2/msg/detail/custom_point__rosidl_typesupport_fastrtps_c.h
[19.712s] -- Installing: /home/nathan/mapping_test/ws_livox/install/livox_ros_driver2/include/livox_ros_driver2/livox_ros_driver2/msg/detail/custom_msg__rosidl_typesupport_fastrtps_c.h
[19.712s] -- Installing: /home/nathan/mapping_test/ws_livox/install/livox_ros_driver2/include/livox_ros_driver2/livox_ros_driver2/msg/rosidl_typesupport_fastrtps_c__visibility_control.h
[19.712s] -- Installing: /home/nathan/mapping_test/ws_livox/install/livox_ros_driver2/lib/liblivox_ros_driver2__rosidl_typesupport_fastrtps_c.so
[19.712s] -- Set runtime path of "/home/nathan/mapping_test/ws_livox/install/livox_ros_driver2/lib/liblivox_ros_driver2__rosidl_typesupport_fastrtps_c.so" to ""
[19.712s] -- Up-to-date: /home/nathan/mapping_test/ws_livox/install/livox_ros_driver2/include/livox_ros_driver2/livox_ros_driver2
[19.713s] -- Up-to-date: /home/nathan/mapping_test/ws_livox/install/livox_ros_driver2/include/livox_ros_driver2/livox_ros_driver2/msg
[19.713s] -- Up-to-date: /home/nathan/mapping_test/ws_livox/install/livox_ros_driver2/include/livox_ros_driver2/livox_ros_driver2/msg/detail
[19.713s] -- Installing: /home/nathan/mapping_test/ws_livox/install/livox_ros_driver2/include/livox_ros_driver2/livox_ros_driver2/msg/detail/custom_msg__type_support.c
[19.713s] -- Installing: /home/nathan/mapping_test/ws_livox/install/livox_ros_driver2/include/livox_ros_driver2/livox_ros_driver2/msg/detail/custom_point__rosidl_typesupport_introspection_c.h
[19.713s] -- Installing: /home/nathan/mapping_test/ws_livox/install/livox_ros_driver2/include/livox_ros_driver2/livox_ros_driver2/msg/detail/custom_msg__rosidl_typesupport_introspection_c.h
[19.713s] -- Installing: /home/nathan/mapping_test/ws_livox/install/livox_ros_driver2/include/livox_ros_driver2/livox_ros_driver2/msg/detail/custom_point__type_support.c
[19.714s] -- Installing: /home/nathan/mapping_test/ws_livox/install/livox_ros_driver2/include/livox_ros_driver2/livox_ros_driver2/msg/rosidl_typesupport_introspection_c__visibility_control.h
[19.714s] -- Installing: /home/nathan/mapping_test/ws_livox/install/livox_ros_driver2/lib/liblivox_ros_driver2__rosidl_typesupport_introspection_c.so
[19.714s] -- Set runtime path of "/home/nathan/mapping_test/ws_livox/install/livox_ros_driver2/lib/liblivox_ros_driver2__rosidl_typesupport_introspection_c.so" to ""
[19.714s] -- Installing: /home/nathan/mapping_test/ws_livox/install/livox_ros_driver2/lib/liblivox_ros_driver2__rosidl_typesupport_c.so
[19.714s] -- Set runtime path of "/home/nathan/mapping_test/ws_livox/install/livox_ros_driver2/lib/liblivox_ros_driver2__rosidl_typesupport_c.so" to ""
[19.715s] -- Up-to-date: /home/nathan/mapping_test/ws_livox/install/livox_ros_driver2/include/livox_ros_driver2/livox_ros_driver2
[19.715s] -- Up-to-date: /home/nathan/mapping_test/ws_livox/install/livox_ros_driver2/include/livox_ros_driver2/livox_ros_driver2/msg
[19.715s] -- Installing: /home/nathan/mapping_test/ws_livox/install/livox_ros_driver2/include/livox_ros_driver2/livox_ros_driver2/msg/custom_point.hpp
[19.715s] -- Up-to-date: /home/nathan/mapping_test/ws_livox/install/livox_ros_driver2/include/livox_ros_driver2/livox_ros_driver2/msg/detail
[19.715s] -- Installing: /home/nathan/mapping_test/ws_livox/install/livox_ros_driver2/include/livox_ros_driver2/livox_ros_driver2/msg/detail/custom_point__struct.hpp
[19.715s] -- Installing: /home/nathan/mapping_test/ws_livox/install/livox_ros_driver2/include/livox_ros_driver2/livox_ros_driver2/msg/detail/custom_msg__builder.hpp
[19.715s] -- Installing: /home/nathan/mapping_test/ws_livox/install/livox_ros_driver2/include/livox_ros_driver2/livox_ros_driver2/msg/detail/custom_msg__traits.hpp
[19.715s] -- Installing: /home/nathan/mapping_test/ws_livox/install/livox_ros_driver2/include/livox_ros_driver2/livox_ros_driver2/msg/detail/custom_msg__struct.hpp
[19.715s] -- Installing: /home/nathan/mapping_test/ws_livox/install/livox_ros_driver2/include/livox_ros_driver2/livox_ros_driver2/msg/detail/custom_msg__type_support.hpp
[19.716s] -- Installing: /home/nathan/mapping_test/ws_livox/install/livox_ros_driver2/include/livox_ros_driver2/livox_ros_driver2/msg/detail/custom_point__type_support.hpp
[19.716s] -- Installing: /home/nathan/mapping_test/ws_livox/install/livox_ros_driver2/include/livox_ros_driver2/livox_ros_driver2/msg/detail/custom_point__traits.hpp
[19.716s] -- Installing: /home/nathan/mapping_test/ws_livox/install/livox_ros_driver2/include/livox_ros_driver2/livox_ros_driver2/msg/detail/custom_point__builder.hpp
[19.716s] -- Installing: /home/nathan/mapping_test/ws_livox/install/livox_ros_driver2/include/livox_ros_driver2/livox_ros_driver2/msg/custom_msg.hpp
[19.716s] -- Installing: /home/nathan/mapping_test/ws_livox/install/livox_ros_driver2/include/livox_ros_driver2/livox_ros_driver2/msg/rosidl_generator_cpp__visibility_control.hpp
[19.716s] -- Up-to-date: /home/nathan/mapping_test/ws_livox/install/livox_ros_driver2/include/livox_ros_driver2/livox_ros_driver2
[19.716s] -- Up-to-date: /home/nathan/mapping_test/ws_livox/install/livox_ros_driver2/include/livox_ros_driver2/livox_ros_driver2/msg
[19.717s] -- Up-to-date: /home/nathan/mapping_test/ws_livox/install/livox_ros_driver2/include/livox_ros_driver2/livox_ros_driver2/msg/detail
[19.717s] -- Installing: /home/nathan/mapping_test/ws_livox/install/livox_ros_driver2/include/livox_ros_driver2/livox_ros_driver2/msg/detail/custom_point__rosidl_typesupport_fastrtps_cpp.hpp
[19.717s] -- Installing: /home/nathan/mapping_test/ws_livox/install/livox_ros_driver2/include/livox_ros_driver2/livox_ros_driver2/msg/detail/custom_msg__rosidl_typesupport_fastrtps_cpp.hpp
[19.717s] -- Installing: /home/nathan/mapping_test/ws_livox/install/livox_ros_driver2/include/livox_ros_driver2/livox_ros_driver2/msg/detail/dds_fastrtps
[19.717s] -- Installing: /home/nathan/mapping_test/ws_livox/install/livox_ros_driver2/include/livox_ros_driver2/livox_ros_driver2/msg/rosidl_typesupport_fastrtps_cpp__visibility_control.h
[19.717s] -- Installing: /home/nathan/mapping_test/ws_livox/install/livox_ros_driver2/lib/liblivox_ros_driver2__rosidl_typesupport_fastrtps_cpp.so
[19.718s] -- Set runtime path of "/home/nathan/mapping_test/ws_livox/install/livox_ros_driver2/lib/liblivox_ros_driver2__rosidl_typesupport_fastrtps_cpp.so" to ""
[19.718s] -- Up-to-date: /home/nathan/mapping_test/ws_livox/install/livox_ros_driver2/include/livox_ros_driver2/livox_ros_driver2
[19.718s] -- Up-to-date: /home/nathan/mapping_test/ws_livox/install/livox_ros_driver2/include/livox_ros_driver2/livox_ros_driver2/msg
[19.718s] -- Up-to-date: /home/nathan/mapping_test/ws_livox/install/livox_ros_driver2/include/livox_ros_driver2/livox_ros_driver2/msg/detail
[19.718s] -- Installing: /home/nathan/mapping_test/ws_livox/install/livox_ros_driver2/include/livox_ros_driver2/livox_ros_driver2/msg/detail/custom_point__rosidl_typesupport_introspection_cpp.hpp
[19.719s] -- Installing: /home/nathan/mapping_test/ws_livox/install/livox_ros_driver2/include/livox_ros_driver2/livox_ros_driver2/msg/detail/custom_point__type_support.cpp
[19.719s] -- Installing: /home/nathan/mapping_test/ws_livox/install/livox_ros_driver2/include/livox_ros_driver2/livox_ros_driver2/msg/detail/custom_msg__type_support.cpp
[19.719s] -- Installing: /home/nathan/mapping_test/ws_livox/install/livox_ros_driver2/include/livox_ros_driver2/livox_ros_driver2/msg/detail/custom_msg__rosidl_typesupport_introspection_cpp.hpp
[19.719s] -- Installing: /home/nathan/mapping_test/ws_livox/install/livox_ros_driver2/lib/liblivox_ros_driver2__rosidl_typesupport_introspection_cpp.so
[19.719s] -- Set runtime path of "/home/nathan/mapping_test/ws_livox/install/livox_ros_driver2/lib/liblivox_ros_driver2__rosidl_typesupport_introspection_cpp.so" to ""
[19.719s] -- Installing: /home/nathan/mapping_test/ws_livox/install/livox_ros_driver2/lib/liblivox_ros_driver2__rosidl_typesupport_cpp.so
[19.720s] -- Set runtime path of "/home/nathan/mapping_test/ws_livox/install/livox_ros_driver2/lib/liblivox_ros_driver2__rosidl_typesupport_cpp.so" to ""
[19.720s] -- Installing: /home/nathan/mapping_test/ws_livox/install/livox_ros_driver2/share/livox_ros_driver2/environment/pythonpath.sh
[19.720s] -- Installing: /home/nathan/mapping_test/ws_livox/install/livox_ros_driver2/share/livox_ros_driver2/environment/pythonpath.dsv
[19.720s] -- Installing: /home/nathan/mapping_test/ws_livox/install/livox_ros_driver2/local/lib/python3.10/dist-packages/livox_ros_driver2-1.0.0-py3.10.egg-info
[19.721s] -- Installing: /home/nathan/mapping_test/ws_livox/install/livox_ros_driver2/local/lib/python3.10/dist-packages/livox_ros_driver2-1.0.0-py3.10.egg-info/SOURCES.txt
[19.721s] -- Installing: /home/nathan/mapping_test/ws_livox/install/livox_ros_driver2/local/lib/python3.10/dist-packages/livox_ros_driver2-1.0.0-py3.10.egg-info/dependency_links.txt
[19.721s] -- Installing: /home/nathan/mapping_test/ws_livox/install/livox_ros_driver2/local/lib/python3.10/dist-packages/livox_ros_driver2-1.0.0-py3.10.egg-info/PKG-INFO
[19.721s] -- Installing: /home/nathan/mapping_test/ws_livox/install/livox_ros_driver2/local/lib/python3.10/dist-packages/livox_ros_driver2-1.0.0-py3.10.egg-info/top_level.txt
[19.721s] -- Installing: /home/nathan/mapping_test/ws_livox/install/livox_ros_driver2/local/lib/python3.10/dist-packages/livox_ros_driver2
[19.722s] -- Installing: /home/nathan/mapping_test/ws_livox/install/livox_ros_driver2/local/lib/python3.10/dist-packages/livox_ros_driver2/liblivox_interfaces2__rosidl_generator_py.so
[19.722s] -- Installing: /home/nathan/mapping_test/ws_livox/install/livox_ros_driver2/local/lib/python3.10/dist-packages/livox_ros_driver2/_livox_ros_driver2_s.ep.rosidl_typesupport_fastrtps_c.c
[19.722s] -- Installing: /home/nathan/mapping_test/ws_livox/install/livox_ros_driver2/local/lib/python3.10/dist-packages/livox_ros_driver2/__init__.py
[19.722s] -- Installing: /home/nathan/mapping_test/ws_livox/install/livox_ros_driver2/local/lib/python3.10/dist-packages/livox_ros_driver2/_livox_ros_driver2_s.ep.rosidl_typesupport_c.c
[19.722s] -- Installing: /home/nathan/mapping_test/ws_livox/install/livox_ros_driver2/local/lib/python3.10/dist-packages/livox_ros_driver2/livox_ros_driver2_s__rosidl_typesupport_c.cpython-310-x86_64-linux-gnu.so
[19.722s] -- Installing: /home/nathan/mapping_test/ws_livox/install/livox_ros_driver2/local/lib/python3.10/dist-packages/livox_ros_driver2/msg
[19.722s] -- Installing: /home/nathan/mapping_test/ws_livox/install/livox_ros_driver2/local/lib/python3.10/dist-packages/livox_ros_driver2/msg/_custom_point.py
[19.723s] -- Installing: /home/nathan/mapping_test/ws_livox/install/livox_ros_driver2/local/lib/python3.10/dist-packages/livox_ros_driver2/msg/__init__.py
[19.723s] -- Installing: /home/nathan/mapping_test/ws_livox/install/livox_ros_driver2/local/lib/python3.10/dist-packages/livox_ros_driver2/msg/_custom_msg_s.c
[19.723s] -- Installing: /home/nathan/mapping_test/ws_livox/install/livox_ros_driver2/local/lib/python3.10/dist-packages/livox_ros_driver2/msg/_custom_msg.py
[19.723s] -- Installing: /home/nathan/mapping_test/ws_livox/install/livox_ros_driver2/local/lib/python3.10/dist-packages/livox_ros_driver2/msg/_custom_point_s.c
[19.723s] -- Installing: /home/nathan/mapping_test/ws_livox/install/livox_ros_driver2/local/lib/python3.10/dist-packages/livox_ros_driver2/livox_ros_driver2_s__rosidl_typesupport_fastrtps_c.cpython-310-x86_64-linux-gnu.so
[19.723s] -- Installing: /home/nathan/mapping_test/ws_livox/install/livox_ros_driver2/local/lib/python3.10/dist-packages/livox_ros_driver2/livox_ros_driver2_s__rosidl_typesupport_introspection_c.cpython-310-x86_64-linux-gnu.so
[19.724s] -- Installing: /home/nathan/mapping_test/ws_livox/install/livox_ros_driver2/local/lib/python3.10/dist-packages/livox_ros_driver2/_livox_ros_driver2_s.ep.rosidl_typesupport_introspection_c.c
[19.767s] Listing '/home/nathan/mapping_test/ws_livox/install/livox_ros_driver2/local/lib/python3.10/dist-packages/livox_ros_driver2'...
[19.767s] Compiling '/home/nathan/mapping_test/ws_livox/install/livox_ros_driver2/local/lib/python3.10/dist-packages/livox_ros_driver2/__init__.py'...
[19.767s] Listing '/home/nathan/mapping_test/ws_livox/install/livox_ros_driver2/local/lib/python3.10/dist-packages/livox_ros_driver2/msg'...
[19.767s] Compiling '/home/nathan/mapping_test/ws_livox/install/livox_ros_driver2/local/lib/python3.10/dist-packages/livox_ros_driver2/msg/__init__.py'...
[19.767s] Compiling '/home/nathan/mapping_test/ws_livox/install/livox_ros_driver2/local/lib/python3.10/dist-packages/livox_ros_driver2/msg/_custom_msg.py'...
[19.767s] Compiling '/home/nathan/mapping_test/ws_livox/install/livox_ros_driver2/local/lib/python3.10/dist-packages/livox_ros_driver2/msg/_custom_point.py'...
[19.772s] -- Installing: /home/nathan/mapping_test/ws_livox/install/livox_ros_driver2/local/lib/python3.10/dist-packages/livox_ros_driver2/livox_ros_driver2_s__rosidl_typesupport_fastrtps_c.cpython-310-x86_64-linux-gnu.so
[19.773s] -- Set runtime path of "/home/nathan/mapping_test/ws_livox/install/livox_ros_driver2/local/lib/python3.10/dist-packages/livox_ros_driver2/livox_ros_driver2_s__rosidl_typesupport_fastrtps_c.cpython-310-x86_64-linux-gnu.so" to ""
[19.773s] -- Installing: /home/nathan/mapping_test/ws_livox/install/livox_ros_driver2/local/lib/python3.10/dist-packages/livox_ros_driver2/livox_ros_driver2_s__rosidl_typesupport_introspection_c.cpython-310-x86_64-linux-gnu.so
[19.774s] -- Set runtime path of "/home/nathan/mapping_test/ws_livox/install/livox_ros_driver2/local/lib/python3.10/dist-packages/livox_ros_driver2/livox_ros_driver2_s__rosidl_typesupport_introspection_c.cpython-310-x86_64-linux-gnu.so" to ""
[19.774s] -- Installing: /home/nathan/mapping_test/ws_livox/install/livox_ros_driver2/local/lib/python3.10/dist-packages/livox_ros_driver2/livox_ros_driver2_s__rosidl_typesupport_c.cpython-310-x86_64-linux-gnu.so
[19.775s] -- Set runtime path of "/home/nathan/mapping_test/ws_livox/install/livox_ros_driver2/local/lib/python3.10/dist-packages/livox_ros_driver2/livox_ros_driver2_s__rosidl_typesupport_c.cpython-310-x86_64-linux-gnu.so" to ""
[19.775s] -- Installing: /home/nathan/mapping_test/ws_livox/install/livox_ros_driver2/lib/liblivox_interfaces2__rosidl_generator_py.so
[19.775s] -- Set runtime path of "/home/nathan/mapping_test/ws_livox/install/livox_ros_driver2/lib/liblivox_interfaces2__rosidl_generator_py.so" to ""
[19.776s] -- Installing: /home/nathan/mapping_test/ws_livox/install/livox_ros_driver2/share/livox_ros_driver2/msg/CustomPoint.idl
[19.776s] -- Installing: /home/nathan/mapping_test/ws_livox/install/livox_ros_driver2/share/livox_ros_driver2/msg/CustomMsg.idl
[19.776s] -- Installing: /home/nathan/mapping_test/ws_livox/install/livox_ros_driver2/share/livox_ros_driver2/msg/CustomPoint.msg
[19.776s] -- Installing: /home/nathan/mapping_test/ws_livox/install/livox_ros_driver2/share/livox_ros_driver2/msg/CustomMsg.msg
[19.776s] -- Installing: /home/nathan/mapping_test/ws_livox/install/livox_ros_driver2/lib/livox_ros_driver2/livox_ros_driver2_node
[19.777s] -- Set runtime path of "/home/nathan/mapping_test/ws_livox/install/livox_ros_driver2/lib/livox_ros_driver2/livox_ros_driver2_node" to ""
[19.777s] -- Installing: /home/nathan/mapping_test/ws_livox/install/livox_ros_driver2/lib/liblivox_ros_driver2.so
[19.783s] -- Set runtime path of "/home/nathan/mapping_test/ws_livox/install/livox_ros_driver2/lib/liblivox_ros_driver2.so" to ""
[19.783s] -- Installing: /home/nathan/mapping_test/ws_livox/install/livox_ros_driver2/share/livox_ros_driver2/config
[19.783s] -- Installing: /home/nathan/mapping_test/ws_livox/install/livox_ros_driver2/share/livox_ros_driver2/config/display_point_cloud_ROS2.rviz
[19.784s] -- Installing: /home/nathan/mapping_test/ws_livox/install/livox_ros_driver2/share/livox_ros_driver2/config/display_point_cloud_ROS1.rviz
[19.784s] -- Installing: /home/nathan/mapping_test/ws_livox/install/livox_ros_driver2/share/livox_ros_driver2/config/mixed_HAP_MID360_config.json
[19.784s] -- Installing: /home/nathan/mapping_test/ws_livox/install/livox_ros_driver2/share/livox_ros_driver2/config/MID360_config.json
[19.784s] -- Installing: /home/nathan/mapping_test/ws_livox/install/livox_ros_driver2/share/livox_ros_driver2/config/HAP_config.json
[19.784s] -- Installing: /home/nathan/mapping_test/ws_livox/install/livox_ros_driver2/share/livox_ros_driver2/launch_ROS2
[19.784s] -- Installing: /home/nathan/mapping_test/ws_livox/install/livox_ros_driver2/share/livox_ros_driver2/launch_ROS2/rviz_HAP_launch.py
[19.784s] -- Installing: /home/nathan/mapping_test/ws_livox/install/livox_ros_driver2/share/livox_ros_driver2/launch_ROS2/msg_MID360_launch.py
[19.784s] -- Installing: /home/nathan/mapping_test/ws_livox/install/livox_ros_driver2/share/livox_ros_driver2/launch_ROS2/rviz_mixed.py
[19.784s] -- Installing: /home/nathan/mapping_test/ws_livox/install/livox_ros_driver2/share/livox_ros_driver2/launch_ROS2/msg_HAP_launch.py
[19.785s] -- Installing: /home/nathan/mapping_test/ws_livox/install/livox_ros_driver2/share/livox_ros_driver2/launch_ROS2/rviz_MID360_launch.py
[19.785s] -- Installing: /home/nathan/mapping_test/ws_livox/install/livox_ros_driver2/share/ament_index/resource_index/package_run_dependencies/livox_ros_driver2
[19.785s] -- Installing: /home/nathan/mapping_test/ws_livox/install/livox_ros_driver2/share/ament_index/resource_index/parent_prefix_path/livox_ros_driver2
[19.785s] -- Installing: /home/nathan/mapping_test/ws_livox/install/livox_ros_driver2/share/livox_ros_driver2/environment/ament_prefix_path.sh
[19.785s] -- Installing: /home/nathan/mapping_test/ws_livox/install/livox_ros_driver2/share/livox_ros_driver2/environment/ament_prefix_path.dsv
[19.786s] -- Installing: /home/nathan/mapping_test/ws_livox/install/livox_ros_driver2/share/livox_ros_driver2/environment/path.sh
[19.786s] -- Installing: /home/nathan/mapping_test/ws_livox/install/livox_ros_driver2/share/livox_ros_driver2/environment/path.dsv
[19.786s] -- Installing: /home/nathan/mapping_test/ws_livox/install/livox_ros_driver2/share/livox_ros_driver2/local_setup.bash
[19.786s] -- Installing: /home/nathan/mapping_test/ws_livox/install/livox_ros_driver2/share/livox_ros_driver2/local_setup.sh
[19.787s] -- Installing: /home/nathan/mapping_test/ws_livox/install/livox_ros_driver2/share/livox_ros_driver2/local_setup.zsh
[19.787s] -- Installing: /home/nathan/mapping_test/ws_livox/install/livox_ros_driver2/share/livox_ros_driver2/local_setup.dsv
[19.787s] -- Installing: /home/nathan/mapping_test/ws_livox/install/livox_ros_driver2/share/livox_ros_driver2/package.dsv
[19.787s] -- Installing: /home/nathan/mapping_test/ws_livox/install/livox_ros_driver2/share/ament_index/resource_index/packages/livox_ros_driver2
[19.787s] -- Installing: /home/nathan/mapping_test/ws_livox/install/livox_ros_driver2/share/livox_ros_driver2/cmake/export_livox_interfaces2__rosidl_generator_cExport.cmake
[19.788s] -- Installing: /home/nathan/mapping_test/ws_livox/install/livox_ros_driver2/share/livox_ros_driver2/cmake/export_livox_interfaces2__rosidl_generator_cExport-noconfig.cmake
[19.788s] -- Installing: /home/nathan/mapping_test/ws_livox/install/livox_ros_driver2/share/livox_ros_driver2/cmake/export_livox_interfaces2__rosidl_typesupport_fastrtps_cExport.cmake
[19.788s] -- Installing: /home/nathan/mapping_test/ws_livox/install/livox_ros_driver2/share/livox_ros_driver2/cmake/export_livox_interfaces2__rosidl_typesupport_fastrtps_cExport-noconfig.cmake
[19.788s] -- Installing: /home/nathan/mapping_test/ws_livox/install/livox_ros_driver2/share/livox_ros_driver2/cmake/livox_interfaces2__rosidl_typesupport_introspection_cExport.cmake
[19.788s] -- Installing: /home/nathan/mapping_test/ws_livox/install/livox_ros_driver2/share/livox_ros_driver2/cmake/livox_interfaces2__rosidl_typesupport_introspection_cExport-noconfig.cmake
[19.789s] -- Installing: /home/nathan/mapping_test/ws_livox/install/livox_ros_driver2/share/livox_ros_driver2/cmake/livox_interfaces2__rosidl_typesupport_cExport.cmake
[19.789s] -- Installing: /home/nathan/mapping_test/ws_livox/install/livox_ros_driver2/share/livox_ros_driver2/cmake/livox_interfaces2__rosidl_typesupport_cExport-noconfig.cmake
[19.789s] -- Installing: /home/nathan/mapping_test/ws_livox/install/livox_ros_driver2/share/livox_ros_driver2/cmake/export_livox_interfaces2__rosidl_generator_cppExport.cmake
[19.789s] -- Installing: /home/nathan/mapping_test/ws_livox/install/livox_ros_driver2/share/livox_ros_driver2/cmake/export_livox_interfaces2__rosidl_typesupport_fastrtps_cppExport.cmake
[19.790s] -- Installing: /home/nathan/mapping_test/ws_livox/install/livox_ros_driver2/share/livox_ros_driver2/cmake/export_livox_interfaces2__rosidl_typesupport_fastrtps_cppExport-noconfig.cmake
[19.790s] -- Installing: /home/nathan/mapping_test/ws_livox/install/livox_ros_driver2/share/livox_ros_driver2/cmake/livox_interfaces2__rosidl_typesupport_introspection_cppExport.cmake
[19.790s] -- Installing: /home/nathan/mapping_test/ws_livox/install/livox_ros_driver2/share/livox_ros_driver2/cmake/livox_interfaces2__rosidl_typesupport_introspection_cppExport-noconfig.cmake
[19.790s] -- Installing: /home/nathan/mapping_test/ws_livox/install/livox_ros_driver2/share/livox_ros_driver2/cmake/livox_interfaces2__rosidl_typesupport_cppExport.cmake
[19.790s] -- Installing: /home/nathan/mapping_test/ws_livox/install/livox_ros_driver2/share/livox_ros_driver2/cmake/livox_interfaces2__rosidl_typesupport_cppExport-noconfig.cmake
[19.791s] -- Installing: /home/nathan/mapping_test/ws_livox/install/livox_ros_driver2/share/livox_ros_driver2/cmake/export_livox_interfaces2__rosidl_generator_pyExport.cmake
[19.791s] -- Installing: /home/nathan/mapping_test/ws_livox/install/livox_ros_driver2/share/livox_ros_driver2/cmake/export_livox_interfaces2__rosidl_generator_pyExport-noconfig.cmake
[19.791s] -- Installing: /home/nathan/mapping_test/ws_livox/install/livox_ros_driver2/share/ament_index/resource_index/rclcpp_components/livox_ros_driver2
[19.791s] -- Installing: /home/nathan/mapping_test/ws_livox/install/livox_ros_driver2/share/livox_ros_driver2/cmake/rosidl_cmake-extras.cmake
[19.791s] -- Installing: /home/nathan/mapping_test/ws_livox/install/livox_ros_driver2/share/livox_ros_driver2/cmake/ament_cmake_export_dependencies-extras.cmake
[19.791s] -- Installing: /home/nathan/mapping_test/ws_livox/install/livox_ros_driver2/share/livox_ros_driver2/cmake/ament_cmake_export_include_directories-extras.cmake
[19.792s] -- Installing: /home/nathan/mapping_test/ws_livox/install/livox_ros_driver2/share/livox_ros_driver2/cmake/ament_cmake_export_libraries-extras.cmake
[19.792s] -- Installing: /home/nathan/mapping_test/ws_livox/install/livox_ros_driver2/share/livox_ros_driver2/cmake/ament_cmake_export_targets-extras.cmake
[19.792s] -- Installing: /home/nathan/mapping_test/ws_livox/install/livox_ros_driver2/share/livox_ros_driver2/cmake/rosidl_cmake_export_typesupport_targets-extras.cmake
[19.792s] -- Installing: /home/nathan/mapping_test/ws_livox/install/livox_ros_driver2/share/livox_ros_driver2/cmake/rosidl_cmake_export_typesupport_libraries-extras.cmake
[19.792s] -- Installing: /home/nathan/mapping_test/ws_livox/install/livox_ros_driver2/share/livox_ros_driver2/cmake/livox_ros_driver2Config.cmake
[19.793s] -- Installing: /home/nathan/mapping_test/ws_livox/install/livox_ros_driver2/share/livox_ros_driver2/cmake/livox_ros_driver2Config-version.cmake
[19.793s] -- Installing: /home/nathan/mapping_test/ws_livox/install/livox_ros_driver2/share/livox_ros_driver2/package.xml
[19.795s] Invoked command in '/home/nathan/mapping_test/ws_livox/build/livox_ros_driver2' returned '0': CMAKE_PREFIX_PATH=/opt/ros/humble /usr/bin/cmake --install /home/nathan/mapping_test/ws_livox/build/livox_ros_driver2
