[0.013s] Invoking command in '/home/nathan/mapping_test/ws_livox/build/livox_ros_driver2': CMAKE_PREFIX_PATH=${CMAKE_PREFIX_PATH}:/opt/ros/humble /usr/bin/cmake /home/nathan/mapping_test/ws_livox/src/livox_ros_driver2 -DROS_EDITION=ROS2 -DHUMBLE_ROS=humble -DCMAKE_INSTALL_PREFIX=/home/nathan/mapping_test/ws_livox/install/livox_ros_driver2
[0.108s] -- The C compiler identification is GNU 11.4.0
[0.185s] -- The CXX compiler identification is GNU 11.4.0
[0.194s] -- Detecting C compiler ABI info
[0.274s] -- Detecting C compiler ABI info - done
[0.283s] -- Check for working C compiler: /usr/bin/cc - skipped
[0.283s] -- Detecting C compile features
[0.284s] -- Detecting C compile features - done
[0.287s] -- Detecting CXX compiler ABI info
[0.382s] -- Detecting CXX compiler ABI info - done
[0.391s] -- Check for working CXX compiler: /usr/bin/c++ - skipped
[0.391s] -- Detecting CXX compile features
[0.392s] -- Detecting CXX compile features - done
[0.392s] -- livox_ros_driver2 version: 1.2.4
[0.394s] -- Found ament_cmake_auto: 1.3.11 (/opt/ros/humble/share/ament_cmake_auto/cmake)
[0.570s] -- Found Python3: /usr/bin/python3 (found version "3.10.12") found components: Interpreter 
[0.755s] -- Using all available rosidl_typesupport_c: rosidl_typesupport_fastrtps_c;rosidl_typesupport_introspection_c
[0.763s] -- Found rosidl_adapter: 3.1.6 (/opt/ros/humble/share/rosidl_adapter/cmake)
[0.814s] -- Using all available rosidl_typesupport_cpp: rosidl_typesupport_fastrtps_cpp;rosidl_typesupport_introspection_cpp
[0.920s] -- Found rmw_implementation_cmake: 6.1.2 (/opt/ros/humble/share/rmw_implementation_cmake/cmake)
[0.923s] -- Found rmw_fastrtps_cpp: 6.2.7 (/opt/ros/humble/share/rmw_fastrtps_cpp/cmake)
[1.026s] -- Found OpenSSL: /usr/lib/x86_64-linux-gnu/libcrypto.so (found version "3.0.2")  
[1.061s] -- Found FastRTPS: /opt/ros/humble/include  
[1.111s] -- Using RMW implementation 'rmw_fastrtps_cpp' as default
[1.123s] -- Looking for pthread.h
[1.207s] -- Looking for pthread.h - found
[1.208s] -- Performing Test CMAKE_HAVE_LIBC_PTHREAD
[1.296s] -- Performing Test CMAKE_HAVE_LIBC_PTHREAD - Success
[1.297s] -- Found Threads: TRUE  
[1.481s] -- Checking for module 'eigen3'
[1.495s] --   Found eigen3, version 3.4.0
[1.534s] -- Found Eigen: /usr/include/eigen3 (Required is at least version "3.1") 
[1.534s] -- Eigen found (include: /usr/include/eigen3, version: 3.4.0)
[1.579s] -- Checking for module 'flann'
[1.595s] --   Found flann, version 1.9.1
[1.641s] -- Found FLANN: /usr/lib/x86_64-linux-gnu/libflann_cpp.so  
[1.641s] -- FLANN found (include: /usr/include, lib: /usr/lib/x86_64-linux-gnu/libflann_cpp.so)
[2.733s] -- Checking for module 'libusb-1.0'
[2.751s] --   Found libusb-1.0, version 1.0.25
[2.791s] -- Found libusb: /usr/lib/x86_64-linux-gnu/libusb-1.0.so  
[2.792s] -- OpenNI found (version: 1.5.4.0, include: /usr/include/ni, lib: /usr/lib/libOpenNI.so;libusb::libusb)
[2.857s] -- OpenNI2 found (version: 2.2.0.33, include: /usr/include/openni2, lib: /usr/lib/x86_64-linux-gnu/libOpenNI2.so;libusb::libusb)
[3.029s] -- Eigen found (include: /usr/include/eigen3, version: 3.4.0)
[3.038s] -- OpenNI found (version: 1.5.4.0, include: /usr/include/ni, lib: /usr/lib/libOpenNI.so;libusb::libusb)
[3.046s] -- OpenNI2 found (version: 2.2.0.33, include: /usr/include/openni2, lib: /usr/lib/x86_64-linux-gnu/libOpenNI2.so;libusb::libusb)
[3.214s] -- Found Qhull version 8.0.2
[3.381s] -- OpenNI found (version: 1.5.4.0, include: /usr/include/ni, lib: /usr/lib/libOpenNI.so;libusb::libusb)
[3.547s] -- Found PCL_COMMON: /usr/lib/x86_64-linux-gnu/libpcl_common.so  
[3.549s] -- Found PCL_KDTREE: /usr/lib/x86_64-linux-gnu/libpcl_kdtree.so  
[3.550s] -- Found PCL_OCTREE: /usr/lib/x86_64-linux-gnu/libpcl_octree.so  
[3.551s] -- Found PCL_SEARCH: /usr/lib/x86_64-linux-gnu/libpcl_search.so  
[3.552s] -- Found PCL_SAMPLE_CONSENSUS: /usr/lib/x86_64-linux-gnu/libpcl_sample_consensus.so  
[3.553s] -- Found PCL_FILTERS: /usr/lib/x86_64-linux-gnu/libpcl_filters.so  
[3.553s] -- Found PCL_2D: /usr/include/pcl-1.12  
[3.554s] -- Found PCL_GEOMETRY: /usr/include/pcl-1.12  
[3.555s] -- Found PCL_IO: /usr/lib/x86_64-linux-gnu/libpcl_io.so  
[3.556s] -- Found PCL_FEATURES: /usr/lib/x86_64-linux-gnu/libpcl_features.so  
[3.558s] -- Found PCL_ML: /usr/lib/x86_64-linux-gnu/libpcl_ml.so  
[3.559s] -- Found PCL_SEGMENTATION: /usr/lib/x86_64-linux-gnu/libpcl_segmentation.so  
[3.560s] -- Found PCL_VISUALIZATION: /usr/lib/x86_64-linux-gnu/libpcl_visualization.so  
[3.561s] -- Found PCL_SURFACE: /usr/lib/x86_64-linux-gnu/libpcl_surface.so  
[3.563s] -- Found PCL_REGISTRATION: /usr/lib/x86_64-linux-gnu/libpcl_registration.so  
[3.564s] -- Found PCL_KEYPOINTS: /usr/lib/x86_64-linux-gnu/libpcl_keypoints.so  
[3.565s] -- Found PCL_TRACKING: /usr/lib/x86_64-linux-gnu/libpcl_tracking.so  
[3.566s] -- Found PCL_RECOGNITION: /usr/lib/x86_64-linux-gnu/libpcl_recognition.so  
[3.567s] -- Found PCL_STEREO: /usr/lib/x86_64-linux-gnu/libpcl_stereo.so  
[3.568s] -- Found PCL_APPS: /usr/lib/x86_64-linux-gnu/libpcl_apps.so  
[3.569s] -- Found PCL_IN_HAND_SCANNER: /usr/include/pcl-1.12  
[3.570s] -- Found PCL_MODELER: /usr/include/pcl-1.12  
[3.570s] -- Found PCL_POINT_CLOUD_EDITOR: /usr/include/pcl-1.12  
[3.571s] -- Found PCL_OUTOFCORE: /usr/lib/x86_64-linux-gnu/libpcl_outofcore.so  
[3.573s] -- Found PCL_PEOPLE: /usr/lib/x86_64-linux-gnu/libpcl_people.so  
[3.629s] -- Found PkgConfig: /usr/bin/pkg-config (found version "0.29.2") 
[3.630s] -- Checking for module 'apr-1'
[3.634s] --   No package 'apr-1' found
[3.879s] -- Found ament_cmake_ros: 0.10.0 (/opt/ros/humble/share/ament_cmake_ros/cmake)
[4.138s] -- Using all available rosidl_typesupport_c: rosidl_typesupport_fastrtps_c;rosidl_typesupport_introspection_c
[4.476s] -- Using all available rosidl_typesupport_cpp: rosidl_typesupport_fastrtps_cpp;rosidl_typesupport_introspection_cpp
[4.502s] -- Found PythonInterp: /usr/bin/python3 (found suitable version "3.10.12", minimum required is "3.6") 
[4.505s] -- Found python_cmake_module: 0.10.0 (/opt/ros/humble/share/python_cmake_module/cmake)
[4.534s] -- Found PythonLibs: /usr/lib/x86_64-linux-gnu/libpython3.10.so (found suitable version "3.10.12", minimum required is "3.5") 
[4.534s] -- Using PYTHON_EXECUTABLE: /usr/bin/python3
[4.534s] -- Using PYTHON_INCLUDE_DIRS: /usr/include/python3.10
[4.534s] -- Using PYTHON_LIBRARIES: /usr/lib/x86_64-linux-gnu/libpython3.10.so
[4.561s] -- Found PythonExtra: .so  
[4.635s] -- Found ament_lint_auto: 0.12.12 (/opt/ros/humble/share/ament_lint_auto/cmake)
[4.665s] -- Added test 'copyright' to check source files copyright and LICENSE
[4.676s] -- Added test 'cppcheck' to perform static code analysis on C / C++ code
[4.677s] -- Configured cppcheck include dirs: /home/nathan/mapping_test/ws_livox/src/livox_ros_driver2/3rdparty;/home/nathan/mapping_test/ws_livox/src/livox_ros_driver2/src
[4.677s] -- Configured cppcheck exclude dirs and/or files: 
[4.686s] -- Added test 'cpplint' to check C / C++ code against the Google style
[4.686s] -- Configured cpplint exclude dirs and/or files: 
[4.688s] -- Added test 'flake8' to check Python code syntax and style conventions
[4.691s] -- Added test 'lint_cmake' to check CMake code style
[4.693s] -- Added test 'pep257' to check Python code against some of the docstring style conventions in PEP 257
[4.703s] -- Added test 'uncrustify' to check C / C++ code style
[4.704s] -- Configured uncrustify additional arguments: 
[4.705s] -- Added test 'xmllint' to check XML markup files
[4.709s] -- Configuring done
[4.816s] -- Generating done
[4.843s] -- Build files have been written to: /home/nathan/mapping_test/ws_livox/build/livox_ros_driver2
[4.865s] Invoked command in '/home/nathan/mapping_test/ws_livox/build/livox_ros_driver2' returned '0': CMAKE_PREFIX_PATH=${CMAKE_PREFIX_PATH}:/opt/ros/humble /usr/bin/cmake /home/nathan/mapping_test/ws_livox/src/livox_ros_driver2 -DROS_EDITION=ROS2 -DHUMBLE_ROS=humble -DCMAKE_INSTALL_PREFIX=/home/nathan/mapping_test/ws_livox/install/livox_ros_driver2
[4.868s] Invoking command in '/home/nathan/mapping_test/ws_livox/build/livox_ros_driver2': CMAKE_PREFIX_PATH=${CMAKE_PREFIX_PATH}:/opt/ros/humble /usr/bin/cmake --build /home/nathan/mapping_test/ws_livox/build/livox_ros_driver2 -- -j8 -l8
[4.921s] [  1%] [34m[1mGenerating C code for ROS interfaces[0m
[4.933s] [  5%] [34m[1mGenerating C++ code for ROS interfaces[0m
[4.933s] [  5%] [32mBuilding CXX object CMakeFiles/livox_ros_driver2_node.dir/rclcpp_components/node_main_livox_ros_driver2_node.cpp.o[0m
[4.943s] [  5%] Built target ament_cmake_python_copy_livox_ros_driver2
[5.257s] running egg_info
[5.258s] creating livox_ros_driver2.egg-info
[5.259s] writing livox_ros_driver2.egg-info/PKG-INFO
[5.259s] writing dependency_links to livox_ros_driver2.egg-info/dependency_links.txt
[5.259s] writing top-level names to livox_ros_driver2.egg-info/top_level.txt
[5.259s] writing manifest file 'livox_ros_driver2.egg-info/SOURCES.txt'
[5.263s] reading manifest file 'livox_ros_driver2.egg-info/SOURCES.txt'
[5.264s] writing manifest file 'livox_ros_driver2.egg-info/SOURCES.txt'
[5.294s] [  5%] Built target ament_cmake_python_build_livox_ros_driver2_egg
[5.446s] [  5%] Built target livox_interfaces2__cpp
[5.464s] [  8%] [34m[1mGenerating C++ type support dispatch for ROS interfaces[0m
[5.464s] [  8%] [34m[1mGenerating C++ type support for eProsima Fast-RTPS[0m
[5.464s] [ 10%] [34m[1mGenerating C++ introspection for ROS interfaces[0m
[5.658s] [ 12%] [32mBuilding C object CMakeFiles/livox_interfaces2__rosidl_generator_c.dir/rosidl_generator_c/livox_ros_driver2/msg/detail/custom_point__functions.c.o[0m
[5.658s] [ 14%] [32mBuilding C object CMakeFiles/livox_interfaces2__rosidl_generator_c.dir/rosidl_generator_c/livox_ros_driver2/msg/detail/custom_msg__functions.c.o[0m
[5.745s] [ 15%] [32m[1mLinking C shared library liblivox_ros_driver2__rosidl_generator_c.so[0m
[5.806s] [ 15%] Built target livox_interfaces2__rosidl_generator_c
[5.824s] [ 19%] [34m[1mGenerating C introspection for ROS interfaces[0m
[5.824s] [ 21%] [34m[1mGenerating C type support dispatch for ROS interfaces[0m
[5.824s] [ 21%] [34m[1mGenerating C type support for eProsima Fast-RTPS[0m
[6.055s] [ 22%] [32mBuilding CXX object CMakeFiles/livox_interfaces2__rosidl_typesupport_cpp.dir/rosidl_typesupport_cpp/livox_ros_driver2/msg/custom_msg__type_support.cpp.o[0m
[6.056s] [ 24%] [32mBuilding CXX object CMakeFiles/livox_interfaces2__rosidl_typesupport_cpp.dir/rosidl_typesupport_cpp/livox_ros_driver2/msg/custom_point__type_support.cpp.o[0m
[6.305s] [ 26%] [32mBuilding CXX object CMakeFiles/livox_interfaces2__rosidl_typesupport_fastrtps_cpp.dir/rosidl_typesupport_fastrtps_cpp/livox_ros_driver2/msg/detail/dds_fastrtps/custom_point__type_support.cpp.o[0m
[6.331s] [ 28%] [32mBuilding CXX object CMakeFiles/livox_interfaces2__rosidl_typesupport_introspection_cpp.dir/rosidl_typesupport_introspection_cpp/livox_ros_driver2/msg/detail/custom_point__type_support.cpp.o[0m
[6.550s] [ 29%] [32mBuilding CXX object CMakeFiles/livox_interfaces2__rosidl_typesupport_introspection_cpp.dir/rosidl_typesupport_introspection_cpp/livox_ros_driver2/msg/detail/custom_msg__type_support.cpp.o[0m
[6.572s] [ 31%] [32m[1mLinking CXX shared library liblivox_ros_driver2__rosidl_typesupport_cpp.so[0m
[6.620s] [ 33%] [32mBuilding CXX object CMakeFiles/livox_interfaces2__rosidl_typesupport_c.dir/rosidl_typesupport_c/livox_ros_driver2/msg/custom_point__type_support.cpp.o[0m
[6.657s] [ 33%] Built target livox_interfaces2__rosidl_typesupport_cpp
[6.676s] [ 35%] [32mBuilding CXX object CMakeFiles/livox_interfaces2__rosidl_typesupport_c.dir/rosidl_typesupport_c/livox_ros_driver2/msg/custom_msg__type_support.cpp.o[0m
[6.693s] [ 36%] [32mBuilding CXX object CMakeFiles/livox_ros_driver2.dir/src/livox_ros_driver2.cpp.o[0m
[6.729s] [ 38%] [32mBuilding C object CMakeFiles/livox_interfaces2__rosidl_typesupport_introspection_c.dir/rosidl_typesupport_introspection_c/livox_ros_driver2/msg/detail/custom_point__type_support.c.o[0m
[6.739s] [ 40%] [32m[1mLinking CXX shared library liblivox_ros_driver2__rosidl_typesupport_c.so[0m
[6.756s] [ 42%] [32mBuilding CXX object CMakeFiles/livox_interfaces2__rosidl_typesupport_fastrtps_c.dir/rosidl_typesupport_fastrtps_c/livox_ros_driver2/msg/detail/custom_point__type_support_c.cpp.o[0m
[6.793s] [ 43%] [32mBuilding C object CMakeFiles/livox_interfaces2__rosidl_typesupport_introspection_c.dir/rosidl_typesupport_introspection_c/livox_ros_driver2/msg/detail/custom_msg__type_support.c.o[0m
[6.852s] [ 43%] Built target livox_interfaces2__rosidl_typesupport_c
[6.875s] [ 45%] [32mBuilding CXX object CMakeFiles/livox_interfaces2__rosidl_typesupport_fastrtps_c.dir/rosidl_typesupport_fastrtps_c/livox_ros_driver2/msg/detail/custom_msg__type_support_c.cpp.o[0m
[6.882s] [ 47%] [32m[1mLinking C shared library liblivox_ros_driver2__rosidl_typesupport_introspection_c.so[0m
[6.940s] [ 47%] Built target livox_interfaces2__rosidl_typesupport_introspection_c
[6.954s] [ 49%] [32mBuilding CXX object CMakeFiles/livox_ros_driver2.dir/src/lddc.cpp.o[0m
[6.999s] [ 50%] [32mBuilding CXX object CMakeFiles/livox_interfaces2__rosidl_typesupport_fastrtps_cpp.dir/rosidl_typesupport_fastrtps_cpp/livox_ros_driver2/msg/detail/dds_fastrtps/custom_msg__type_support.cpp.o[0m
[7.072s] [ 52%] [32mBuilding CXX object CMakeFiles/livox_ros_driver2.dir/src/driver_node.cpp.o[0m
[7.357s] [ 54%] [32m[1mLinking CXX shared library liblivox_ros_driver2__rosidl_typesupport_introspection_cpp.so[0m
[7.412s] [ 56%] [32mBuilding CXX object CMakeFiles/livox_ros_driver2.dir/src/lds.cpp.o[0m
[7.534s] [ 56%] Built target livox_interfaces2__rosidl_typesupport_introspection_cpp
[7.550s] [ 57%] [32mBuilding CXX object CMakeFiles/livox_ros_driver2.dir/src/lds_lidar.cpp.o[0m
[7.564s] [ 59%] [32m[1mLinking CXX shared library liblivox_ros_driver2__rosidl_typesupport_fastrtps_c.so[0m
[7.716s] [ 59%] Built target livox_interfaces2__rosidl_typesupport_fastrtps_c
[7.734s] [ 61%] [32mBuilding CXX object CMakeFiles/livox_ros_driver2.dir/src/comm/comm.cpp.o[0m
[7.789s] [ 63%] [32m[1mLinking CXX shared library liblivox_ros_driver2__rosidl_typesupport_fastrtps_cpp.so[0m
[7.933s] [ 63%] Built target livox_interfaces2__rosidl_typesupport_fastrtps_cpp
[7.948s] [ 64%] [32mBuilding CXX object CMakeFiles/livox_ros_driver2.dir/src/comm/ldq.cpp.o[0m
[8.864s] [ 66%] [32mBuilding CXX object CMakeFiles/livox_ros_driver2.dir/src/comm/semaphore.cpp.o[0m
[8.923s] [ 68%] [32mBuilding CXX object CMakeFiles/livox_ros_driver2.dir/src/comm/lidar_imu_data_queue.cpp.o[0m
[9.053s] [ 70%] [32mBuilding CXX object CMakeFiles/livox_ros_driver2.dir/src/comm/cache_index.cpp.o[0m
[9.397s] [ 70%] Built target livox_interfaces2
[9.412s] [ 71%] [32mBuilding CXX object CMakeFiles/livox_ros_driver2.dir/src/comm/pub_handler.cpp.o[0m
[9.624s] [ 73%] [34m[1mGenerating Python code for ROS interfaces[0m
[9.717s] [ 75%] [32mBuilding CXX object CMakeFiles/livox_ros_driver2.dir/src/parse_cfg_file/parse_cfg_file.cpp.o[0m
[10.432s] [ 77%] [32mBuilding CXX object CMakeFiles/livox_ros_driver2.dir/src/parse_cfg_file/parse_livox_lidar_cfg.cpp.o[0m
[10.624s] [ 78%] [32m[1mLinking CXX executable livox_ros_driver2_node[0m
[10.912s] [ 78%] Built target livox_ros_driver2_node
[10.930s] [ 80%] [32mBuilding CXX object CMakeFiles/livox_ros_driver2.dir/src/call_back/lidar_common_callback.cpp.o[0m
[11.390s] [ 80%] Built target livox_interfaces2__py
[11.407s] [ 82%] [32mBuilding CXX object CMakeFiles/livox_ros_driver2.dir/src/call_back/livox_lidar_callback.cpp.o[0m
[11.469s] [ 84%] [32mBuilding C object CMakeFiles/livox_interfaces2__rosidl_generator_py.dir/rosidl_generator_py/livox_ros_driver2/msg/_custom_point_s.c.o[0m
[11.677s] [ 85%] [32mBuilding C object CMakeFiles/livox_interfaces2__rosidl_generator_py.dir/rosidl_generator_py/livox_ros_driver2/msg/_custom_msg_s.c.o[0m
[11.911s] [ 87%] [32m[1mLinking C shared library rosidl_generator_py/livox_ros_driver2/liblivox_interfaces2__rosidl_generator_py.so[0m
[12.018s] [ 87%] Built target livox_interfaces2__rosidl_generator_py
[12.058s] [ 89%] [32mBuilding C object CMakeFiles/livox_ros_driver2__rosidl_typesupport_fastrtps_c__pyext.dir/rosidl_generator_py/livox_ros_driver2/_livox_ros_driver2_s.ep.rosidl_typesupport_fastrtps_c.c.o[0m
[12.143s] [ 91%] [32mBuilding C object CMakeFiles/livox_ros_driver2__rosidl_typesupport_introspection_c__pyext.dir/rosidl_generator_py/livox_ros_driver2/_livox_ros_driver2_s.ep.rosidl_typesupport_introspection_c.c.o[0m
[12.272s] [ 92%] [32mBuilding C object CMakeFiles/livox_ros_driver2__rosidl_typesupport_c__pyext.dir/rosidl_generator_py/livox_ros_driver2/_livox_ros_driver2_s.ep.rosidl_typesupport_c.c.o[0m
[12.338s] [ 94%] [32m[1mLinking C shared library rosidl_generator_py/livox_ros_driver2/livox_ros_driver2_s__rosidl_typesupport_fastrtps_c.cpython-310-x86_64-linux-gnu.so[0m
[12.357s] [ 96%] [32m[1mLinking C shared library rosidl_generator_py/livox_ros_driver2/livox_ros_driver2_s__rosidl_typesupport_introspection_c.cpython-310-x86_64-linux-gnu.so[0m
[12.416s] [ 96%] Built target livox_ros_driver2__rosidl_typesupport_fastrtps_c__pyext
[12.434s] [ 96%] Built target livox_ros_driver2__rosidl_typesupport_introspection_c__pyext
[12.471s] [ 98%] [32m[1mLinking C shared library rosidl_generator_py/livox_ros_driver2/livox_ros_driver2_s__rosidl_typesupport_c.cpython-310-x86_64-linux-gnu.so[0m
[12.523s] [ 98%] Built target livox_ros_driver2__rosidl_typesupport_c__pyext
[19.171s] [100%] [32m[1mLinking CXX shared library liblivox_ros_driver2.so[0m
[20.025s] [100%] Built target livox_ros_driver2
[20.041s] Invoked command in '/home/nathan/mapping_test/ws_livox/build/livox_ros_driver2' returned '0': CMAKE_PREFIX_PATH=${CMAKE_PREFIX_PATH}:/opt/ros/humble /usr/bin/cmake --build /home/nathan/mapping_test/ws_livox/build/livox_ros_driver2 -- -j8 -l8
[20.053s] Invoking command in '/home/nathan/mapping_test/ws_livox/build/livox_ros_driver2': CMAKE_PREFIX_PATH=${CMAKE_PREFIX_PATH}:/opt/ros/humble /usr/bin/cmake --install /home/nathan/mapping_test/ws_livox/build/livox_ros_driver2
[20.063s] -- Install configuration: ""
[20.063s] -- Installing: /home/nathan/mapping_test/ws_livox/install/livox_ros_driver2/share/ament_index/resource_index/rosidl_interfaces/livox_ros_driver2
[20.063s] -- Installing: /home/nathan/mapping_test/ws_livox/install/livox_ros_driver2/include/livox_ros_driver2/livox_ros_driver2
[20.064s] -- Installing: /home/nathan/mapping_test/ws_livox/install/livox_ros_driver2/include/livox_ros_driver2/livox_ros_driver2/msg
[20.064s] -- Installing: /home/nathan/mapping_test/ws_livox/install/livox_ros_driver2/include/livox_ros_driver2/livox_ros_driver2/msg/detail
[20.064s] -- Installing: /home/nathan/mapping_test/ws_livox/install/livox_ros_driver2/include/livox_ros_driver2/livox_ros_driver2/msg/detail/custom_msg__struct.h
[20.064s] -- Installing: /home/nathan/mapping_test/ws_livox/install/livox_ros_driver2/include/livox_ros_driver2/livox_ros_driver2/msg/detail/custom_point__struct.h
[20.064s] -- Installing: /home/nathan/mapping_test/ws_livox/install/livox_ros_driver2/include/livox_ros_driver2/livox_ros_driver2/msg/detail/custom_point__functions.h
[20.065s] -- Installing: /home/nathan/mapping_test/ws_livox/install/livox_ros_driver2/include/livox_ros_driver2/livox_ros_driver2/msg/detail/custom_point__functions.c
[20.065s] -- Installing: /home/nathan/mapping_test/ws_livox/install/livox_ros_driver2/include/livox_ros_driver2/livox_ros_driver2/msg/detail/custom_msg__functions.c
[20.065s] -- Installing: /home/nathan/mapping_test/ws_livox/install/livox_ros_driver2/include/livox_ros_driver2/livox_ros_driver2/msg/detail/custom_point__type_support.h
[20.065s] -- Installing: /home/nathan/mapping_test/ws_livox/install/livox_ros_driver2/include/livox_ros_driver2/livox_ros_driver2/msg/detail/custom_msg__type_support.h
[20.065s] -- Installing: /home/nathan/mapping_test/ws_livox/install/livox_ros_driver2/include/livox_ros_driver2/livox_ros_driver2/msg/detail/custom_msg__functions.h
[20.066s] -- Installing: /home/nathan/mapping_test/ws_livox/install/livox_ros_driver2/include/livox_ros_driver2/livox_ros_driver2/msg/custom_msg.h
[20.066s] -- Installing: /home/nathan/mapping_test/ws_livox/install/livox_ros_driver2/include/livox_ros_driver2/livox_ros_driver2/msg/custom_point.h
[20.066s] -- Installing: /home/nathan/mapping_test/ws_livox/install/livox_ros_driver2/include/livox_ros_driver2/livox_ros_driver2/msg/rosidl_generator_c__visibility_control.h
[20.066s] -- Installing: /home/nathan/mapping_test/ws_livox/install/livox_ros_driver2/share/livox_ros_driver2/environment/library_path.sh
[20.066s] -- Installing: /home/nathan/mapping_test/ws_livox/install/livox_ros_driver2/share/livox_ros_driver2/environment/library_path.dsv
[20.067s] -- Installing: /home/nathan/mapping_test/ws_livox/install/livox_ros_driver2/lib/liblivox_ros_driver2__rosidl_generator_c.so
[20.067s] -- Set runtime path of "/home/nathan/mapping_test/ws_livox/install/livox_ros_driver2/lib/liblivox_ros_driver2__rosidl_generator_c.so" to ""
[20.067s] -- Up-to-date: /home/nathan/mapping_test/ws_livox/install/livox_ros_driver2/include/livox_ros_driver2/livox_ros_driver2
[20.068s] -- Up-to-date: /home/nathan/mapping_test/ws_livox/install/livox_ros_driver2/include/livox_ros_driver2/livox_ros_driver2/msg
[20.068s] -- Up-to-date: /home/nathan/mapping_test/ws_livox/install/livox_ros_driver2/include/livox_ros_driver2/livox_ros_driver2/msg/detail
[20.068s] -- Installing: /home/nathan/mapping_test/ws_livox/install/livox_ros_driver2/include/livox_ros_driver2/livox_ros_driver2/msg/detail/custom_point__rosidl_typesupport_fastrtps_c.h
[20.068s] -- Installing: /home/nathan/mapping_test/ws_livox/install/livox_ros_driver2/include/livox_ros_driver2/livox_ros_driver2/msg/detail/custom_msg__rosidl_typesupport_fastrtps_c.h
[20.068s] -- Installing: /home/nathan/mapping_test/ws_livox/install/livox_ros_driver2/include/livox_ros_driver2/livox_ros_driver2/msg/rosidl_typesupport_fastrtps_c__visibility_control.h
[20.068s] -- Installing: /home/nathan/mapping_test/ws_livox/install/livox_ros_driver2/lib/liblivox_ros_driver2__rosidl_typesupport_fastrtps_c.so
[20.069s] -- Set runtime path of "/home/nathan/mapping_test/ws_livox/install/livox_ros_driver2/lib/liblivox_ros_driver2__rosidl_typesupport_fastrtps_c.so" to ""
[20.069s] -- Up-to-date: /home/nathan/mapping_test/ws_livox/install/livox_ros_driver2/include/livox_ros_driver2/livox_ros_driver2
[20.069s] -- Up-to-date: /home/nathan/mapping_test/ws_livox/install/livox_ros_driver2/include/livox_ros_driver2/livox_ros_driver2/msg
[20.069s] -- Up-to-date: /home/nathan/mapping_test/ws_livox/install/livox_ros_driver2/include/livox_ros_driver2/livox_ros_driver2/msg/detail
[20.069s] -- Installing: /home/nathan/mapping_test/ws_livox/install/livox_ros_driver2/include/livox_ros_driver2/livox_ros_driver2/msg/detail/custom_msg__type_support.c
[20.070s] -- Installing: /home/nathan/mapping_test/ws_livox/install/livox_ros_driver2/include/livox_ros_driver2/livox_ros_driver2/msg/detail/custom_point__rosidl_typesupport_introspection_c.h
[20.070s] -- Installing: /home/nathan/mapping_test/ws_livox/install/livox_ros_driver2/include/livox_ros_driver2/livox_ros_driver2/msg/detail/custom_msg__rosidl_typesupport_introspection_c.h
[20.070s] -- Installing: /home/nathan/mapping_test/ws_livox/install/livox_ros_driver2/include/livox_ros_driver2/livox_ros_driver2/msg/detail/custom_point__type_support.c
[20.070s] -- Installing: /home/nathan/mapping_test/ws_livox/install/livox_ros_driver2/include/livox_ros_driver2/livox_ros_driver2/msg/rosidl_typesupport_introspection_c__visibility_control.h
[20.070s] -- Installing: /home/nathan/mapping_test/ws_livox/install/livox_ros_driver2/lib/liblivox_ros_driver2__rosidl_typesupport_introspection_c.so
[20.070s] -- Set runtime path of "/home/nathan/mapping_test/ws_livox/install/livox_ros_driver2/lib/liblivox_ros_driver2__rosidl_typesupport_introspection_c.so" to ""
[20.070s] -- Installing: /home/nathan/mapping_test/ws_livox/install/livox_ros_driver2/lib/liblivox_ros_driver2__rosidl_typesupport_c.so
[20.071s] -- Set runtime path of "/home/nathan/mapping_test/ws_livox/install/livox_ros_driver2/lib/liblivox_ros_driver2__rosidl_typesupport_c.so" to ""
[20.071s] -- Up-to-date: /home/nathan/mapping_test/ws_livox/install/livox_ros_driver2/include/livox_ros_driver2/livox_ros_driver2
[20.071s] -- Up-to-date: /home/nathan/mapping_test/ws_livox/install/livox_ros_driver2/include/livox_ros_driver2/livox_ros_driver2/msg
[20.071s] -- Installing: /home/nathan/mapping_test/ws_livox/install/livox_ros_driver2/include/livox_ros_driver2/livox_ros_driver2/msg/custom_point.hpp
[20.072s] -- Up-to-date: /home/nathan/mapping_test/ws_livox/install/livox_ros_driver2/include/livox_ros_driver2/livox_ros_driver2/msg/detail
[20.072s] -- Installing: /home/nathan/mapping_test/ws_livox/install/livox_ros_driver2/include/livox_ros_driver2/livox_ros_driver2/msg/detail/custom_point__struct.hpp
[20.072s] -- Installing: /home/nathan/mapping_test/ws_livox/install/livox_ros_driver2/include/livox_ros_driver2/livox_ros_driver2/msg/detail/custom_msg__builder.hpp
[20.072s] -- Installing: /home/nathan/mapping_test/ws_livox/install/livox_ros_driver2/include/livox_ros_driver2/livox_ros_driver2/msg/detail/custom_msg__traits.hpp
[20.072s] -- Installing: /home/nathan/mapping_test/ws_livox/install/livox_ros_driver2/include/livox_ros_driver2/livox_ros_driver2/msg/detail/custom_msg__struct.hpp
[20.072s] -- Installing: /home/nathan/mapping_test/ws_livox/install/livox_ros_driver2/include/livox_ros_driver2/livox_ros_driver2/msg/detail/custom_msg__type_support.hpp
[20.072s] -- Installing: /home/nathan/mapping_test/ws_livox/install/livox_ros_driver2/include/livox_ros_driver2/livox_ros_driver2/msg/detail/custom_point__type_support.hpp
[20.072s] -- Installing: /home/nathan/mapping_test/ws_livox/install/livox_ros_driver2/include/livox_ros_driver2/livox_ros_driver2/msg/detail/custom_point__traits.hpp
[20.073s] -- Installing: /home/nathan/mapping_test/ws_livox/install/livox_ros_driver2/include/livox_ros_driver2/livox_ros_driver2/msg/detail/custom_point__builder.hpp
[20.073s] -- Installing: /home/nathan/mapping_test/ws_livox/install/livox_ros_driver2/include/livox_ros_driver2/livox_ros_driver2/msg/custom_msg.hpp
[20.073s] -- Installing: /home/nathan/mapping_test/ws_livox/install/livox_ros_driver2/include/livox_ros_driver2/livox_ros_driver2/msg/rosidl_generator_cpp__visibility_control.hpp
[20.073s] -- Up-to-date: /home/nathan/mapping_test/ws_livox/install/livox_ros_driver2/include/livox_ros_driver2/livox_ros_driver2
[20.073s] -- Up-to-date: /home/nathan/mapping_test/ws_livox/install/livox_ros_driver2/include/livox_ros_driver2/livox_ros_driver2/msg
[20.073s] -- Up-to-date: /home/nathan/mapping_test/ws_livox/install/livox_ros_driver2/include/livox_ros_driver2/livox_ros_driver2/msg/detail
[20.073s] -- Installing: /home/nathan/mapping_test/ws_livox/install/livox_ros_driver2/include/livox_ros_driver2/livox_ros_driver2/msg/detail/custom_point__rosidl_typesupport_fastrtps_cpp.hpp
[20.073s] -- Installing: /home/nathan/mapping_test/ws_livox/install/livox_ros_driver2/include/livox_ros_driver2/livox_ros_driver2/msg/detail/custom_msg__rosidl_typesupport_fastrtps_cpp.hpp
[20.073s] -- Installing: /home/nathan/mapping_test/ws_livox/install/livox_ros_driver2/include/livox_ros_driver2/livox_ros_driver2/msg/detail/dds_fastrtps
[20.074s] -- Installing: /home/nathan/mapping_test/ws_livox/install/livox_ros_driver2/include/livox_ros_driver2/livox_ros_driver2/msg/rosidl_typesupport_fastrtps_cpp__visibility_control.h
[20.074s] -- Installing: /home/nathan/mapping_test/ws_livox/install/livox_ros_driver2/lib/liblivox_ros_driver2__rosidl_typesupport_fastrtps_cpp.so
[20.074s] -- Set runtime path of "/home/nathan/mapping_test/ws_livox/install/livox_ros_driver2/lib/liblivox_ros_driver2__rosidl_typesupport_fastrtps_cpp.so" to ""
[20.075s] -- Up-to-date: /home/nathan/mapping_test/ws_livox/install/livox_ros_driver2/include/livox_ros_driver2/livox_ros_driver2
[20.075s] -- Up-to-date: /home/nathan/mapping_test/ws_livox/install/livox_ros_driver2/include/livox_ros_driver2/livox_ros_driver2/msg
[20.075s] -- Up-to-date: /home/nathan/mapping_test/ws_livox/install/livox_ros_driver2/include/livox_ros_driver2/livox_ros_driver2/msg/detail
[20.075s] -- Installing: /home/nathan/mapping_test/ws_livox/install/livox_ros_driver2/include/livox_ros_driver2/livox_ros_driver2/msg/detail/custom_point__rosidl_typesupport_introspection_cpp.hpp
[20.075s] -- Installing: /home/nathan/mapping_test/ws_livox/install/livox_ros_driver2/include/livox_ros_driver2/livox_ros_driver2/msg/detail/custom_point__type_support.cpp
[20.075s] -- Installing: /home/nathan/mapping_test/ws_livox/install/livox_ros_driver2/include/livox_ros_driver2/livox_ros_driver2/msg/detail/custom_msg__type_support.cpp
[20.075s] -- Installing: /home/nathan/mapping_test/ws_livox/install/livox_ros_driver2/include/livox_ros_driver2/livox_ros_driver2/msg/detail/custom_msg__rosidl_typesupport_introspection_cpp.hpp
[20.075s] -- Installing: /home/nathan/mapping_test/ws_livox/install/livox_ros_driver2/lib/liblivox_ros_driver2__rosidl_typesupport_introspection_cpp.so
[20.076s] -- Set runtime path of "/home/nathan/mapping_test/ws_livox/install/livox_ros_driver2/lib/liblivox_ros_driver2__rosidl_typesupport_introspection_cpp.so" to ""
[20.076s] -- Installing: /home/nathan/mapping_test/ws_livox/install/livox_ros_driver2/lib/liblivox_ros_driver2__rosidl_typesupport_cpp.so
[20.077s] -- Set runtime path of "/home/nathan/mapping_test/ws_livox/install/livox_ros_driver2/lib/liblivox_ros_driver2__rosidl_typesupport_cpp.so" to ""
[20.077s] -- Installing: /home/nathan/mapping_test/ws_livox/install/livox_ros_driver2/share/livox_ros_driver2/environment/pythonpath.sh
[20.077s] -- Installing: /home/nathan/mapping_test/ws_livox/install/livox_ros_driver2/share/livox_ros_driver2/environment/pythonpath.dsv
[20.077s] -- Installing: /home/nathan/mapping_test/ws_livox/install/livox_ros_driver2/local/lib/python3.10/dist-packages/livox_ros_driver2-1.0.0-py3.10.egg-info
[20.077s] -- Installing: /home/nathan/mapping_test/ws_livox/install/livox_ros_driver2/local/lib/python3.10/dist-packages/livox_ros_driver2-1.0.0-py3.10.egg-info/SOURCES.txt
[20.078s] -- Installing: /home/nathan/mapping_test/ws_livox/install/livox_ros_driver2/local/lib/python3.10/dist-packages/livox_ros_driver2-1.0.0-py3.10.egg-info/dependency_links.txt
[20.078s] -- Installing: /home/nathan/mapping_test/ws_livox/install/livox_ros_driver2/local/lib/python3.10/dist-packages/livox_ros_driver2-1.0.0-py3.10.egg-info/PKG-INFO
[20.078s] -- Installing: /home/nathan/mapping_test/ws_livox/install/livox_ros_driver2/local/lib/python3.10/dist-packages/livox_ros_driver2-1.0.0-py3.10.egg-info/top_level.txt
[20.078s] -- Installing: /home/nathan/mapping_test/ws_livox/install/livox_ros_driver2/local/lib/python3.10/dist-packages/livox_ros_driver2
[20.078s] -- Installing: /home/nathan/mapping_test/ws_livox/install/livox_ros_driver2/local/lib/python3.10/dist-packages/livox_ros_driver2/liblivox_interfaces2__rosidl_generator_py.so
[20.079s] -- Installing: /home/nathan/mapping_test/ws_livox/install/livox_ros_driver2/local/lib/python3.10/dist-packages/livox_ros_driver2/_livox_ros_driver2_s.ep.rosidl_typesupport_fastrtps_c.c
[20.079s] -- Installing: /home/nathan/mapping_test/ws_livox/install/livox_ros_driver2/local/lib/python3.10/dist-packages/livox_ros_driver2/__init__.py
[20.079s] -- Installing: /home/nathan/mapping_test/ws_livox/install/livox_ros_driver2/local/lib/python3.10/dist-packages/livox_ros_driver2/_livox_ros_driver2_s.ep.rosidl_typesupport_c.c
[20.079s] -- Installing: /home/nathan/mapping_test/ws_livox/install/livox_ros_driver2/local/lib/python3.10/dist-packages/livox_ros_driver2/livox_ros_driver2_s__rosidl_typesupport_c.cpython-310-x86_64-linux-gnu.so
[20.080s] -- Installing: /home/nathan/mapping_test/ws_livox/install/livox_ros_driver2/local/lib/python3.10/dist-packages/livox_ros_driver2/msg
[20.080s] -- Installing: /home/nathan/mapping_test/ws_livox/install/livox_ros_driver2/local/lib/python3.10/dist-packages/livox_ros_driver2/msg/_custom_point.py
[20.080s] -- Installing: /home/nathan/mapping_test/ws_livox/install/livox_ros_driver2/local/lib/python3.10/dist-packages/livox_ros_driver2/msg/__init__.py
[20.080s] -- Installing: /home/nathan/mapping_test/ws_livox/install/livox_ros_driver2/local/lib/python3.10/dist-packages/livox_ros_driver2/msg/_custom_msg_s.c
[20.080s] -- Installing: /home/nathan/mapping_test/ws_livox/install/livox_ros_driver2/local/lib/python3.10/dist-packages/livox_ros_driver2/msg/_custom_msg.py
[20.080s] -- Installing: /home/nathan/mapping_test/ws_livox/install/livox_ros_driver2/local/lib/python3.10/dist-packages/livox_ros_driver2/msg/_custom_point_s.c
[20.081s] -- Installing: /home/nathan/mapping_test/ws_livox/install/livox_ros_driver2/local/lib/python3.10/dist-packages/livox_ros_driver2/livox_ros_driver2_s__rosidl_typesupport_fastrtps_c.cpython-310-x86_64-linux-gnu.so
[20.081s] -- Installing: /home/nathan/mapping_test/ws_livox/install/livox_ros_driver2/local/lib/python3.10/dist-packages/livox_ros_driver2/livox_ros_driver2_s__rosidl_typesupport_introspection_c.cpython-310-x86_64-linux-gnu.so
[20.081s] -- Installing: /home/nathan/mapping_test/ws_livox/install/livox_ros_driver2/local/lib/python3.10/dist-packages/livox_ros_driver2/_livox_ros_driver2_s.ep.rosidl_typesupport_introspection_c.c
[20.120s] Listing '/home/nathan/mapping_test/ws_livox/install/livox_ros_driver2/local/lib/python3.10/dist-packages/livox_ros_driver2'...
[20.121s] Compiling '/home/nathan/mapping_test/ws_livox/install/livox_ros_driver2/local/lib/python3.10/dist-packages/livox_ros_driver2/__init__.py'...
[20.121s] Listing '/home/nathan/mapping_test/ws_livox/install/livox_ros_driver2/local/lib/python3.10/dist-packages/livox_ros_driver2/msg'...
[20.121s] Compiling '/home/nathan/mapping_test/ws_livox/install/livox_ros_driver2/local/lib/python3.10/dist-packages/livox_ros_driver2/msg/__init__.py'...
[20.121s] Compiling '/home/nathan/mapping_test/ws_livox/install/livox_ros_driver2/local/lib/python3.10/dist-packages/livox_ros_driver2/msg/_custom_msg.py'...
[20.121s] Compiling '/home/nathan/mapping_test/ws_livox/install/livox_ros_driver2/local/lib/python3.10/dist-packages/livox_ros_driver2/msg/_custom_point.py'...
[20.126s] -- Installing: /home/nathan/mapping_test/ws_livox/install/livox_ros_driver2/local/lib/python3.10/dist-packages/livox_ros_driver2/livox_ros_driver2_s__rosidl_typesupport_fastrtps_c.cpython-310-x86_64-linux-gnu.so
[20.127s] -- Set runtime path of "/home/nathan/mapping_test/ws_livox/install/livox_ros_driver2/local/lib/python3.10/dist-packages/livox_ros_driver2/livox_ros_driver2_s__rosidl_typesupport_fastrtps_c.cpython-310-x86_64-linux-gnu.so" to ""
[20.127s] -- Installing: /home/nathan/mapping_test/ws_livox/install/livox_ros_driver2/local/lib/python3.10/dist-packages/livox_ros_driver2/livox_ros_driver2_s__rosidl_typesupport_introspection_c.cpython-310-x86_64-linux-gnu.so
[20.128s] -- Set runtime path of "/home/nathan/mapping_test/ws_livox/install/livox_ros_driver2/local/lib/python3.10/dist-packages/livox_ros_driver2/livox_ros_driver2_s__rosidl_typesupport_introspection_c.cpython-310-x86_64-linux-gnu.so" to ""
[20.128s] -- Installing: /home/nathan/mapping_test/ws_livox/install/livox_ros_driver2/local/lib/python3.10/dist-packages/livox_ros_driver2/livox_ros_driver2_s__rosidl_typesupport_c.cpython-310-x86_64-linux-gnu.so
[20.129s] -- Set runtime path of "/home/nathan/mapping_test/ws_livox/install/livox_ros_driver2/local/lib/python3.10/dist-packages/livox_ros_driver2/livox_ros_driver2_s__rosidl_typesupport_c.cpython-310-x86_64-linux-gnu.so" to ""
[20.129s] -- Installing: /home/nathan/mapping_test/ws_livox/install/livox_ros_driver2/lib/liblivox_interfaces2__rosidl_generator_py.so
[20.130s] -- Set runtime path of "/home/nathan/mapping_test/ws_livox/install/livox_ros_driver2/lib/liblivox_interfaces2__rosidl_generator_py.so" to ""
[20.130s] -- Installing: /home/nathan/mapping_test/ws_livox/install/livox_ros_driver2/share/livox_ros_driver2/msg/CustomPoint.idl
[20.131s] -- Installing: /home/nathan/mapping_test/ws_livox/install/livox_ros_driver2/share/livox_ros_driver2/msg/CustomMsg.idl
[20.131s] -- Installing: /home/nathan/mapping_test/ws_livox/install/livox_ros_driver2/share/livox_ros_driver2/msg/CustomPoint.msg
[20.131s] -- Installing: /home/nathan/mapping_test/ws_livox/install/livox_ros_driver2/share/livox_ros_driver2/msg/CustomMsg.msg
[20.132s] -- Installing: /home/nathan/mapping_test/ws_livox/install/livox_ros_driver2/lib/livox_ros_driver2/livox_ros_driver2_node
[20.133s] -- Set runtime path of "/home/nathan/mapping_test/ws_livox/install/livox_ros_driver2/lib/livox_ros_driver2/livox_ros_driver2_node" to ""
[20.133s] -- Installing: /home/nathan/mapping_test/ws_livox/install/livox_ros_driver2/lib/liblivox_ros_driver2.so
[20.139s] -- Set runtime path of "/home/nathan/mapping_test/ws_livox/install/livox_ros_driver2/lib/liblivox_ros_driver2.so" to ""
[20.139s] -- Installing: /home/nathan/mapping_test/ws_livox/install/livox_ros_driver2/share/livox_ros_driver2/config
[20.139s] -- Installing: /home/nathan/mapping_test/ws_livox/install/livox_ros_driver2/share/livox_ros_driver2/config/display_point_cloud_ROS2.rviz
[20.139s] -- Installing: /home/nathan/mapping_test/ws_livox/install/livox_ros_driver2/share/livox_ros_driver2/config/display_point_cloud_ROS1.rviz
[20.139s] -- Installing: /home/nathan/mapping_test/ws_livox/install/livox_ros_driver2/share/livox_ros_driver2/config/mixed_HAP_MID360_config.json
[20.139s] -- Installing: /home/nathan/mapping_test/ws_livox/install/livox_ros_driver2/share/livox_ros_driver2/config/MID360_config.json
[20.140s] -- Installing: /home/nathan/mapping_test/ws_livox/install/livox_ros_driver2/share/livox_ros_driver2/config/HAP_config.json
[20.140s] -- Installing: /home/nathan/mapping_test/ws_livox/install/livox_ros_driver2/share/livox_ros_driver2/launch_ROS2
[20.140s] -- Installing: /home/nathan/mapping_test/ws_livox/install/livox_ros_driver2/share/livox_ros_driver2/launch_ROS2/rviz_HAP_launch.py
[20.140s] -- Installing: /home/nathan/mapping_test/ws_livox/install/livox_ros_driver2/share/livox_ros_driver2/launch_ROS2/msg_MID360_launch.py
[20.140s] -- Installing: /home/nathan/mapping_test/ws_livox/install/livox_ros_driver2/share/livox_ros_driver2/launch_ROS2/rviz_mixed.py
[20.140s] -- Installing: /home/nathan/mapping_test/ws_livox/install/livox_ros_driver2/share/livox_ros_driver2/launch_ROS2/msg_HAP_launch.py
[20.141s] -- Installing: /home/nathan/mapping_test/ws_livox/install/livox_ros_driver2/share/livox_ros_driver2/launch_ROS2/rviz_MID360_launch.py
[20.141s] -- Installing: /home/nathan/mapping_test/ws_livox/install/livox_ros_driver2/share/ament_index/resource_index/package_run_dependencies/livox_ros_driver2
[20.141s] -- Installing: /home/nathan/mapping_test/ws_livox/install/livox_ros_driver2/share/ament_index/resource_index/parent_prefix_path/livox_ros_driver2
[20.142s] -- Installing: /home/nathan/mapping_test/ws_livox/install/livox_ros_driver2/share/livox_ros_driver2/environment/ament_prefix_path.sh
[20.142s] -- Installing: /home/nathan/mapping_test/ws_livox/install/livox_ros_driver2/share/livox_ros_driver2/environment/ament_prefix_path.dsv
[20.142s] -- Installing: /home/nathan/mapping_test/ws_livox/install/livox_ros_driver2/share/livox_ros_driver2/environment/path.sh
[20.142s] -- Installing: /home/nathan/mapping_test/ws_livox/install/livox_ros_driver2/share/livox_ros_driver2/environment/path.dsv
[20.142s] -- Installing: /home/nathan/mapping_test/ws_livox/install/livox_ros_driver2/share/livox_ros_driver2/local_setup.bash
[20.143s] -- Installing: /home/nathan/mapping_test/ws_livox/install/livox_ros_driver2/share/livox_ros_driver2/local_setup.sh
[20.143s] -- Installing: /home/nathan/mapping_test/ws_livox/install/livox_ros_driver2/share/livox_ros_driver2/local_setup.zsh
[20.143s] -- Installing: /home/nathan/mapping_test/ws_livox/install/livox_ros_driver2/share/livox_ros_driver2/local_setup.dsv
[20.143s] -- Installing: /home/nathan/mapping_test/ws_livox/install/livox_ros_driver2/share/livox_ros_driver2/package.dsv
[20.144s] -- Installing: /home/nathan/mapping_test/ws_livox/install/livox_ros_driver2/share/ament_index/resource_index/packages/livox_ros_driver2
[20.144s] -- Installing: /home/nathan/mapping_test/ws_livox/install/livox_ros_driver2/share/livox_ros_driver2/cmake/export_livox_interfaces2__rosidl_generator_cExport.cmake
[20.144s] -- Installing: /home/nathan/mapping_test/ws_livox/install/livox_ros_driver2/share/livox_ros_driver2/cmake/export_livox_interfaces2__rosidl_generator_cExport-noconfig.cmake
[20.145s] -- Installing: /home/nathan/mapping_test/ws_livox/install/livox_ros_driver2/share/livox_ros_driver2/cmake/export_livox_interfaces2__rosidl_typesupport_fastrtps_cExport.cmake
[20.145s] -- Installing: /home/nathan/mapping_test/ws_livox/install/livox_ros_driver2/share/livox_ros_driver2/cmake/export_livox_interfaces2__rosidl_typesupport_fastrtps_cExport-noconfig.cmake
[20.145s] -- Installing: /home/nathan/mapping_test/ws_livox/install/livox_ros_driver2/share/livox_ros_driver2/cmake/livox_interfaces2__rosidl_typesupport_introspection_cExport.cmake
[20.145s] -- Installing: /home/nathan/mapping_test/ws_livox/install/livox_ros_driver2/share/livox_ros_driver2/cmake/livox_interfaces2__rosidl_typesupport_introspection_cExport-noconfig.cmake
[20.146s] -- Installing: /home/nathan/mapping_test/ws_livox/install/livox_ros_driver2/share/livox_ros_driver2/cmake/livox_interfaces2__rosidl_typesupport_cExport.cmake
[20.146s] -- Installing: /home/nathan/mapping_test/ws_livox/install/livox_ros_driver2/share/livox_ros_driver2/cmake/livox_interfaces2__rosidl_typesupport_cExport-noconfig.cmake
[20.146s] -- Installing: /home/nathan/mapping_test/ws_livox/install/livox_ros_driver2/share/livox_ros_driver2/cmake/export_livox_interfaces2__rosidl_generator_cppExport.cmake
[20.146s] -- Installing: /home/nathan/mapping_test/ws_livox/install/livox_ros_driver2/share/livox_ros_driver2/cmake/export_livox_interfaces2__rosidl_typesupport_fastrtps_cppExport.cmake
[20.146s] -- Installing: /home/nathan/mapping_test/ws_livox/install/livox_ros_driver2/share/livox_ros_driver2/cmake/export_livox_interfaces2__rosidl_typesupport_fastrtps_cppExport-noconfig.cmake
[20.147s] -- Installing: /home/nathan/mapping_test/ws_livox/install/livox_ros_driver2/share/livox_ros_driver2/cmake/livox_interfaces2__rosidl_typesupport_introspection_cppExport.cmake
[20.147s] -- Installing: /home/nathan/mapping_test/ws_livox/install/livox_ros_driver2/share/livox_ros_driver2/cmake/livox_interfaces2__rosidl_typesupport_introspection_cppExport-noconfig.cmake
[20.147s] -- Installing: /home/nathan/mapping_test/ws_livox/install/livox_ros_driver2/share/livox_ros_driver2/cmake/livox_interfaces2__rosidl_typesupport_cppExport.cmake
[20.147s] -- Installing: /home/nathan/mapping_test/ws_livox/install/livox_ros_driver2/share/livox_ros_driver2/cmake/livox_interfaces2__rosidl_typesupport_cppExport-noconfig.cmake
[20.148s] -- Installing: /home/nathan/mapping_test/ws_livox/install/livox_ros_driver2/share/livox_ros_driver2/cmake/export_livox_interfaces2__rosidl_generator_pyExport.cmake
[20.148s] -- Installing: /home/nathan/mapping_test/ws_livox/install/livox_ros_driver2/share/livox_ros_driver2/cmake/export_livox_interfaces2__rosidl_generator_pyExport-noconfig.cmake
[20.148s] -- Installing: /home/nathan/mapping_test/ws_livox/install/livox_ros_driver2/share/ament_index/resource_index/rclcpp_components/livox_ros_driver2
[20.148s] -- Installing: /home/nathan/mapping_test/ws_livox/install/livox_ros_driver2/share/livox_ros_driver2/cmake/rosidl_cmake-extras.cmake
[20.149s] -- Installing: /home/nathan/mapping_test/ws_livox/install/livox_ros_driver2/share/livox_ros_driver2/cmake/ament_cmake_export_dependencies-extras.cmake
[20.149s] -- Installing: /home/nathan/mapping_test/ws_livox/install/livox_ros_driver2/share/livox_ros_driver2/cmake/ament_cmake_export_include_directories-extras.cmake
[20.149s] -- Installing: /home/nathan/mapping_test/ws_livox/install/livox_ros_driver2/share/livox_ros_driver2/cmake/ament_cmake_export_libraries-extras.cmake
[20.149s] -- Installing: /home/nathan/mapping_test/ws_livox/install/livox_ros_driver2/share/livox_ros_driver2/cmake/ament_cmake_export_targets-extras.cmake
[20.149s] -- Installing: /home/nathan/mapping_test/ws_livox/install/livox_ros_driver2/share/livox_ros_driver2/cmake/rosidl_cmake_export_typesupport_targets-extras.cmake
[20.150s] -- Installing: /home/nathan/mapping_test/ws_livox/install/livox_ros_driver2/share/livox_ros_driver2/cmake/rosidl_cmake_export_typesupport_libraries-extras.cmake
[20.150s] -- Installing: /home/nathan/mapping_test/ws_livox/install/livox_ros_driver2/share/livox_ros_driver2/cmake/livox_ros_driver2Config.cmake
[20.150s] -- Installing: /home/nathan/mapping_test/ws_livox/install/livox_ros_driver2/share/livox_ros_driver2/cmake/livox_ros_driver2Config-version.cmake
[20.150s] -- Installing: /home/nathan/mapping_test/ws_livox/install/livox_ros_driver2/share/livox_ros_driver2/package.xml
[20.153s] Invoked command in '/home/nathan/mapping_test/ws_livox/build/livox_ros_driver2' returned '0': CMAKE_PREFIX_PATH=${CMAKE_PREFIX_PATH}:/opt/ros/humble /usr/bin/cmake --install /home/nathan/mapping_test/ws_livox/build/livox_ros_driver2
