[0.181s] DEBUG:colcon:Command line arguments: ['/usr/bin/colcon', 'list', '-p', '--base-paths', '/home/nathan/mapping_test/ws_livox']
[0.182s] DEBUG:colcon:Parsed command line arguments: Namespace(log_base=None, log_level=None, verb_name='list', build_base='build', ignore_user_meta=False, metas=['./colcon.meta'], base_paths=['/home/nathan/mapping_test/ws_livox'], packages_ignore=None, packages_ignore_regex=None, paths=None, packages_up_to=None, packages_up_to_regex=None, packages_above=None, packages_above_and_dependencies=None, packages_above_depth=None, packages_select_by_dep=None, packages_skip_by_dep=None, packages_skip_up_to=None, packages_select_build_failed=False, packages_skip_build_finished=False, packages_select_test_failures=False, packages_skip_test_passed=False, packages_select=None, packages_skip=None, packages_select_regex=None, packages_skip_regex=None, packages_start=None, packages_end=None, allow_overriding=[], topological_order=False, names_only=False, paths_only=True, topological_graph=False, topological_graph_dot=False, topological_graph_density=False, topological_graph_legend=False, topological_graph_dot_cluster=False, topological_graph_dot_include_skipped=False, mixin_files=None, mixin=None, verb_parser=<colcon_mixin.mixin.mixin_argument.MixinArgumentDecorator object at 0x7b8240d4bd00>, verb_extension=<colcon_package_information.verb.list.ListVerb object at 0x7b8240d4ace0>, main=<bound method ListVerb.main of <colcon_package_information.verb.list.ListVerb object at 0x7b8240d4ace0>>, mixin_verb=('list',))
[0.575s] Level 1:colcon.colcon_core.package_discovery:discover_packages(colcon_meta) check parameters
[0.576s] Level 1:colcon.colcon_core.package_discovery:discover_packages(recursive) check parameters
[0.576s] Level 1:colcon.colcon_core.package_discovery:discover_packages(ignore) check parameters
[0.576s] Level 1:colcon.colcon_core.package_discovery:discover_packages(path) check parameters
[0.576s] Level 1:colcon.colcon_core.package_discovery:discover_packages(recursive) discover
[0.576s] INFO:colcon.colcon_core.package_discovery:Crawling recursively for packages in '/home/nathan/mapping_test/ws_livox'
[0.577s] Level 1:colcon.colcon_core.package_identification:_identify(/home/nathan/mapping_test/ws_livox) by extensions ['ignore', 'ignore_ament_install']
[0.577s] Level 1:colcon.colcon_core.package_identification:_identify(/home/nathan/mapping_test/ws_livox) by extension 'ignore'
[0.577s] Level 1:colcon.colcon_core.package_identification:_identify(/home/nathan/mapping_test/ws_livox) by extension 'ignore_ament_install'
[0.577s] Level 1:colcon.colcon_core.package_identification:_identify(/home/nathan/mapping_test/ws_livox) by extensions ['colcon_pkg']
[0.577s] Level 1:colcon.colcon_core.package_identification:_identify(/home/nathan/mapping_test/ws_livox) by extension 'colcon_pkg'
[0.577s] Level 1:colcon.colcon_core.package_identification:_identify(/home/nathan/mapping_test/ws_livox) by extensions ['colcon_meta']
[0.577s] Level 1:colcon.colcon_core.package_identification:_identify(/home/nathan/mapping_test/ws_livox) by extension 'colcon_meta'
[0.577s] Level 1:colcon.colcon_core.package_identification:_identify(/home/nathan/mapping_test/ws_livox) by extensions ['ros']
[0.577s] Level 1:colcon.colcon_core.package_identification:_identify(/home/nathan/mapping_test/ws_livox) by extension 'ros'
[0.595s] Level 1:colcon.colcon_core.package_identification:_identify(/home/nathan/mapping_test/ws_livox) by extensions ['cmake', 'python']
[0.595s] Level 1:colcon.colcon_core.package_identification:_identify(/home/nathan/mapping_test/ws_livox) by extension 'cmake'
[0.595s] Level 1:colcon.colcon_core.package_identification:_identify(/home/nathan/mapping_test/ws_livox) by extension 'python'
[0.596s] Level 1:colcon.colcon_core.package_identification:_identify(/home/nathan/mapping_test/ws_livox) by extensions ['python_setup_py']
[0.596s] Level 1:colcon.colcon_core.package_identification:_identify(/home/nathan/mapping_test/ws_livox) by extension 'python_setup_py'
[0.596s] Level 1:colcon.colcon_core.package_identification:_identify(/home/nathan/mapping_test/ws_livox/build) by extensions ['ignore', 'ignore_ament_install']
[0.596s] Level 1:colcon.colcon_core.package_identification:_identify(/home/nathan/mapping_test/ws_livox/build) by extension 'ignore'
[0.596s] Level 1:colcon.colcon_core.package_identification:_identify(/home/nathan/mapping_test/ws_livox/build) ignored
[0.596s] Level 1:colcon.colcon_core.package_identification:_identify(/home/nathan/mapping_test/ws_livox/install) by extensions ['ignore', 'ignore_ament_install']
[0.596s] Level 1:colcon.colcon_core.package_identification:_identify(/home/nathan/mapping_test/ws_livox/install) by extension 'ignore'
[0.596s] Level 1:colcon.colcon_core.package_identification:_identify(/home/nathan/mapping_test/ws_livox/install) ignored
[0.597s] Level 1:colcon.colcon_core.package_identification:_identify(/home/nathan/mapping_test/ws_livox/log) by extensions ['ignore', 'ignore_ament_install']
[0.597s] Level 1:colcon.colcon_core.package_identification:_identify(/home/nathan/mapping_test/ws_livox/log) by extension 'ignore'
[0.597s] Level 1:colcon.colcon_core.package_identification:_identify(/home/nathan/mapping_test/ws_livox/log) ignored
[0.597s] Level 1:colcon.colcon_core.package_identification:_identify(/home/nathan/mapping_test/ws_livox/src) by extensions ['ignore', 'ignore_ament_install']
[0.597s] Level 1:colcon.colcon_core.package_identification:_identify(/home/nathan/mapping_test/ws_livox/src) by extension 'ignore'
[0.597s] Level 1:colcon.colcon_core.package_identification:_identify(/home/nathan/mapping_test/ws_livox/src) by extension 'ignore_ament_install'
[0.597s] Level 1:colcon.colcon_core.package_identification:_identify(/home/nathan/mapping_test/ws_livox/src) by extensions ['colcon_pkg']
[0.597s] Level 1:colcon.colcon_core.package_identification:_identify(/home/nathan/mapping_test/ws_livox/src) by extension 'colcon_pkg'
[0.597s] Level 1:colcon.colcon_core.package_identification:_identify(/home/nathan/mapping_test/ws_livox/src) by extensions ['colcon_meta']
[0.597s] Level 1:colcon.colcon_core.package_identification:_identify(/home/nathan/mapping_test/ws_livox/src) by extension 'colcon_meta'
[0.598s] Level 1:colcon.colcon_core.package_identification:_identify(/home/nathan/mapping_test/ws_livox/src) by extensions ['ros']
[0.598s] Level 1:colcon.colcon_core.package_identification:_identify(/home/nathan/mapping_test/ws_livox/src) by extension 'ros'
[0.598s] Level 1:colcon.colcon_core.package_identification:_identify(/home/nathan/mapping_test/ws_livox/src) by extensions ['cmake', 'python']
[0.598s] Level 1:colcon.colcon_core.package_identification:_identify(/home/nathan/mapping_test/ws_livox/src) by extension 'cmake'
[0.598s] Level 1:colcon.colcon_core.package_identification:_identify(/home/nathan/mapping_test/ws_livox/src) by extension 'python'
[0.598s] Level 1:colcon.colcon_core.package_identification:_identify(/home/nathan/mapping_test/ws_livox/src) by extensions ['python_setup_py']
[0.598s] Level 1:colcon.colcon_core.package_identification:_identify(/home/nathan/mapping_test/ws_livox/src) by extension 'python_setup_py'
[0.598s] Level 1:colcon.colcon_core.package_identification:_identify(/home/nathan/mapping_test/ws_livox/src/livox_ros_driver2) by extensions ['ignore', 'ignore_ament_install']
[0.598s] Level 1:colcon.colcon_core.package_identification:_identify(/home/nathan/mapping_test/ws_livox/src/livox_ros_driver2) by extension 'ignore'
[0.598s] Level 1:colcon.colcon_core.package_identification:_identify(/home/nathan/mapping_test/ws_livox/src/livox_ros_driver2) by extension 'ignore_ament_install'
[0.598s] Level 1:colcon.colcon_core.package_identification:_identify(/home/nathan/mapping_test/ws_livox/src/livox_ros_driver2) by extensions ['colcon_pkg']
[0.599s] Level 1:colcon.colcon_core.package_identification:_identify(/home/nathan/mapping_test/ws_livox/src/livox_ros_driver2) by extension 'colcon_pkg'
[0.599s] Level 1:colcon.colcon_core.package_identification:_identify(/home/nathan/mapping_test/ws_livox/src/livox_ros_driver2) by extensions ['colcon_meta']
[0.599s] Level 1:colcon.colcon_core.package_identification:_identify(/home/nathan/mapping_test/ws_livox/src/livox_ros_driver2) by extension 'colcon_meta'
[0.599s] Level 1:colcon.colcon_core.package_identification:_identify(/home/nathan/mapping_test/ws_livox/src/livox_ros_driver2) by extensions ['ros']
[0.599s] Level 1:colcon.colcon_core.package_identification:_identify(/home/nathan/mapping_test/ws_livox/src/livox_ros_driver2) by extension 'ros'
[0.605s] DEBUG:colcon.colcon_core.package_identification:Package '/home/nathan/mapping_test/ws_livox/src/livox_ros_driver2' with type 'ros.ament_cmake' and name 'livox_ros_driver2'
[0.605s] Level 1:colcon.colcon_core.package_identification:_identify(/home/nathan/mapping_test/ws_livox/src/ros2_camera_publish) by extensions ['ignore', 'ignore_ament_install']
[0.605s] Level 1:colcon.colcon_core.package_identification:_identify(/home/nathan/mapping_test/ws_livox/src/ros2_camera_publish) by extension 'ignore'
[0.605s] Level 1:colcon.colcon_core.package_identification:_identify(/home/nathan/mapping_test/ws_livox/src/ros2_camera_publish) by extension 'ignore_ament_install'
[0.605s] Level 1:colcon.colcon_core.package_identification:_identify(/home/nathan/mapping_test/ws_livox/src/ros2_camera_publish) by extensions ['colcon_pkg']
[0.606s] Level 1:colcon.colcon_core.package_identification:_identify(/home/nathan/mapping_test/ws_livox/src/ros2_camera_publish) by extension 'colcon_pkg'
[0.606s] Level 1:colcon.colcon_core.package_identification:_identify(/home/nathan/mapping_test/ws_livox/src/ros2_camera_publish) by extensions ['colcon_meta']
[0.606s] Level 1:colcon.colcon_core.package_identification:_identify(/home/nathan/mapping_test/ws_livox/src/ros2_camera_publish) by extension 'colcon_meta'
[0.606s] Level 1:colcon.colcon_core.package_identification:_identify(/home/nathan/mapping_test/ws_livox/src/ros2_camera_publish) by extensions ['ros']
[0.606s] Level 1:colcon.colcon_core.package_identification:_identify(/home/nathan/mapping_test/ws_livox/src/ros2_camera_publish) by extension 'ros'
[0.607s] DEBUG:colcon.colcon_core.package_identification:Package '/home/nathan/mapping_test/ws_livox/src/ros2_camera_publish' with type 'ros.ament_python' and name 'ros2_camera_publish'
[0.607s] Level 1:colcon.colcon_core.package_discovery:discover_packages(recursive) using defaults
