[0.130s] DEBUG:colcon:Command line arguments: ['/usr/bin/colcon', 'build', '--cmake-args', '-DROS_EDITION=ROS2', '-DHUMBLE_ROS=humble']
[0.130s] DEBUG:colcon:Parsed command line arguments: Namespace(log_base=None, log_level=None, verb_name='build', build_base='build', install_base='install', merge_install=False, symlink_install=False, test_result_base=None, continue_on_error=False, executor='parallel', parallel_workers=8, event_handlers=None, ignore_user_meta=False, metas=['./colcon.meta'], base_paths=['.'], packages_ignore=None, packages_ignore_regex=None, paths=None, packages_up_to=None, packages_up_to_regex=None, packages_above=None, packages_above_and_dependencies=None, packages_above_depth=None, packages_select_by_dep=None, packages_skip_by_dep=None, packages_skip_up_to=None, packages_select_build_failed=False, packages_skip_build_finished=False, packages_select_test_failures=False, packages_skip_test_passed=False, packages_select=None, packages_skip=None, packages_select_regex=None, packages_skip_regex=None, packages_start=None, packages_end=None, allow_overriding=[], cmake_args=['-DROS_EDITION=ROS2', '-DHUMBLE_ROS=humble'], cmake_target=None, cmake_target_skip_unavailable=False, cmake_clean_cache=False, cmake_clean_first=False, cmake_force_configure=False, ament_cmake_args=None, catkin_cmake_args=None, catkin_skip_building_tests=False, mixin_files=None, mixin=None, verb_parser=<colcon_mixin.mixin.mixin_argument.MixinArgumentDecorator object at 0x7ef645e76590>, verb_extension=<colcon_core.verb.build.BuildVerb object at 0x7ef645f87520>, main=<bound method BuildVerb.main of <colcon_core.verb.build.BuildVerb object at 0x7ef645f87520>>, mixin_verb=('build',))
[0.351s] Level 1:colcon.colcon_core.package_discovery:discover_packages(colcon_meta) check parameters
[0.351s] Level 1:colcon.colcon_core.package_discovery:discover_packages(recursive) check parameters
[0.351s] Level 1:colcon.colcon_core.package_discovery:discover_packages(ignore) check parameters
[0.351s] Level 1:colcon.colcon_core.package_discovery:discover_packages(path) check parameters
[0.351s] Level 1:colcon.colcon_core.package_discovery:discover_packages(colcon_meta) discover
[0.351s] Level 1:colcon.colcon_core.package_discovery:discover_packages(recursive) discover
[0.351s] INFO:colcon.colcon_core.package_discovery:Crawling recursively for packages in '/home/nathan/mapping_test/ws_livox'
[0.352s] Level 1:colcon.colcon_core.package_identification:_identify(.) by extensions ['ignore', 'ignore_ament_install']
[0.352s] Level 1:colcon.colcon_core.package_identification:_identify(.) by extension 'ignore'
[0.352s] Level 1:colcon.colcon_core.package_identification:_identify(.) by extension 'ignore_ament_install'
[0.352s] Level 1:colcon.colcon_core.package_identification:_identify(.) by extensions ['colcon_pkg']
[0.352s] Level 1:colcon.colcon_core.package_identification:_identify(.) by extension 'colcon_pkg'
[0.352s] Level 1:colcon.colcon_core.package_identification:_identify(.) by extensions ['colcon_meta']
[0.352s] Level 1:colcon.colcon_core.package_identification:_identify(.) by extension 'colcon_meta'
[0.352s] Level 1:colcon.colcon_core.package_identification:_identify(.) by extensions ['ros']
[0.352s] Level 1:colcon.colcon_core.package_identification:_identify(.) by extension 'ros'
[0.365s] Level 1:colcon.colcon_core.package_identification:_identify(.) by extensions ['cmake', 'python']
[0.365s] Level 1:colcon.colcon_core.package_identification:_identify(.) by extension 'cmake'
[0.365s] Level 1:colcon.colcon_core.package_identification:_identify(.) by extension 'python'
[0.365s] Level 1:colcon.colcon_core.package_identification:_identify(.) by extensions ['python_setup_py']
[0.365s] Level 1:colcon.colcon_core.package_identification:_identify(.) by extension 'python_setup_py'
[0.365s] Level 1:colcon.colcon_core.package_identification:_identify(build) by extensions ['ignore', 'ignore_ament_install']
[0.365s] Level 1:colcon.colcon_core.package_identification:_identify(build) by extension 'ignore'
[0.365s] Level 1:colcon.colcon_core.package_identification:_identify(build) ignored
[0.365s] Level 1:colcon.colcon_core.package_identification:_identify(install) by extensions ['ignore', 'ignore_ament_install']
[0.365s] Level 1:colcon.colcon_core.package_identification:_identify(install) by extension 'ignore'
[0.366s] Level 1:colcon.colcon_core.package_identification:_identify(install) ignored
[0.366s] Level 1:colcon.colcon_core.package_identification:_identify(log) by extensions ['ignore', 'ignore_ament_install']
[0.366s] Level 1:colcon.colcon_core.package_identification:_identify(log) by extension 'ignore'
[0.366s] Level 1:colcon.colcon_core.package_identification:_identify(log) ignored
[0.366s] Level 1:colcon.colcon_core.package_identification:_identify(src) by extensions ['ignore', 'ignore_ament_install']
[0.366s] Level 1:colcon.colcon_core.package_identification:_identify(src) by extension 'ignore'
[0.366s] Level 1:colcon.colcon_core.package_identification:_identify(src) by extension 'ignore_ament_install'
[0.366s] Level 1:colcon.colcon_core.package_identification:_identify(src) by extensions ['colcon_pkg']
[0.366s] Level 1:colcon.colcon_core.package_identification:_identify(src) by extension 'colcon_pkg'
[0.367s] Level 1:colcon.colcon_core.package_identification:_identify(src) by extensions ['colcon_meta']
[0.367s] Level 1:colcon.colcon_core.package_identification:_identify(src) by extension 'colcon_meta'
[0.367s] Level 1:colcon.colcon_core.package_identification:_identify(src) by extensions ['ros']
[0.367s] Level 1:colcon.colcon_core.package_identification:_identify(src) by extension 'ros'
[0.367s] Level 1:colcon.colcon_core.package_identification:_identify(src) by extensions ['cmake', 'python']
[0.367s] Level 1:colcon.colcon_core.package_identification:_identify(src) by extension 'cmake'
[0.367s] Level 1:colcon.colcon_core.package_identification:_identify(src) by extension 'python'
[0.367s] Level 1:colcon.colcon_core.package_identification:_identify(src) by extensions ['python_setup_py']
[0.367s] Level 1:colcon.colcon_core.package_identification:_identify(src) by extension 'python_setup_py'
[0.367s] Level 1:colcon.colcon_core.package_identification:_identify(src/livox_ros_driver2) by extensions ['ignore', 'ignore_ament_install']
[0.367s] Level 1:colcon.colcon_core.package_identification:_identify(src/livox_ros_driver2) by extension 'ignore'
[0.367s] Level 1:colcon.colcon_core.package_identification:_identify(src/livox_ros_driver2) by extension 'ignore_ament_install'
[0.367s] Level 1:colcon.colcon_core.package_identification:_identify(src/livox_ros_driver2) by extensions ['colcon_pkg']
[0.367s] Level 1:colcon.colcon_core.package_identification:_identify(src/livox_ros_driver2) by extension 'colcon_pkg'
[0.367s] Level 1:colcon.colcon_core.package_identification:_identify(src/livox_ros_driver2) by extensions ['colcon_meta']
[0.367s] Level 1:colcon.colcon_core.package_identification:_identify(src/livox_ros_driver2) by extension 'colcon_meta'
[0.368s] Level 1:colcon.colcon_core.package_identification:_identify(src/livox_ros_driver2) by extensions ['ros']
[0.368s] Level 1:colcon.colcon_core.package_identification:_identify(src/livox_ros_driver2) by extension 'ros'
[0.371s] DEBUG:colcon.colcon_core.package_identification:Package 'src/livox_ros_driver2' with type 'ros.ament_cmake' and name 'livox_ros_driver2'
[0.371s] Level 1:colcon.colcon_core.package_discovery:discover_packages(recursive) using defaults
[0.380s] Level 1:colcon.colcon_core.package_discovery:discover_packages(ignore) discover
[0.380s] Level 1:colcon.colcon_core.package_discovery:discover_packages(ignore) using defaults
[0.380s] Level 1:colcon.colcon_core.package_discovery:discover_packages(path) discover
[0.380s] Level 1:colcon.colcon_core.package_discovery:discover_packages(path) using defaults
[0.402s] Level 1:colcon.colcon_core.package_discovery:discover_packages(prefix_path) check parameters
[0.402s] Level 1:colcon.colcon_core.package_discovery:discover_packages(prefix_path) discover
[0.404s] DEBUG:colcon.colcon_installed_package_information.package_discovery:Found 1 installed packages in /home/nathan/mapping_test/Livox-SDK2/install
[0.406s] DEBUG:colcon.colcon_installed_package_information.package_discovery:Found 421 installed packages in /opt/ros/humble
[0.408s] Level 1:colcon.colcon_core.package_discovery:discover_packages(prefix_path) using defaults
[0.466s] Level 5:colcon.colcon_core.verb:set package 'livox_ros_driver2' build argument 'cmake_args' from command line to '['-DROS_EDITION=ROS2', '-DHUMBLE_ROS=humble']'
[0.467s] Level 5:colcon.colcon_core.verb:set package 'livox_ros_driver2' build argument 'cmake_target' from command line to 'None'
[0.467s] Level 5:colcon.colcon_core.verb:set package 'livox_ros_driver2' build argument 'cmake_target_skip_unavailable' from command line to 'False'
[0.467s] Level 5:colcon.colcon_core.verb:set package 'livox_ros_driver2' build argument 'cmake_clean_cache' from command line to 'False'
[0.467s] Level 5:colcon.colcon_core.verb:set package 'livox_ros_driver2' build argument 'cmake_clean_first' from command line to 'False'
[0.467s] Level 5:colcon.colcon_core.verb:set package 'livox_ros_driver2' build argument 'cmake_force_configure' from command line to 'False'
[0.467s] Level 5:colcon.colcon_core.verb:set package 'livox_ros_driver2' build argument 'ament_cmake_args' from command line to 'None'
[0.467s] Level 5:colcon.colcon_core.verb:set package 'livox_ros_driver2' build argument 'catkin_cmake_args' from command line to 'None'
[0.467s] Level 5:colcon.colcon_core.verb:set package 'livox_ros_driver2' build argument 'catkin_skip_building_tests' from command line to 'False'
[0.467s] DEBUG:colcon.colcon_core.verb:Building package 'livox_ros_driver2' with the following arguments: {'ament_cmake_args': None, 'build_base': '/home/nathan/mapping_test/ws_livox/build/livox_ros_driver2', 'catkin_cmake_args': None, 'catkin_skip_building_tests': False, 'cmake_args': ['-DROS_EDITION=ROS2', '-DHUMBLE_ROS=humble'], 'cmake_clean_cache': False, 'cmake_clean_first': False, 'cmake_force_configure': False, 'cmake_target': None, 'cmake_target_skip_unavailable': False, 'install_base': '/home/nathan/mapping_test/ws_livox/install/livox_ros_driver2', 'merge_install': False, 'path': '/home/nathan/mapping_test/ws_livox/src/livox_ros_driver2', 'symlink_install': False, 'test_result_base': None}
[0.467s] INFO:colcon.colcon_core.executor:Executing jobs using 'parallel' executor
[0.468s] DEBUG:colcon.colcon_parallel_executor.executor.parallel:run_until_complete
[0.468s] INFO:colcon.colcon_ros.task.ament_cmake.build:Building ROS package in '/home/nathan/mapping_test/ws_livox/src/livox_ros_driver2' with build type 'ament_cmake'
[0.469s] INFO:colcon.colcon_cmake.task.cmake.build:Building CMake package in '/home/nathan/mapping_test/ws_livox/src/livox_ros_driver2'
[0.471s] INFO:colcon.colcon_core.plugin_system:Skipping extension 'colcon_core.shell.bat': Not used on non-Windows systems
[0.471s] INFO:colcon.colcon_core.shell:Skip shell extension 'powershell' for command environment: Not usable outside of PowerShell
[0.471s] DEBUG:colcon.colcon_core.shell:Skip shell extension 'dsv' for command environment
[0.482s] DEBUG:colcon.colcon_core.event_handler.log_command:Invoking command in '/home/nathan/mapping_test/ws_livox/build/livox_ros_driver2': CMAKE_PREFIX_PATH=/opt/ros/humble /usr/bin/cmake /home/nathan/mapping_test/ws_livox/src/livox_ros_driver2 -DROS_EDITION=ROS2 -DHUMBLE_ROS=humble -DCMAKE_INSTALL_PREFIX=/home/nathan/mapping_test/ws_livox/install/livox_ros_driver2
[5.361s] DEBUG:colcon.colcon_core.event_handler.log_command:Invoked command in '/home/nathan/mapping_test/ws_livox/build/livox_ros_driver2' returned '0': CMAKE_PREFIX_PATH=/opt/ros/humble /usr/bin/cmake /home/nathan/mapping_test/ws_livox/src/livox_ros_driver2 -DROS_EDITION=ROS2 -DHUMBLE_ROS=humble -DCMAKE_INSTALL_PREFIX=/home/nathan/mapping_test/ws_livox/install/livox_ros_driver2
[5.363s] DEBUG:colcon.colcon_core.event_handler.log_command:Invoking command in '/home/nathan/mapping_test/ws_livox/build/livox_ros_driver2': CMAKE_PREFIX_PATH=/opt/ros/humble /usr/bin/cmake --build /home/nathan/mapping_test/ws_livox/build/livox_ros_driver2 -- -j8 -l8
[20.155s] DEBUG:colcon.colcon_core.event_handler.log_command:Invoked command in '/home/nathan/mapping_test/ws_livox/build/livox_ros_driver2' returned '0': CMAKE_PREFIX_PATH=/opt/ros/humble /usr/bin/cmake --build /home/nathan/mapping_test/ws_livox/build/livox_ros_driver2 -- -j8 -l8
[20.168s] DEBUG:colcon.colcon_core.event_handler.log_command:Invoking command in '/home/nathan/mapping_test/ws_livox/build/livox_ros_driver2': CMAKE_PREFIX_PATH=/opt/ros/humble /usr/bin/cmake --install /home/nathan/mapping_test/ws_livox/build/livox_ros_driver2
[20.264s] Level 1:colcon.colcon_core.environment:create_environment_scripts_only(livox_ros_driver2)
[20.265s] DEBUG:colcon.colcon_core.event_handler.log_command:Invoked command in '/home/nathan/mapping_test/ws_livox/build/livox_ros_driver2' returned '0': CMAKE_PREFIX_PATH=/opt/ros/humble /usr/bin/cmake --install /home/nathan/mapping_test/ws_livox/build/livox_ros_driver2
[20.267s] Level 1:colcon.colcon_core.environment:checking '/home/nathan/mapping_test/ws_livox/install/livox_ros_driver2' for CMake module files
[20.268s] Level 1:colcon.colcon_core.environment:checking '/home/nathan/mapping_test/ws_livox/install/livox_ros_driver2' for CMake config files
[20.268s] Level 1:colcon.colcon_core.shell:create_environment_hook('livox_ros_driver2', 'cmake_prefix_path')
[20.269s] INFO:colcon.colcon_core.shell:Creating environment hook '/home/nathan/mapping_test/ws_livox/install/livox_ros_driver2/share/livox_ros_driver2/hook/cmake_prefix_path.ps1'
[20.269s] INFO:colcon.colcon_core.shell:Creating environment descriptor '/home/nathan/mapping_test/ws_livox/install/livox_ros_driver2/share/livox_ros_driver2/hook/cmake_prefix_path.dsv'
[20.270s] INFO:colcon.colcon_core.shell:Creating environment hook '/home/nathan/mapping_test/ws_livox/install/livox_ros_driver2/share/livox_ros_driver2/hook/cmake_prefix_path.sh'
[20.270s] Level 1:colcon.colcon_core.environment:checking '/home/nathan/mapping_test/ws_livox/install/livox_ros_driver2/lib'
[20.271s] Level 1:colcon.colcon_core.shell:create_environment_hook('livox_ros_driver2', 'ld_library_path_lib')
[20.271s] INFO:colcon.colcon_core.shell:Creating environment hook '/home/nathan/mapping_test/ws_livox/install/livox_ros_driver2/share/livox_ros_driver2/hook/ld_library_path_lib.ps1'
[20.271s] INFO:colcon.colcon_core.shell:Creating environment descriptor '/home/nathan/mapping_test/ws_livox/install/livox_ros_driver2/share/livox_ros_driver2/hook/ld_library_path_lib.dsv'
[20.271s] INFO:colcon.colcon_core.shell:Creating environment hook '/home/nathan/mapping_test/ws_livox/install/livox_ros_driver2/share/livox_ros_driver2/hook/ld_library_path_lib.sh'
[20.272s] Level 1:colcon.colcon_core.environment:checking '/home/nathan/mapping_test/ws_livox/install/livox_ros_driver2/bin'
[20.272s] Level 1:colcon.colcon_core.environment:checking '/home/nathan/mapping_test/ws_livox/install/livox_ros_driver2/lib/pkgconfig/livox_ros_driver2.pc'
[20.272s] Level 1:colcon.colcon_core.environment:checking '/home/nathan/mapping_test/ws_livox/install/livox_ros_driver2/lib/python3.10/site-packages'
[20.272s] Level 1:colcon.colcon_core.environment:checking '/home/nathan/mapping_test/ws_livox/install/livox_ros_driver2/bin'
[20.273s] INFO:colcon.colcon_core.shell:Creating package script '/home/nathan/mapping_test/ws_livox/install/livox_ros_driver2/share/livox_ros_driver2/package.ps1'
[20.273s] INFO:colcon.colcon_core.shell:Creating package descriptor '/home/nathan/mapping_test/ws_livox/install/livox_ros_driver2/share/livox_ros_driver2/package.dsv'
[20.274s] INFO:colcon.colcon_core.shell:Creating package script '/home/nathan/mapping_test/ws_livox/install/livox_ros_driver2/share/livox_ros_driver2/package.sh'
[20.275s] INFO:colcon.colcon_core.shell:Creating package script '/home/nathan/mapping_test/ws_livox/install/livox_ros_driver2/share/livox_ros_driver2/package.bash'
[20.275s] INFO:colcon.colcon_core.shell:Creating package script '/home/nathan/mapping_test/ws_livox/install/livox_ros_driver2/share/livox_ros_driver2/package.zsh'
[20.276s] Level 1:colcon.colcon_core.environment:create_file_with_runtime_dependencies(/home/nathan/mapping_test/ws_livox/install/livox_ros_driver2/share/colcon-core/packages/livox_ros_driver2)
[20.277s] Level 1:colcon.colcon_core.environment:create_environment_scripts_only(livox_ros_driver2)
[20.277s] Level 1:colcon.colcon_core.environment:checking '/home/nathan/mapping_test/ws_livox/install/livox_ros_driver2' for CMake module files
[20.277s] Level 1:colcon.colcon_core.environment:checking '/home/nathan/mapping_test/ws_livox/install/livox_ros_driver2' for CMake config files
[20.278s] Level 1:colcon.colcon_core.shell:create_environment_hook('livox_ros_driver2', 'cmake_prefix_path')
[20.278s] INFO:colcon.colcon_core.shell:Creating environment hook '/home/nathan/mapping_test/ws_livox/install/livox_ros_driver2/share/livox_ros_driver2/hook/cmake_prefix_path.ps1'
[20.279s] INFO:colcon.colcon_core.shell:Creating environment descriptor '/home/nathan/mapping_test/ws_livox/install/livox_ros_driver2/share/livox_ros_driver2/hook/cmake_prefix_path.dsv'
[20.279s] INFO:colcon.colcon_core.shell:Creating environment hook '/home/nathan/mapping_test/ws_livox/install/livox_ros_driver2/share/livox_ros_driver2/hook/cmake_prefix_path.sh'
[20.280s] Level 1:colcon.colcon_core.environment:checking '/home/nathan/mapping_test/ws_livox/install/livox_ros_driver2/lib'
[20.280s] Level 1:colcon.colcon_core.shell:create_environment_hook('livox_ros_driver2', 'ld_library_path_lib')
[20.280s] INFO:colcon.colcon_core.shell:Creating environment hook '/home/nathan/mapping_test/ws_livox/install/livox_ros_driver2/share/livox_ros_driver2/hook/ld_library_path_lib.ps1'
[20.280s] INFO:colcon.colcon_core.shell:Creating environment descriptor '/home/nathan/mapping_test/ws_livox/install/livox_ros_driver2/share/livox_ros_driver2/hook/ld_library_path_lib.dsv'
[20.281s] INFO:colcon.colcon_core.shell:Creating environment hook '/home/nathan/mapping_test/ws_livox/install/livox_ros_driver2/share/livox_ros_driver2/hook/ld_library_path_lib.sh'
[20.281s] Level 1:colcon.colcon_core.environment:checking '/home/nathan/mapping_test/ws_livox/install/livox_ros_driver2/bin'
[20.281s] Level 1:colcon.colcon_core.environment:checking '/home/nathan/mapping_test/ws_livox/install/livox_ros_driver2/lib/pkgconfig/livox_ros_driver2.pc'
[20.282s] Level 1:colcon.colcon_core.environment:checking '/home/nathan/mapping_test/ws_livox/install/livox_ros_driver2/lib/python3.10/site-packages'
[20.282s] Level 1:colcon.colcon_core.environment:checking '/home/nathan/mapping_test/ws_livox/install/livox_ros_driver2/bin'
[20.282s] INFO:colcon.colcon_core.shell:Creating package script '/home/nathan/mapping_test/ws_livox/install/livox_ros_driver2/share/livox_ros_driver2/package.ps1'
[20.283s] INFO:colcon.colcon_core.shell:Creating package descriptor '/home/nathan/mapping_test/ws_livox/install/livox_ros_driver2/share/livox_ros_driver2/package.dsv'
[20.283s] INFO:colcon.colcon_core.shell:Creating package script '/home/nathan/mapping_test/ws_livox/install/livox_ros_driver2/share/livox_ros_driver2/package.sh'
[20.284s] INFO:colcon.colcon_core.shell:Creating package script '/home/nathan/mapping_test/ws_livox/install/livox_ros_driver2/share/livox_ros_driver2/package.bash'
[20.284s] INFO:colcon.colcon_core.shell:Creating package script '/home/nathan/mapping_test/ws_livox/install/livox_ros_driver2/share/livox_ros_driver2/package.zsh'
[20.285s] Level 1:colcon.colcon_core.environment:create_file_with_runtime_dependencies(/home/nathan/mapping_test/ws_livox/install/livox_ros_driver2/share/colcon-core/packages/livox_ros_driver2)
[20.285s] DEBUG:colcon.colcon_parallel_executor.executor.parallel:closing loop
[20.285s] DEBUG:colcon.colcon_parallel_executor.executor.parallel:loop closed
[20.285s] DEBUG:colcon.colcon_parallel_executor.executor.parallel:run_until_complete finished with '0'
[20.286s] DEBUG:colcon.colcon_core.event_reactor:joining thread
[20.291s] INFO:colcon.colcon_core.plugin_system:Skipping extension 'colcon_notification.desktop_notification.terminal_notifier': Not used on non-Darwin systems
[20.292s] INFO:colcon.colcon_core.plugin_system:Skipping extension 'colcon_notification.desktop_notification.win32': Not used on non-Windows systems
[20.292s] INFO:colcon.colcon_notification.desktop_notification:Sending desktop notification using 'notify2'
[20.307s] DEBUG:colcon.colcon_core.event_reactor:joined thread
[20.307s] INFO:colcon.colcon_core.shell:Creating prefix script '/home/nathan/mapping_test/ws_livox/install/local_setup.ps1'
[20.309s] INFO:colcon.colcon_core.shell:Creating prefix util module '/home/nathan/mapping_test/ws_livox/install/_local_setup_util_ps1.py'
[20.310s] INFO:colcon.colcon_core.shell:Creating prefix chain script '/home/nathan/mapping_test/ws_livox/install/setup.ps1'
[20.311s] INFO:colcon.colcon_core.shell:Creating prefix script '/home/nathan/mapping_test/ws_livox/install/local_setup.sh'
[20.312s] INFO:colcon.colcon_core.shell:Creating prefix util module '/home/nathan/mapping_test/ws_livox/install/_local_setup_util_sh.py'
[20.312s] INFO:colcon.colcon_core.shell:Creating prefix chain script '/home/nathan/mapping_test/ws_livox/install/setup.sh'
[20.313s] INFO:colcon.colcon_core.shell:Creating prefix script '/home/nathan/mapping_test/ws_livox/install/local_setup.bash'
[20.314s] INFO:colcon.colcon_core.shell:Creating prefix chain script '/home/nathan/mapping_test/ws_livox/install/setup.bash'
[20.315s] INFO:colcon.colcon_core.shell:Creating prefix script '/home/nathan/mapping_test/ws_livox/install/local_setup.zsh'
[20.315s] INFO:colcon.colcon_core.shell:Creating prefix chain script '/home/nathan/mapping_test/ws_livox/install/setup.zsh'
