/usr/lib/python3/dist-packages/setuptools/dist.py:723: UserWarning: Usage of dash-separated 'script-dir' will not be supported in future versions. Please use the underscore name 'script_dir' instead
  warnings.warn(
running egg_info
creating ../../build/ros2_camera_publish/ros2_camera_publish.egg-info
writing ../../build/ros2_camera_publish/ros2_camera_publish.egg-info/PKG-INFO
writing dependency_links to ../../build/ros2_camera_publish/ros2_camera_publish.egg-info/dependency_links.txt
writing entry points to ../../build/ros2_camera_publish/ros2_camera_publish.egg-info/entry_points.txt
writing requirements to ../../build/ros2_camera_publish/ros2_camera_publish.egg-info/requires.txt
writing top-level names to ../../build/ros2_camera_publish/ros2_camera_publish.egg-info/top_level.txt
writing manifest file '../../build/ros2_camera_publish/ros2_camera_publish.egg-info/SOURCES.txt'
reading manifest file '../../build/ros2_camera_publish/ros2_camera_publish.egg-info/SOURCES.txt'
adding license file 'LICENSE'
writing manifest file '../../build/ros2_camera_publish/ros2_camera_publish.egg-info/SOURCES.txt'
running build
running build_py
creating /home/nathan/mapping_test/ws_livox/build/ros2_camera_publish/build
creating /home/nathan/mapping_test/ws_livox/build/ros2_camera_publish/build/lib
creating /home/nathan/mapping_test/ws_livox/build/ros2_camera_publish/build/lib/ros2_camera_publish
copying ros2_camera_publish/image_subscribe_function.py -> /home/nathan/mapping_test/ws_livox/build/ros2_camera_publish/build/lib/ros2_camera_publish
copying ros2_camera_publish/__init__.py -> /home/nathan/mapping_test/ws_livox/build/ros2_camera_publish/build/lib/ros2_camera_publish
copying ros2_camera_publish/camera_publish_function.py -> /home/nathan/mapping_test/ws_livox/build/ros2_camera_publish/build/lib/ros2_camera_publish
running install
running install_lib
creating /home/nathan/mapping_test/ws_livox/install/ros2_camera_publish/lib/python3.10/site-packages/ros2_camera_publish
copying /home/nathan/mapping_test/ws_livox/build/ros2_camera_publish/build/lib/ros2_camera_publish/image_subscribe_function.py -> /home/nathan/mapping_test/ws_livox/install/ros2_camera_publish/lib/python3.10/site-packages/ros2_camera_publish
copying /home/nathan/mapping_test/ws_livox/build/ros2_camera_publish/build/lib/ros2_camera_publish/__init__.py -> /home/nathan/mapping_test/ws_livox/install/ros2_camera_publish/lib/python3.10/site-packages/ros2_camera_publish
copying /home/nathan/mapping_test/ws_livox/build/ros2_camera_publish/build/lib/ros2_camera_publish/camera_publish_function.py -> /home/nathan/mapping_test/ws_livox/install/ros2_camera_publish/lib/python3.10/site-packages/ros2_camera_publish
byte-compiling /home/nathan/mapping_test/ws_livox/install/ros2_camera_publish/lib/python3.10/site-packages/ros2_camera_publish/image_subscribe_function.py to image_subscribe_function.cpython-310.pyc
byte-compiling /home/nathan/mapping_test/ws_livox/install/ros2_camera_publish/lib/python3.10/site-packages/ros2_camera_publish/__init__.py to __init__.cpython-310.pyc
byte-compiling /home/nathan/mapping_test/ws_livox/install/ros2_camera_publish/lib/python3.10/site-packages/ros2_camera_publish/camera_publish_function.py to camera_publish_function.cpython-310.pyc
running install_data
creating /home/nathan/mapping_test/ws_livox/install/ros2_camera_publish/share/ament_index
creating /home/nathan/mapping_test/ws_livox/install/ros2_camera_publish/share/ament_index/resource_index
creating /home/nathan/mapping_test/ws_livox/install/ros2_camera_publish/share/ament_index/resource_index/packages
copying resource/ros2_camera_publish -> /home/nathan/mapping_test/ws_livox/install/ros2_camera_publish/share/ament_index/resource_index/packages
copying package.xml -> /home/nathan/mapping_test/ws_livox/install/ros2_camera_publish/share/ros2_camera_publish
copying settings.json -> /home/nathan/mapping_test/ws_livox/install/ros2_camera_publish/share/ros2_camera_publish
running install_egg_info
Copying ../../build/ros2_camera_publish/ros2_camera_publish.egg-info to /home/nathan/mapping_test/ws_livox/install/ros2_camera_publish/lib/python3.10/site-packages/ros2_camera_publish-0.0.0-py3.10.egg-info
running install_scripts
Installing execute script to /home/nathan/mapping_test/ws_livox/install/ros2_camera_publish/lib/ros2_camera_publish
writing list of installed files to '/home/nathan/mapping_test/ws_livox/build/ros2_camera_publish/install.log'
