[0.958s] Invoking command in '/home/nathan/mapping_test/ws_livox/src/ros2_camera_publish': PYTHONPATH=/home/nathan/mapping_test/ws_livox/build/ros2_camera_publish/prefix_override:/usr/lib/python3/dist-packages/colcon_core/task/python/colcon_distutils_commands:/home/nathan/mapping_test/ws_livox/install/ros2_camera_publish/lib/python3.10/site-packages:${PYTHONPATH} /usr/bin/python3 -W ignore:setup.py install is deprecated -W ignore:easy_install command is deprecated setup.py egg_info --egg-base ../../build/ros2_camera_publish build --build-base /home/nathan/mapping_test/ws_livox/build/ros2_camera_publish/build install --record /home/nathan/mapping_test/ws_livox/build/ros2_camera_publish/install.log --install-scripts $base/lib/ros2_camera_publish --single-version-externally-managed install_data
[1.302s] /usr/lib/python3/dist-packages/setuptools/dist.py:723: UserWarning: Usage of dash-separated 'script-dir' will not be supported in future versions. Please use the underscore name 'script_dir' instead
[1.302s]   warnings.warn(
[1.314s] running egg_info
[1.315s] creating ../../build/ros2_camera_publish/ros2_camera_publish.egg-info
[1.315s] writing ../../build/ros2_camera_publish/ros2_camera_publish.egg-info/PKG-INFO
[1.315s] writing dependency_links to ../../build/ros2_camera_publish/ros2_camera_publish.egg-info/dependency_links.txt
[1.316s] writing entry points to ../../build/ros2_camera_publish/ros2_camera_publish.egg-info/entry_points.txt
[1.316s] writing requirements to ../../build/ros2_camera_publish/ros2_camera_publish.egg-info/requires.txt
[1.316s] writing top-level names to ../../build/ros2_camera_publish/ros2_camera_publish.egg-info/top_level.txt
[1.316s] writing manifest file '../../build/ros2_camera_publish/ros2_camera_publish.egg-info/SOURCES.txt'
[1.319s] reading manifest file '../../build/ros2_camera_publish/ros2_camera_publish.egg-info/SOURCES.txt'
[1.319s] adding license file 'LICENSE'
[1.321s] writing manifest file '../../build/ros2_camera_publish/ros2_camera_publish.egg-info/SOURCES.txt'
[1.321s] running build
[1.321s] running build_py
[1.321s] creating /home/nathan/mapping_test/ws_livox/build/ros2_camera_publish/build
[1.321s] creating /home/nathan/mapping_test/ws_livox/build/ros2_camera_publish/build/lib
[1.321s] creating /home/nathan/mapping_test/ws_livox/build/ros2_camera_publish/build/lib/ros2_camera_publish
[1.321s] copying ros2_camera_publish/image_subscribe_function.py -> /home/nathan/mapping_test/ws_livox/build/ros2_camera_publish/build/lib/ros2_camera_publish
[1.322s] copying ros2_camera_publish/__init__.py -> /home/nathan/mapping_test/ws_livox/build/ros2_camera_publish/build/lib/ros2_camera_publish
[1.322s] copying ros2_camera_publish/camera_publish_function.py -> /home/nathan/mapping_test/ws_livox/build/ros2_camera_publish/build/lib/ros2_camera_publish
[1.322s] running install
[1.322s] running install_lib
[1.323s] creating /home/nathan/mapping_test/ws_livox/install/ros2_camera_publish/lib/python3.10/site-packages/ros2_camera_publish
[1.323s] copying /home/nathan/mapping_test/ws_livox/build/ros2_camera_publish/build/lib/ros2_camera_publish/image_subscribe_function.py -> /home/nathan/mapping_test/ws_livox/install/ros2_camera_publish/lib/python3.10/site-packages/ros2_camera_publish
[1.323s] copying /home/nathan/mapping_test/ws_livox/build/ros2_camera_publish/build/lib/ros2_camera_publish/__init__.py -> /home/nathan/mapping_test/ws_livox/install/ros2_camera_publish/lib/python3.10/site-packages/ros2_camera_publish
[1.324s] copying /home/nathan/mapping_test/ws_livox/build/ros2_camera_publish/build/lib/ros2_camera_publish/camera_publish_function.py -> /home/nathan/mapping_test/ws_livox/install/ros2_camera_publish/lib/python3.10/site-packages/ros2_camera_publish
[1.324s] byte-compiling /home/nathan/mapping_test/ws_livox/install/ros2_camera_publish/lib/python3.10/site-packages/ros2_camera_publish/image_subscribe_function.py to image_subscribe_function.cpython-310.pyc
[1.325s] byte-compiling /home/nathan/mapping_test/ws_livox/install/ros2_camera_publish/lib/python3.10/site-packages/ros2_camera_publish/__init__.py to __init__.cpython-310.pyc
[1.325s] byte-compiling /home/nathan/mapping_test/ws_livox/install/ros2_camera_publish/lib/python3.10/site-packages/ros2_camera_publish/camera_publish_function.py to camera_publish_function.cpython-310.pyc
[1.326s] running install_data
[1.326s] creating /home/nathan/mapping_test/ws_livox/install/ros2_camera_publish/share/ament_index
[1.326s] creating /home/nathan/mapping_test/ws_livox/install/ros2_camera_publish/share/ament_index/resource_index
[1.326s] creating /home/nathan/mapping_test/ws_livox/install/ros2_camera_publish/share/ament_index/resource_index/packages
[1.326s] copying resource/ros2_camera_publish -> /home/nathan/mapping_test/ws_livox/install/ros2_camera_publish/share/ament_index/resource_index/packages
[1.327s] copying package.xml -> /home/nathan/mapping_test/ws_livox/install/ros2_camera_publish/share/ros2_camera_publish
[1.327s] copying settings.json -> /home/nathan/mapping_test/ws_livox/install/ros2_camera_publish/share/ros2_camera_publish
[1.327s] running install_egg_info
[1.329s] Copying ../../build/ros2_camera_publish/ros2_camera_publish.egg-info to /home/nathan/mapping_test/ws_livox/install/ros2_camera_publish/lib/python3.10/site-packages/ros2_camera_publish-0.0.0-py3.10.egg-info
[1.330s] running install_scripts
[1.361s] Installing execute script to /home/nathan/mapping_test/ws_livox/install/ros2_camera_publish/lib/ros2_camera_publish
[1.361s] writing list of installed files to '/home/nathan/mapping_test/ws_livox/build/ros2_camera_publish/install.log'
[1.396s] Invoked command in '/home/nathan/mapping_test/ws_livox/src/ros2_camera_publish' returned '0': PYTHONPATH=/home/nathan/mapping_test/ws_livox/build/ros2_camera_publish/prefix_override:/usr/lib/python3/dist-packages/colcon_core/task/python/colcon_distutils_commands:/home/nathan/mapping_test/ws_livox/install/ros2_camera_publish/lib/python3.10/site-packages:${PYTHONPATH} /usr/bin/python3 -W ignore:setup.py install is deprecated -W ignore:easy_install command is deprecated setup.py egg_info --egg-base ../../build/ros2_camera_publish build --build-base /home/nathan/mapping_test/ws_livox/build/ros2_camera_publish/build install --record /home/nathan/mapping_test/ws_livox/build/ros2_camera_publish/install.log --install-scripts $base/lib/ros2_camera_publish --single-version-externally-managed install_data
