[0.023s] Invoking command in '/home/nathan/mapping_test/ws_livox/build/livox_ros_driver2': CMAKE_PREFIX_PATH=${CMAKE_PREFIX_PATH}:/home/nathan/mapping_test/ws_livox/install/ros2_camera_publish:/opt/ros/humble /usr/bin/cmake /home/nathan/mapping_test/ws_livox/src/livox_ros_driver2 -DCMAKE_INSTALL_PREFIX=/home/nathan/mapping_test/ws_livox/install/livox_ros_driver2
[0.065s] -- livox_ros_driver2 version: 1.2.4
[0.065s] -- Found ament_cmake_auto: 1.3.11 (/opt/ros/humble/share/ament_cmake_auto/cmake)
[0.316s] -- Using all available rosidl_typesupport_c: rosidl_typesupport_fastrtps_c;rosidl_typesupport_introspection_c
[0.321s] -- Found rosidl_adapter: 3.1.6 (/opt/ros/humble/share/rosidl_adapter/cmake)
[0.375s] -- Using all available rosidl_typesupport_cpp: rosidl_typesupport_fastrtps_cpp;rosidl_typesupport_introspection_cpp
[0.485s] -- Found rmw_implementation_cmake: 6.1.2 (/opt/ros/humble/share/rmw_implementation_cmake/cmake)
[0.488s] -- Found rmw_fastrtps_cpp: 6.2.7 (/opt/ros/humble/share/rmw_fastrtps_cpp/cmake)
[0.639s] -- Using RMW implementation 'rmw_fastrtps_cpp' as default
[0.838s] -- Eigen found (include: /usr/include/eigen3, version: 3.4.0)
[0.884s] -- FLANN found (include: /usr/include, lib: /usr/lib/x86_64-linux-gnu/libflann_cpp.so)
[1.354s] -- OpenNI found (version: 1.5.4.0, include: /usr/include/ni, lib: /usr/lib/libOpenNI.so;libusb::libusb)
[1.361s] -- OpenNI2 found (version: 2.2.0.33, include: /usr/include/openni2, lib: /usr/lib/x86_64-linux-gnu/libOpenNI2.so;libusb::libusb)
[1.535s] -- Eigen found (include: /usr/include/eigen3, version: 3.4.0)
[1.544s] -- OpenNI found (version: 1.5.4.0, include: /usr/include/ni, lib: /usr/lib/libOpenNI.so;libusb::libusb)
[1.551s] -- OpenNI2 found (version: 2.2.0.33, include: /usr/include/openni2, lib: /usr/lib/x86_64-linux-gnu/libOpenNI2.so;libusb::libusb)
[1.718s] -- Found Qhull version 8.0.2
[1.886s] -- OpenNI found (version: 1.5.4.0, include: /usr/include/ni, lib: /usr/lib/libOpenNI.so;libusb::libusb)
[2.126s] -- Checking for module 'apr-1'
[2.130s] --   No package 'apr-1' found
[2.374s] -- Found ament_cmake_ros: 0.10.0 (/opt/ros/humble/share/ament_cmake_ros/cmake)
[2.630s] -- Using all available rosidl_typesupport_c: rosidl_typesupport_fastrtps_c;rosidl_typesupport_introspection_c
[2.963s] -- Using all available rosidl_typesupport_cpp: rosidl_typesupport_fastrtps_cpp;rosidl_typesupport_introspection_cpp
[2.992s] -- Found python_cmake_module: 0.10.0 (/opt/ros/humble/share/python_cmake_module/cmake)
[3.019s] -- Using PYTHON_EXECUTABLE: /usr/bin/python3
[3.019s] -- Using PYTHON_INCLUDE_DIRS: /usr/include/python3.10
[3.019s] -- Using PYTHON_LIBRARIES: /usr/lib/x86_64-linux-gnu/libpython3.10.so
[3.067s] -- Found ament_lint_auto: 0.12.12 (/opt/ros/humble/share/ament_lint_auto/cmake)
[3.089s] -- Added test 'copyright' to check source files copyright and LICENSE
[3.101s] -- Added test 'cppcheck' to perform static code analysis on C / C++ code
[3.103s] -- Configured cppcheck include dirs: /home/nathan/mapping_test/ws_livox/src/livox_ros_driver2/3rdparty;/home/nathan/mapping_test/ws_livox/src/livox_ros_driver2/src
[3.103s] -- Configured cppcheck exclude dirs and/or files: 
[3.113s] -- Added test 'cpplint' to check C / C++ code against the Google style
[3.113s] -- Configured cpplint exclude dirs and/or files: 
[3.115s] -- Added test 'flake8' to check Python code syntax and style conventions
[3.118s] -- Added test 'lint_cmake' to check CMake code style
[3.119s] -- Added test 'pep257' to check Python code against some of the docstring style conventions in PEP 257
[3.129s] -- Added test 'uncrustify' to check C / C++ code style
[3.129s] -- Configured uncrustify additional arguments: 
[3.131s] -- Added test 'xmllint' to check XML markup files
[3.134s] -- Configuring done
[3.275s] -- Generating done
[3.303s] -- Build files have been written to: /home/nathan/mapping_test/ws_livox/build/livox_ros_driver2
[3.321s] Invoked command in '/home/nathan/mapping_test/ws_livox/build/livox_ros_driver2' returned '0': CMAKE_PREFIX_PATH=${CMAKE_PREFIX_PATH}:/home/nathan/mapping_test/ws_livox/install/ros2_camera_publish:/opt/ros/humble /usr/bin/cmake /home/nathan/mapping_test/ws_livox/src/livox_ros_driver2 -DCMAKE_INSTALL_PREFIX=/home/nathan/mapping_test/ws_livox/install/livox_ros_driver2
[3.324s] Invoking command in '/home/nathan/mapping_test/ws_livox/build/livox_ros_driver2': CMAKE_PREFIX_PATH=${CMAKE_PREFIX_PATH}:/home/nathan/mapping_test/ws_livox/install/ros2_camera_publish:/opt/ros/humble /usr/bin/cmake --build /home/nathan/mapping_test/ws_livox/build/livox_ros_driver2 -- -j8 -l8
[3.376s] [35m[1mConsolidate compiler generated dependencies of target livox_interfaces2__rosidl_generator_c[0m
[3.377s] [35m[1mConsolidate compiler generated dependencies of target livox_ros_driver2_node[0m
[3.389s] [  1%] Built target livox_interfaces2__cpp
[3.392s] [  8%] Built target livox_interfaces2__rosidl_generator_c
[3.406s] [  8%] Built target ament_cmake_python_copy_livox_ros_driver2
[3.409s] [35m[1mConsolidate compiler generated dependencies of target livox_interfaces2__rosidl_typesupport_cpp[0m
[3.409s] [35m[1mConsolidate compiler generated dependencies of target livox_interfaces2__rosidl_typesupport_introspection_cpp[0m
[3.409s] [35m[1mConsolidate compiler generated dependencies of target livox_interfaces2__rosidl_typesupport_fastrtps_cpp[0m
[3.410s] [35m[1mConsolidate compiler generated dependencies of target livox_interfaces2__rosidl_typesupport_c[0m
[3.410s] [35m[1mConsolidate compiler generated dependencies of target livox_interfaces2__rosidl_typesupport_introspection_c[0m
[3.412s] [35m[1mConsolidate compiler generated dependencies of target livox_interfaces2__rosidl_typesupport_fastrtps_c[0m
[3.414s] [ 10%] [32m[1mLinking CXX executable livox_ros_driver2_node[0m
[3.431s] [ 22%] Built target livox_interfaces2__rosidl_typesupport_cpp
[3.432s] [ 24%] Built target livox_interfaces2__rosidl_typesupport_introspection_c
[3.432s] [ 31%] Built target livox_interfaces2__rosidl_typesupport_fastrtps_cpp
[3.432s] [ 38%] Built target livox_interfaces2__rosidl_typesupport_introspection_cpp
[3.432s] [ 45%] Built target livox_interfaces2__rosidl_typesupport_c
[3.436s] [ 52%] Built target livox_interfaces2__rosidl_typesupport_fastrtps_c
[3.462s] [ 52%] Built target livox_interfaces2
[3.464s] [35m[1mConsolidate compiler generated dependencies of target livox_ros_driver2[0m
[3.487s] [ 54%] Built target livox_interfaces2__py
[3.500s] [35m[1mConsolidate compiler generated dependencies of target livox_interfaces2__rosidl_generator_py[0m
[3.517s] [ 56%] [32mBuilding C object CMakeFiles/livox_interfaces2__rosidl_generator_py.dir/rosidl_generator_py/livox_ros_driver2/msg/_custom_point_s.c.o[0m
[3.520s] [ 57%] [32mBuilding C object CMakeFiles/livox_interfaces2__rosidl_generator_py.dir/rosidl_generator_py/livox_ros_driver2/msg/_custom_msg_s.c.o[0m
[3.560s] [ 59%] [32m[1mLinking CXX shared library liblivox_ros_driver2.so[0m
[3.618s] [ 61%] Built target livox_ros_driver2_node
[3.689s] [ 63%] [32m[1mLinking C shared library rosidl_generator_py/livox_ros_driver2/liblivox_interfaces2__rosidl_generator_py.so[0m
[3.742s] [ 63%] Built target livox_interfaces2__rosidl_generator_py
[3.756s] [35m[1mConsolidate compiler generated dependencies of target livox_ros_driver2__rosidl_typesupport_c__pyext[0m
[3.756s] [35m[1mConsolidate compiler generated dependencies of target livox_ros_driver2__rosidl_typesupport_introspection_c__pyext[0m
[3.762s] [35m[1mConsolidate compiler generated dependencies of target livox_ros_driver2__rosidl_typesupport_fastrtps_c__pyext[0m
[3.771s] [ 66%] [32mBuilding C object CMakeFiles/livox_ros_driver2__rosidl_typesupport_introspection_c__pyext.dir/rosidl_generator_py/livox_ros_driver2/_livox_ros_driver2_s.ep.rosidl_typesupport_introspection_c.c.o[0m
[3.772s] [ 66%] [32mBuilding C object CMakeFiles/livox_ros_driver2__rosidl_typesupport_c__pyext.dir/rosidl_generator_py/livox_ros_driver2/_livox_ros_driver2_s.ep.rosidl_typesupport_c.c.o[0m
[3.785s] [ 68%] [32mBuilding C object CMakeFiles/livox_ros_driver2__rosidl_typesupport_fastrtps_c__pyext.dir/rosidl_generator_py/livox_ros_driver2/_livox_ros_driver2_s.ep.rosidl_typesupport_fastrtps_c.c.o[0m
[3.810s] running egg_info
[3.811s] writing livox_ros_driver2.egg-info/PKG-INFO
[3.812s] writing dependency_links to livox_ros_driver2.egg-info/dependency_links.txt
[3.812s] writing top-level names to livox_ros_driver2.egg-info/top_level.txt
[3.815s] reading manifest file 'livox_ros_driver2.egg-info/SOURCES.txt'
[3.816s] writing manifest file 'livox_ros_driver2.egg-info/SOURCES.txt'
[3.858s] [ 68%] Built target ament_cmake_python_build_livox_ros_driver2_egg
[3.905s] [ 70%] [32m[1mLinking C shared library rosidl_generator_py/livox_ros_driver2/livox_ros_driver2_s__rosidl_typesupport_c.cpython-310-x86_64-linux-gnu.so[0m
[3.945s] [ 71%] [32m[1mLinking C shared library rosidl_generator_py/livox_ros_driver2/livox_ros_driver2_s__rosidl_typesupport_introspection_c.cpython-310-x86_64-linux-gnu.so[0m
[3.952s] [ 73%] [32m[1mLinking C shared library rosidl_generator_py/livox_ros_driver2/livox_ros_driver2_s__rosidl_typesupport_fastrtps_c.cpython-310-x86_64-linux-gnu.so[0m
[3.952s] [ 73%] Built target livox_ros_driver2__rosidl_typesupport_c__pyext
[3.995s] [ 73%] Built target livox_ros_driver2__rosidl_typesupport_introspection_c__pyext
[4.003s] [ 73%] Built target livox_ros_driver2__rosidl_typesupport_fastrtps_c__pyext
[4.579s] [100%] Built target livox_ros_driver2
[4.593s] Invoked command in '/home/nathan/mapping_test/ws_livox/build/livox_ros_driver2' returned '0': CMAKE_PREFIX_PATH=${CMAKE_PREFIX_PATH}:/home/nathan/mapping_test/ws_livox/install/ros2_camera_publish:/opt/ros/humble /usr/bin/cmake --build /home/nathan/mapping_test/ws_livox/build/livox_ros_driver2 -- -j8 -l8
[4.605s] Invoking command in '/home/nathan/mapping_test/ws_livox/build/livox_ros_driver2': CMAKE_PREFIX_PATH=${CMAKE_PREFIX_PATH}:/home/nathan/mapping_test/ws_livox/install/ros2_camera_publish:/opt/ros/humble /usr/bin/cmake --install /home/nathan/mapping_test/ws_livox/build/livox_ros_driver2
[4.613s] -- Install configuration: ""
[4.614s] -- Up-to-date: /home/nathan/mapping_test/ws_livox/install/livox_ros_driver2/share/ament_index/resource_index/rosidl_interfaces/livox_ros_driver2
[4.614s] -- Up-to-date: /home/nathan/mapping_test/ws_livox/install/livox_ros_driver2/include/livox_ros_driver2/livox_ros_driver2
[4.614s] -- Up-to-date: /home/nathan/mapping_test/ws_livox/install/livox_ros_driver2/include/livox_ros_driver2/livox_ros_driver2/msg
[4.615s] -- Up-to-date: /home/nathan/mapping_test/ws_livox/install/livox_ros_driver2/include/livox_ros_driver2/livox_ros_driver2/msg/detail
[4.615s] -- Up-to-date: /home/nathan/mapping_test/ws_livox/install/livox_ros_driver2/include/livox_ros_driver2/livox_ros_driver2/msg/detail/custom_msg__struct.h
[4.615s] -- Up-to-date: /home/nathan/mapping_test/ws_livox/install/livox_ros_driver2/include/livox_ros_driver2/livox_ros_driver2/msg/detail/custom_point__struct.h
[4.615s] -- Up-to-date: /home/nathan/mapping_test/ws_livox/install/livox_ros_driver2/include/livox_ros_driver2/livox_ros_driver2/msg/detail/custom_point__functions.h
[4.615s] -- Up-to-date: /home/nathan/mapping_test/ws_livox/install/livox_ros_driver2/include/livox_ros_driver2/livox_ros_driver2/msg/detail/custom_point__functions.c
[4.615s] -- Up-to-date: /home/nathan/mapping_test/ws_livox/install/livox_ros_driver2/include/livox_ros_driver2/livox_ros_driver2/msg/detail/custom_msg__functions.c
[4.615s] -- Up-to-date: /home/nathan/mapping_test/ws_livox/install/livox_ros_driver2/include/livox_ros_driver2/livox_ros_driver2/msg/detail/custom_point__type_support.h
[4.615s] -- Up-to-date: /home/nathan/mapping_test/ws_livox/install/livox_ros_driver2/include/livox_ros_driver2/livox_ros_driver2/msg/detail/custom_msg__type_support.h
[4.615s] -- Up-to-date: /home/nathan/mapping_test/ws_livox/install/livox_ros_driver2/include/livox_ros_driver2/livox_ros_driver2/msg/detail/custom_msg__functions.h
[4.615s] -- Up-to-date: /home/nathan/mapping_test/ws_livox/install/livox_ros_driver2/include/livox_ros_driver2/livox_ros_driver2/msg/custom_msg.h
[4.615s] -- Up-to-date: /home/nathan/mapping_test/ws_livox/install/livox_ros_driver2/include/livox_ros_driver2/livox_ros_driver2/msg/custom_point.h
[4.615s] -- Up-to-date: /home/nathan/mapping_test/ws_livox/install/livox_ros_driver2/include/livox_ros_driver2/livox_ros_driver2/msg/rosidl_generator_c__visibility_control.h
[4.615s] -- Up-to-date: /home/nathan/mapping_test/ws_livox/install/livox_ros_driver2/share/livox_ros_driver2/environment/library_path.sh
[4.616s] -- Installing: /home/nathan/mapping_test/ws_livox/install/livox_ros_driver2/share/livox_ros_driver2/environment/library_path.dsv
[4.616s] -- Up-to-date: /home/nathan/mapping_test/ws_livox/install/livox_ros_driver2/lib/liblivox_ros_driver2__rosidl_generator_c.so
[4.616s] -- Up-to-date: /home/nathan/mapping_test/ws_livox/install/livox_ros_driver2/include/livox_ros_driver2/livox_ros_driver2
[4.616s] -- Up-to-date: /home/nathan/mapping_test/ws_livox/install/livox_ros_driver2/include/livox_ros_driver2/livox_ros_driver2/msg
[4.616s] -- Up-to-date: /home/nathan/mapping_test/ws_livox/install/livox_ros_driver2/include/livox_ros_driver2/livox_ros_driver2/msg/detail
[4.616s] -- Up-to-date: /home/nathan/mapping_test/ws_livox/install/livox_ros_driver2/include/livox_ros_driver2/livox_ros_driver2/msg/detail/custom_point__rosidl_typesupport_fastrtps_c.h
[4.617s] -- Up-to-date: /home/nathan/mapping_test/ws_livox/install/livox_ros_driver2/include/livox_ros_driver2/livox_ros_driver2/msg/detail/custom_msg__rosidl_typesupport_fastrtps_c.h
[4.617s] -- Up-to-date: /home/nathan/mapping_test/ws_livox/install/livox_ros_driver2/include/livox_ros_driver2/livox_ros_driver2/msg/rosidl_typesupport_fastrtps_c__visibility_control.h
[4.617s] -- Up-to-date: /home/nathan/mapping_test/ws_livox/install/livox_ros_driver2/lib/liblivox_ros_driver2__rosidl_typesupport_fastrtps_c.so
[4.617s] -- Up-to-date: /home/nathan/mapping_test/ws_livox/install/livox_ros_driver2/include/livox_ros_driver2/livox_ros_driver2
[4.617s] -- Up-to-date: /home/nathan/mapping_test/ws_livox/install/livox_ros_driver2/include/livox_ros_driver2/livox_ros_driver2/msg
[4.617s] -- Up-to-date: /home/nathan/mapping_test/ws_livox/install/livox_ros_driver2/include/livox_ros_driver2/livox_ros_driver2/msg/detail
[4.617s] -- Up-to-date: /home/nathan/mapping_test/ws_livox/install/livox_ros_driver2/include/livox_ros_driver2/livox_ros_driver2/msg/detail/custom_msg__type_support.c
[4.618s] -- Up-to-date: /home/nathan/mapping_test/ws_livox/install/livox_ros_driver2/include/livox_ros_driver2/livox_ros_driver2/msg/detail/custom_point__rosidl_typesupport_introspection_c.h
[4.618s] -- Up-to-date: /home/nathan/mapping_test/ws_livox/install/livox_ros_driver2/include/livox_ros_driver2/livox_ros_driver2/msg/detail/custom_msg__rosidl_typesupport_introspection_c.h
[4.618s] -- Up-to-date: /home/nathan/mapping_test/ws_livox/install/livox_ros_driver2/include/livox_ros_driver2/livox_ros_driver2/msg/detail/custom_point__type_support.c
[4.618s] -- Up-to-date: /home/nathan/mapping_test/ws_livox/install/livox_ros_driver2/include/livox_ros_driver2/livox_ros_driver2/msg/rosidl_typesupport_introspection_c__visibility_control.h
[4.618s] -- Up-to-date: /home/nathan/mapping_test/ws_livox/install/livox_ros_driver2/lib/liblivox_ros_driver2__rosidl_typesupport_introspection_c.so
[4.619s] -- Up-to-date: /home/nathan/mapping_test/ws_livox/install/livox_ros_driver2/lib/liblivox_ros_driver2__rosidl_typesupport_c.so
[4.619s] -- Up-to-date: /home/nathan/mapping_test/ws_livox/install/livox_ros_driver2/include/livox_ros_driver2/livox_ros_driver2
[4.619s] -- Up-to-date: /home/nathan/mapping_test/ws_livox/install/livox_ros_driver2/include/livox_ros_driver2/livox_ros_driver2/msg
[4.619s] -- Up-to-date: /home/nathan/mapping_test/ws_livox/install/livox_ros_driver2/include/livox_ros_driver2/livox_ros_driver2/msg/custom_point.hpp
[4.619s] -- Up-to-date: /home/nathan/mapping_test/ws_livox/install/livox_ros_driver2/include/livox_ros_driver2/livox_ros_driver2/msg/detail
[4.619s] -- Up-to-date: /home/nathan/mapping_test/ws_livox/install/livox_ros_driver2/include/livox_ros_driver2/livox_ros_driver2/msg/detail/custom_point__struct.hpp
[4.619s] -- Up-to-date: /home/nathan/mapping_test/ws_livox/install/livox_ros_driver2/include/livox_ros_driver2/livox_ros_driver2/msg/detail/custom_msg__builder.hpp
[4.620s] -- Up-to-date: /home/nathan/mapping_test/ws_livox/install/livox_ros_driver2/include/livox_ros_driver2/livox_ros_driver2/msg/detail/custom_msg__traits.hpp
[4.620s] -- Up-to-date: /home/nathan/mapping_test/ws_livox/install/livox_ros_driver2/include/livox_ros_driver2/livox_ros_driver2/msg/detail/custom_msg__struct.hpp
[4.620s] -- Up-to-date: /home/nathan/mapping_test/ws_livox/install/livox_ros_driver2/include/livox_ros_driver2/livox_ros_driver2/msg/detail/custom_msg__type_support.hpp
[4.620s] -- Up-to-date: /home/nathan/mapping_test/ws_livox/install/livox_ros_driver2/include/livox_ros_driver2/livox_ros_driver2/msg/detail/custom_point__type_support.hpp
[4.620s] -- Up-to-date: /home/nathan/mapping_test/ws_livox/install/livox_ros_driver2/include/livox_ros_driver2/livox_ros_driver2/msg/detail/custom_point__traits.hpp
[4.620s] -- Up-to-date: /home/nathan/mapping_test/ws_livox/install/livox_ros_driver2/include/livox_ros_driver2/livox_ros_driver2/msg/detail/custom_point__builder.hpp
[4.620s] -- Up-to-date: /home/nathan/mapping_test/ws_livox/install/livox_ros_driver2/include/livox_ros_driver2/livox_ros_driver2/msg/custom_msg.hpp
[4.620s] -- Up-to-date: /home/nathan/mapping_test/ws_livox/install/livox_ros_driver2/include/livox_ros_driver2/livox_ros_driver2/msg/rosidl_generator_cpp__visibility_control.hpp
[4.620s] -- Up-to-date: /home/nathan/mapping_test/ws_livox/install/livox_ros_driver2/include/livox_ros_driver2/livox_ros_driver2
[4.620s] -- Up-to-date: /home/nathan/mapping_test/ws_livox/install/livox_ros_driver2/include/livox_ros_driver2/livox_ros_driver2/msg
[4.621s] -- Up-to-date: /home/nathan/mapping_test/ws_livox/install/livox_ros_driver2/include/livox_ros_driver2/livox_ros_driver2/msg/detail
[4.621s] -- Up-to-date: /home/nathan/mapping_test/ws_livox/install/livox_ros_driver2/include/livox_ros_driver2/livox_ros_driver2/msg/detail/custom_point__rosidl_typesupport_fastrtps_cpp.hpp
[4.621s] -- Up-to-date: /home/nathan/mapping_test/ws_livox/install/livox_ros_driver2/include/livox_ros_driver2/livox_ros_driver2/msg/detail/custom_msg__rosidl_typesupport_fastrtps_cpp.hpp
[4.621s] -- Up-to-date: /home/nathan/mapping_test/ws_livox/install/livox_ros_driver2/include/livox_ros_driver2/livox_ros_driver2/msg/detail/dds_fastrtps
[4.621s] -- Up-to-date: /home/nathan/mapping_test/ws_livox/install/livox_ros_driver2/include/livox_ros_driver2/livox_ros_driver2/msg/rosidl_typesupport_fastrtps_cpp__visibility_control.h
[4.621s] -- Up-to-date: /home/nathan/mapping_test/ws_livox/install/livox_ros_driver2/lib/liblivox_ros_driver2__rosidl_typesupport_fastrtps_cpp.so
[4.621s] -- Up-to-date: /home/nathan/mapping_test/ws_livox/install/livox_ros_driver2/include/livox_ros_driver2/livox_ros_driver2
[4.621s] -- Up-to-date: /home/nathan/mapping_test/ws_livox/install/livox_ros_driver2/include/livox_ros_driver2/livox_ros_driver2/msg
[4.621s] -- Up-to-date: /home/nathan/mapping_test/ws_livox/install/livox_ros_driver2/include/livox_ros_driver2/livox_ros_driver2/msg/detail
[4.622s] -- Up-to-date: /home/nathan/mapping_test/ws_livox/install/livox_ros_driver2/include/livox_ros_driver2/livox_ros_driver2/msg/detail/custom_point__rosidl_typesupport_introspection_cpp.hpp
[4.622s] -- Up-to-date: /home/nathan/mapping_test/ws_livox/install/livox_ros_driver2/include/livox_ros_driver2/livox_ros_driver2/msg/detail/custom_point__type_support.cpp
[4.622s] -- Up-to-date: /home/nathan/mapping_test/ws_livox/install/livox_ros_driver2/include/livox_ros_driver2/livox_ros_driver2/msg/detail/custom_msg__type_support.cpp
[4.622s] -- Up-to-date: /home/nathan/mapping_test/ws_livox/install/livox_ros_driver2/include/livox_ros_driver2/livox_ros_driver2/msg/detail/custom_msg__rosidl_typesupport_introspection_cpp.hpp
[4.622s] -- Up-to-date: /home/nathan/mapping_test/ws_livox/install/livox_ros_driver2/lib/liblivox_ros_driver2__rosidl_typesupport_introspection_cpp.so
[4.623s] -- Up-to-date: /home/nathan/mapping_test/ws_livox/install/livox_ros_driver2/lib/liblivox_ros_driver2__rosidl_typesupport_cpp.so
[4.623s] -- Up-to-date: /home/nathan/mapping_test/ws_livox/install/livox_ros_driver2/share/livox_ros_driver2/environment/pythonpath.sh
[4.623s] -- Installing: /home/nathan/mapping_test/ws_livox/install/livox_ros_driver2/share/livox_ros_driver2/environment/pythonpath.dsv
[4.623s] -- Up-to-date: /home/nathan/mapping_test/ws_livox/install/livox_ros_driver2/local/lib/python3.10/dist-packages/livox_ros_driver2-1.0.0-py3.10.egg-info
[4.624s] -- Installing: /home/nathan/mapping_test/ws_livox/install/livox_ros_driver2/local/lib/python3.10/dist-packages/livox_ros_driver2-1.0.0-py3.10.egg-info/SOURCES.txt
[4.624s] -- Installing: /home/nathan/mapping_test/ws_livox/install/livox_ros_driver2/local/lib/python3.10/dist-packages/livox_ros_driver2-1.0.0-py3.10.egg-info/dependency_links.txt
[4.624s] -- Installing: /home/nathan/mapping_test/ws_livox/install/livox_ros_driver2/local/lib/python3.10/dist-packages/livox_ros_driver2-1.0.0-py3.10.egg-info/PKG-INFO
[4.624s] -- Installing: /home/nathan/mapping_test/ws_livox/install/livox_ros_driver2/local/lib/python3.10/dist-packages/livox_ros_driver2-1.0.0-py3.10.egg-info/top_level.txt
[4.624s] -- Up-to-date: /home/nathan/mapping_test/ws_livox/install/livox_ros_driver2/local/lib/python3.10/dist-packages/livox_ros_driver2
[4.624s] -- Installing: /home/nathan/mapping_test/ws_livox/install/livox_ros_driver2/local/lib/python3.10/dist-packages/livox_ros_driver2/liblivox_interfaces2__rosidl_generator_py.so
[4.625s] -- Up-to-date: /home/nathan/mapping_test/ws_livox/install/livox_ros_driver2/local/lib/python3.10/dist-packages/livox_ros_driver2/_livox_ros_driver2_s.ep.rosidl_typesupport_fastrtps_c.c
[4.625s] -- Installing: /home/nathan/mapping_test/ws_livox/install/livox_ros_driver2/local/lib/python3.10/dist-packages/livox_ros_driver2/__init__.py
[4.625s] -- Up-to-date: /home/nathan/mapping_test/ws_livox/install/livox_ros_driver2/local/lib/python3.10/dist-packages/livox_ros_driver2/_livox_ros_driver2_s.ep.rosidl_typesupport_c.c
[4.625s] -- Installing: /home/nathan/mapping_test/ws_livox/install/livox_ros_driver2/local/lib/python3.10/dist-packages/livox_ros_driver2/livox_ros_driver2_s__rosidl_typesupport_c.cpython-310-x86_64-linux-gnu.so
[4.625s] -- Up-to-date: /home/nathan/mapping_test/ws_livox/install/livox_ros_driver2/local/lib/python3.10/dist-packages/livox_ros_driver2/msg
[4.625s] -- Up-to-date: /home/nathan/mapping_test/ws_livox/install/livox_ros_driver2/local/lib/python3.10/dist-packages/livox_ros_driver2/msg/_custom_point.py
[4.626s] -- Up-to-date: /home/nathan/mapping_test/ws_livox/install/livox_ros_driver2/local/lib/python3.10/dist-packages/livox_ros_driver2/msg/__init__.py
[4.626s] -- Up-to-date: /home/nathan/mapping_test/ws_livox/install/livox_ros_driver2/local/lib/python3.10/dist-packages/livox_ros_driver2/msg/_custom_msg_s.c
[4.626s] -- Up-to-date: /home/nathan/mapping_test/ws_livox/install/livox_ros_driver2/local/lib/python3.10/dist-packages/livox_ros_driver2/msg/_custom_msg.py
[4.626s] -- Up-to-date: /home/nathan/mapping_test/ws_livox/install/livox_ros_driver2/local/lib/python3.10/dist-packages/livox_ros_driver2/msg/_custom_point_s.c
[4.626s] -- Installing: /home/nathan/mapping_test/ws_livox/install/livox_ros_driver2/local/lib/python3.10/dist-packages/livox_ros_driver2/livox_ros_driver2_s__rosidl_typesupport_fastrtps_c.cpython-310-x86_64-linux-gnu.so
[4.626s] -- Installing: /home/nathan/mapping_test/ws_livox/install/livox_ros_driver2/local/lib/python3.10/dist-packages/livox_ros_driver2/livox_ros_driver2_s__rosidl_typesupport_introspection_c.cpython-310-x86_64-linux-gnu.so
[4.626s] -- Up-to-date: /home/nathan/mapping_test/ws_livox/install/livox_ros_driver2/local/lib/python3.10/dist-packages/livox_ros_driver2/_livox_ros_driver2_s.ep.rosidl_typesupport_introspection_c.c
[4.665s] Listing '/home/nathan/mapping_test/ws_livox/install/livox_ros_driver2/local/lib/python3.10/dist-packages/livox_ros_driver2'...
[4.665s] Compiling '/home/nathan/mapping_test/ws_livox/install/livox_ros_driver2/local/lib/python3.10/dist-packages/livox_ros_driver2/__init__.py'...
[4.665s] Listing '/home/nathan/mapping_test/ws_livox/install/livox_ros_driver2/local/lib/python3.10/dist-packages/livox_ros_driver2/msg'...
[4.670s] -- Installing: /home/nathan/mapping_test/ws_livox/install/livox_ros_driver2/local/lib/python3.10/dist-packages/livox_ros_driver2/livox_ros_driver2_s__rosidl_typesupport_fastrtps_c.cpython-310-x86_64-linux-gnu.so
[4.671s] -- Set runtime path of "/home/nathan/mapping_test/ws_livox/install/livox_ros_driver2/local/lib/python3.10/dist-packages/livox_ros_driver2/livox_ros_driver2_s__rosidl_typesupport_fastrtps_c.cpython-310-x86_64-linux-gnu.so" to ""
[4.671s] -- Installing: /home/nathan/mapping_test/ws_livox/install/livox_ros_driver2/local/lib/python3.10/dist-packages/livox_ros_driver2/livox_ros_driver2_s__rosidl_typesupport_introspection_c.cpython-310-x86_64-linux-gnu.so
[4.672s] -- Set runtime path of "/home/nathan/mapping_test/ws_livox/install/livox_ros_driver2/local/lib/python3.10/dist-packages/livox_ros_driver2/livox_ros_driver2_s__rosidl_typesupport_introspection_c.cpython-310-x86_64-linux-gnu.so" to ""
[4.672s] -- Installing: /home/nathan/mapping_test/ws_livox/install/livox_ros_driver2/local/lib/python3.10/dist-packages/livox_ros_driver2/livox_ros_driver2_s__rosidl_typesupport_c.cpython-310-x86_64-linux-gnu.so
[4.673s] -- Set runtime path of "/home/nathan/mapping_test/ws_livox/install/livox_ros_driver2/local/lib/python3.10/dist-packages/livox_ros_driver2/livox_ros_driver2_s__rosidl_typesupport_c.cpython-310-x86_64-linux-gnu.so" to ""
[4.673s] -- Installing: /home/nathan/mapping_test/ws_livox/install/livox_ros_driver2/lib/liblivox_interfaces2__rosidl_generator_py.so
[4.674s] -- Set runtime path of "/home/nathan/mapping_test/ws_livox/install/livox_ros_driver2/lib/liblivox_interfaces2__rosidl_generator_py.so" to ""
[4.674s] -- Up-to-date: /home/nathan/mapping_test/ws_livox/install/livox_ros_driver2/share/livox_ros_driver2/msg/CustomPoint.idl
[4.674s] -- Up-to-date: /home/nathan/mapping_test/ws_livox/install/livox_ros_driver2/share/livox_ros_driver2/msg/CustomMsg.idl
[4.675s] -- Up-to-date: /home/nathan/mapping_test/ws_livox/install/livox_ros_driver2/share/livox_ros_driver2/msg/CustomPoint.msg
[4.675s] -- Up-to-date: /home/nathan/mapping_test/ws_livox/install/livox_ros_driver2/share/livox_ros_driver2/msg/CustomMsg.msg
[4.675s] -- Installing: /home/nathan/mapping_test/ws_livox/install/livox_ros_driver2/lib/livox_ros_driver2/livox_ros_driver2_node
[4.676s] -- Set runtime path of "/home/nathan/mapping_test/ws_livox/install/livox_ros_driver2/lib/livox_ros_driver2/livox_ros_driver2_node" to ""
[4.676s] -- Installing: /home/nathan/mapping_test/ws_livox/install/livox_ros_driver2/lib/liblivox_ros_driver2.so
[4.680s] -- Set runtime path of "/home/nathan/mapping_test/ws_livox/install/livox_ros_driver2/lib/liblivox_ros_driver2.so" to ""
[4.681s] -- Up-to-date: /home/nathan/mapping_test/ws_livox/install/livox_ros_driver2/share/livox_ros_driver2/config
[4.681s] -- Up-to-date: /home/nathan/mapping_test/ws_livox/install/livox_ros_driver2/share/livox_ros_driver2/config/display_point_cloud_ROS2.rviz
[4.681s] -- Up-to-date: /home/nathan/mapping_test/ws_livox/install/livox_ros_driver2/share/livox_ros_driver2/config/display_point_cloud_ROS1.rviz
[4.681s] -- Up-to-date: /home/nathan/mapping_test/ws_livox/install/livox_ros_driver2/share/livox_ros_driver2/config/mixed_HAP_MID360_config.json
[4.681s] -- Installing: /home/nathan/mapping_test/ws_livox/install/livox_ros_driver2/share/livox_ros_driver2/config/MID360_config.json
[4.681s] -- Up-to-date: /home/nathan/mapping_test/ws_livox/install/livox_ros_driver2/share/livox_ros_driver2/config/HAP_config.json
[4.681s] -- Up-to-date: /home/nathan/mapping_test/ws_livox/install/livox_ros_driver2/share/livox_ros_driver2/launch_ROS2
[4.681s] -- Up-to-date: /home/nathan/mapping_test/ws_livox/install/livox_ros_driver2/share/livox_ros_driver2/launch_ROS2/rviz_HAP_launch.py
[4.681s] -- Up-to-date: /home/nathan/mapping_test/ws_livox/install/livox_ros_driver2/share/livox_ros_driver2/launch_ROS2/msg_MID360_launch.py
[4.681s] -- Up-to-date: /home/nathan/mapping_test/ws_livox/install/livox_ros_driver2/share/livox_ros_driver2/launch_ROS2/rviz_mixed.py
[4.681s] -- Up-to-date: /home/nathan/mapping_test/ws_livox/install/livox_ros_driver2/share/livox_ros_driver2/launch_ROS2/msg_HAP_launch.py
[4.682s] -- Up-to-date: /home/nathan/mapping_test/ws_livox/install/livox_ros_driver2/share/livox_ros_driver2/launch_ROS2/rviz_MID360_launch.py
[4.682s] -- Up-to-date: /home/nathan/mapping_test/ws_livox/install/livox_ros_driver2/share/ament_index/resource_index/package_run_dependencies/livox_ros_driver2
[4.682s] -- Installing: /home/nathan/mapping_test/ws_livox/install/livox_ros_driver2/share/ament_index/resource_index/parent_prefix_path/livox_ros_driver2
[4.682s] -- Up-to-date: /home/nathan/mapping_test/ws_livox/install/livox_ros_driver2/share/livox_ros_driver2/environment/ament_prefix_path.sh
[4.682s] -- Installing: /home/nathan/mapping_test/ws_livox/install/livox_ros_driver2/share/livox_ros_driver2/environment/ament_prefix_path.dsv
[4.682s] -- Up-to-date: /home/nathan/mapping_test/ws_livox/install/livox_ros_driver2/share/livox_ros_driver2/environment/path.sh
[4.682s] -- Installing: /home/nathan/mapping_test/ws_livox/install/livox_ros_driver2/share/livox_ros_driver2/environment/path.dsv
[4.682s] -- Up-to-date: /home/nathan/mapping_test/ws_livox/install/livox_ros_driver2/share/livox_ros_driver2/local_setup.bash
[4.682s] -- Up-to-date: /home/nathan/mapping_test/ws_livox/install/livox_ros_driver2/share/livox_ros_driver2/local_setup.sh
[4.683s] -- Up-to-date: /home/nathan/mapping_test/ws_livox/install/livox_ros_driver2/share/livox_ros_driver2/local_setup.zsh
[4.683s] -- Installing: /home/nathan/mapping_test/ws_livox/install/livox_ros_driver2/share/livox_ros_driver2/local_setup.dsv
[4.683s] -- Installing: /home/nathan/mapping_test/ws_livox/install/livox_ros_driver2/share/livox_ros_driver2/package.dsv
[4.683s] -- Up-to-date: /home/nathan/mapping_test/ws_livox/install/livox_ros_driver2/share/ament_index/resource_index/packages/livox_ros_driver2
[4.683s] -- Up-to-date: /home/nathan/mapping_test/ws_livox/install/livox_ros_driver2/share/livox_ros_driver2/cmake/export_livox_interfaces2__rosidl_generator_cExport.cmake
[4.683s] -- Up-to-date: /home/nathan/mapping_test/ws_livox/install/livox_ros_driver2/share/livox_ros_driver2/cmake/export_livox_interfaces2__rosidl_generator_cExport-noconfig.cmake
[4.683s] -- Up-to-date: /home/nathan/mapping_test/ws_livox/install/livox_ros_driver2/share/livox_ros_driver2/cmake/export_livox_interfaces2__rosidl_typesupport_fastrtps_cExport.cmake
[4.683s] -- Up-to-date: /home/nathan/mapping_test/ws_livox/install/livox_ros_driver2/share/livox_ros_driver2/cmake/export_livox_interfaces2__rosidl_typesupport_fastrtps_cExport-noconfig.cmake
[4.684s] -- Up-to-date: /home/nathan/mapping_test/ws_livox/install/livox_ros_driver2/share/livox_ros_driver2/cmake/livox_interfaces2__rosidl_typesupport_introspection_cExport.cmake
[4.684s] -- Up-to-date: /home/nathan/mapping_test/ws_livox/install/livox_ros_driver2/share/livox_ros_driver2/cmake/livox_interfaces2__rosidl_typesupport_introspection_cExport-noconfig.cmake
[4.684s] -- Up-to-date: /home/nathan/mapping_test/ws_livox/install/livox_ros_driver2/share/livox_ros_driver2/cmake/livox_interfaces2__rosidl_typesupport_cExport.cmake
[4.684s] -- Up-to-date: /home/nathan/mapping_test/ws_livox/install/livox_ros_driver2/share/livox_ros_driver2/cmake/livox_interfaces2__rosidl_typesupport_cExport-noconfig.cmake
[4.684s] -- Up-to-date: /home/nathan/mapping_test/ws_livox/install/livox_ros_driver2/share/livox_ros_driver2/cmake/export_livox_interfaces2__rosidl_generator_cppExport.cmake
[4.684s] -- Up-to-date: /home/nathan/mapping_test/ws_livox/install/livox_ros_driver2/share/livox_ros_driver2/cmake/export_livox_interfaces2__rosidl_typesupport_fastrtps_cppExport.cmake
[4.685s] -- Up-to-date: /home/nathan/mapping_test/ws_livox/install/livox_ros_driver2/share/livox_ros_driver2/cmake/export_livox_interfaces2__rosidl_typesupport_fastrtps_cppExport-noconfig.cmake
[4.685s] -- Up-to-date: /home/nathan/mapping_test/ws_livox/install/livox_ros_driver2/share/livox_ros_driver2/cmake/livox_interfaces2__rosidl_typesupport_introspection_cppExport.cmake
[4.685s] -- Up-to-date: /home/nathan/mapping_test/ws_livox/install/livox_ros_driver2/share/livox_ros_driver2/cmake/livox_interfaces2__rosidl_typesupport_introspection_cppExport-noconfig.cmake
[4.685s] -- Up-to-date: /home/nathan/mapping_test/ws_livox/install/livox_ros_driver2/share/livox_ros_driver2/cmake/livox_interfaces2__rosidl_typesupport_cppExport.cmake
[4.685s] -- Up-to-date: /home/nathan/mapping_test/ws_livox/install/livox_ros_driver2/share/livox_ros_driver2/cmake/livox_interfaces2__rosidl_typesupport_cppExport-noconfig.cmake
[4.685s] -- Up-to-date: /home/nathan/mapping_test/ws_livox/install/livox_ros_driver2/share/livox_ros_driver2/cmake/export_livox_interfaces2__rosidl_generator_pyExport.cmake
[4.685s] -- Up-to-date: /home/nathan/mapping_test/ws_livox/install/livox_ros_driver2/share/livox_ros_driver2/cmake/export_livox_interfaces2__rosidl_generator_pyExport-noconfig.cmake
[4.686s] -- Up-to-date: /home/nathan/mapping_test/ws_livox/install/livox_ros_driver2/share/ament_index/resource_index/rclcpp_components/livox_ros_driver2
[4.686s] -- Up-to-date: /home/nathan/mapping_test/ws_livox/install/livox_ros_driver2/share/livox_ros_driver2/cmake/rosidl_cmake-extras.cmake
[4.686s] -- Up-to-date: /home/nathan/mapping_test/ws_livox/install/livox_ros_driver2/share/livox_ros_driver2/cmake/ament_cmake_export_dependencies-extras.cmake
[4.686s] -- Up-to-date: /home/nathan/mapping_test/ws_livox/install/livox_ros_driver2/share/livox_ros_driver2/cmake/ament_cmake_export_include_directories-extras.cmake
[4.686s] -- Up-to-date: /home/nathan/mapping_test/ws_livox/install/livox_ros_driver2/share/livox_ros_driver2/cmake/ament_cmake_export_libraries-extras.cmake
[4.686s] -- Up-to-date: /home/nathan/mapping_test/ws_livox/install/livox_ros_driver2/share/livox_ros_driver2/cmake/ament_cmake_export_targets-extras.cmake
[4.686s] -- Up-to-date: /home/nathan/mapping_test/ws_livox/install/livox_ros_driver2/share/livox_ros_driver2/cmake/rosidl_cmake_export_typesupport_targets-extras.cmake
[4.686s] -- Up-to-date: /home/nathan/mapping_test/ws_livox/install/livox_ros_driver2/share/livox_ros_driver2/cmake/rosidl_cmake_export_typesupport_libraries-extras.cmake
[4.686s] -- Up-to-date: /home/nathan/mapping_test/ws_livox/install/livox_ros_driver2/share/livox_ros_driver2/cmake/livox_ros_driver2Config.cmake
[4.686s] -- Up-to-date: /home/nathan/mapping_test/ws_livox/install/livox_ros_driver2/share/livox_ros_driver2/cmake/livox_ros_driver2Config-version.cmake
[4.686s] -- Up-to-date: /home/nathan/mapping_test/ws_livox/install/livox_ros_driver2/share/livox_ros_driver2/package.xml
[4.689s] Invoked command in '/home/nathan/mapping_test/ws_livox/build/livox_ros_driver2' returned '0': CMAKE_PREFIX_PATH=${CMAKE_PREFIX_PATH}:/home/nathan/mapping_test/ws_livox/install/ros2_camera_publish:/opt/ros/humble /usr/bin/cmake --install /home/nathan/mapping_test/ws_livox/build/livox_ros_driver2
