[0.125s] DEBUG:colcon:Command line arguments: ['/usr/bin/colcon', 'build', '--cmake-args', '-DROS_EDITION=ROS2', '-DHUMBLE_ROS=humble']
[0.126s] DEBUG:colcon:Parsed command line arguments: Namespace(log_base=None, log_level=None, verb_name='build', build_base='build', install_base='install', merge_install=False, symlink_install=False, test_result_base=None, continue_on_error=False, executor='parallel', parallel_workers=8, event_handlers=None, ignore_user_meta=False, metas=['./colcon.meta'], base_paths=['.'], packages_ignore=None, packages_ignore_regex=None, paths=None, packages_up_to=None, packages_up_to_regex=None, packages_above=None, packages_above_and_dependencies=None, packages_above_depth=None, packages_select_by_dep=None, packages_skip_by_dep=None, packages_skip_up_to=None, packages_select_build_failed=False, packages_skip_build_finished=False, packages_select_test_failures=False, packages_skip_test_passed=False, packages_select=None, packages_skip=None, packages_select_regex=None, packages_skip_regex=None, packages_start=None, packages_end=None, allow_overriding=[], cmake_args=['-DROS_EDITION=ROS2', '-DHUMBLE_ROS=humble'], cmake_target=None, cmake_target_skip_unavailable=False, cmake_clean_cache=False, cmake_clean_first=False, cmake_force_configure=False, ament_cmake_args=None, catkin_cmake_args=None, catkin_skip_building_tests=False, mixin_files=None, mixin=None, verb_parser=<colcon_mixin.mixin.mixin_argument.MixinArgumentDecorator object at 0x71fb85e56890>, verb_extension=<colcon_core.verb.build.BuildVerb object at 0x71fb85f87820>, main=<bound method BuildVerb.main of <colcon_core.verb.build.BuildVerb object at 0x71fb85f87820>>, mixin_verb=('build',))
[0.340s] Level 1:colcon.colcon_core.package_discovery:discover_packages(colcon_meta) check parameters
[0.341s] Level 1:colcon.colcon_core.package_discovery:discover_packages(recursive) check parameters
[0.341s] Level 1:colcon.colcon_core.package_discovery:discover_packages(ignore) check parameters
[0.341s] Level 1:colcon.colcon_core.package_discovery:discover_packages(path) check parameters
[0.341s] Level 1:colcon.colcon_core.package_discovery:discover_packages(colcon_meta) discover
[0.341s] Level 1:colcon.colcon_core.package_discovery:discover_packages(recursive) discover
[0.341s] INFO:colcon.colcon_core.package_discovery:Crawling recursively for packages in '/home/nathan/mapping_test/ws_livox'
[0.341s] Level 1:colcon.colcon_core.package_identification:_identify(.) by extensions ['ignore', 'ignore_ament_install']
[0.341s] Level 1:colcon.colcon_core.package_identification:_identify(.) by extension 'ignore'
[0.341s] Level 1:colcon.colcon_core.package_identification:_identify(.) by extension 'ignore_ament_install'
[0.341s] Level 1:colcon.colcon_core.package_identification:_identify(.) by extensions ['colcon_pkg']
[0.341s] Level 1:colcon.colcon_core.package_identification:_identify(.) by extension 'colcon_pkg'
[0.341s] Level 1:colcon.colcon_core.package_identification:_identify(.) by extensions ['colcon_meta']
[0.341s] Level 1:colcon.colcon_core.package_identification:_identify(.) by extension 'colcon_meta'
[0.341s] Level 1:colcon.colcon_core.package_identification:_identify(.) by extensions ['ros']
[0.341s] Level 1:colcon.colcon_core.package_identification:_identify(.) by extension 'ros'
[0.353s] Level 1:colcon.colcon_core.package_identification:_identify(.) by extensions ['cmake', 'python']
[0.354s] Level 1:colcon.colcon_core.package_identification:_identify(.) by extension 'cmake'
[0.354s] Level 1:colcon.colcon_core.package_identification:_identify(.) by extension 'python'
[0.354s] Level 1:colcon.colcon_core.package_identification:_identify(.) by extensions ['python_setup_py']
[0.354s] Level 1:colcon.colcon_core.package_identification:_identify(.) by extension 'python_setup_py'
[0.354s] Level 1:colcon.colcon_core.package_identification:_identify(build) by extensions ['ignore', 'ignore_ament_install']
[0.354s] Level 1:colcon.colcon_core.package_identification:_identify(build) by extension 'ignore'
[0.354s] Level 1:colcon.colcon_core.package_identification:_identify(build) ignored
[0.354s] Level 1:colcon.colcon_core.package_identification:_identify(install) by extensions ['ignore', 'ignore_ament_install']
[0.354s] Level 1:colcon.colcon_core.package_identification:_identify(install) by extension 'ignore'
[0.354s] Level 1:colcon.colcon_core.package_identification:_identify(install) ignored
[0.354s] Level 1:colcon.colcon_core.package_identification:_identify(log) by extensions ['ignore', 'ignore_ament_install']
[0.355s] Level 1:colcon.colcon_core.package_identification:_identify(log) by extension 'ignore'
[0.355s] Level 1:colcon.colcon_core.package_identification:_identify(log) ignored
[0.355s] Level 1:colcon.colcon_core.package_identification:_identify(src) by extensions ['ignore', 'ignore_ament_install']
[0.355s] Level 1:colcon.colcon_core.package_identification:_identify(src) by extension 'ignore'
[0.355s] Level 1:colcon.colcon_core.package_identification:_identify(src) by extension 'ignore_ament_install'
[0.355s] Level 1:colcon.colcon_core.package_identification:_identify(src) by extensions ['colcon_pkg']
[0.355s] Level 1:colcon.colcon_core.package_identification:_identify(src) by extension 'colcon_pkg'
[0.355s] Level 1:colcon.colcon_core.package_identification:_identify(src) by extensions ['colcon_meta']
[0.355s] Level 1:colcon.colcon_core.package_identification:_identify(src) by extension 'colcon_meta'
[0.355s] Level 1:colcon.colcon_core.package_identification:_identify(src) by extensions ['ros']
[0.355s] Level 1:colcon.colcon_core.package_identification:_identify(src) by extension 'ros'
[0.355s] Level 1:colcon.colcon_core.package_identification:_identify(src) by extensions ['cmake', 'python']
[0.355s] Level 1:colcon.colcon_core.package_identification:_identify(src) by extension 'cmake'
[0.356s] Level 1:colcon.colcon_core.package_identification:_identify(src) by extension 'python'
[0.356s] Level 1:colcon.colcon_core.package_identification:_identify(src) by extensions ['python_setup_py']
[0.356s] Level 1:colcon.colcon_core.package_identification:_identify(src) by extension 'python_setup_py'
[0.356s] Level 1:colcon.colcon_core.package_identification:_identify(src/livox_ros_driver2) by extensions ['ignore', 'ignore_ament_install']
[0.356s] Level 1:colcon.colcon_core.package_identification:_identify(src/livox_ros_driver2) by extension 'ignore'
[0.356s] Level 1:colcon.colcon_core.package_identification:_identify(src/livox_ros_driver2) by extension 'ignore_ament_install'
[0.356s] Level 1:colcon.colcon_core.package_identification:_identify(src/livox_ros_driver2) by extensions ['colcon_pkg']
[0.356s] Level 1:colcon.colcon_core.package_identification:_identify(src/livox_ros_driver2) by extension 'colcon_pkg'
[0.356s] Level 1:colcon.colcon_core.package_identification:_identify(src/livox_ros_driver2) by extensions ['colcon_meta']
[0.356s] Level 1:colcon.colcon_core.package_identification:_identify(src/livox_ros_driver2) by extension 'colcon_meta'
[0.356s] Level 1:colcon.colcon_core.package_identification:_identify(src/livox_ros_driver2) by extensions ['ros']
[0.356s] Level 1:colcon.colcon_core.package_identification:_identify(src/livox_ros_driver2) by extension 'ros'
[0.359s] DEBUG:colcon.colcon_core.package_identification:Package 'src/livox_ros_driver2' with type 'ros.ament_cmake' and name 'livox_ros_driver2'
[0.359s] Level 1:colcon.colcon_core.package_discovery:discover_packages(recursive) using defaults
[0.368s] Level 1:colcon.colcon_core.package_discovery:discover_packages(ignore) discover
[0.368s] Level 1:colcon.colcon_core.package_discovery:discover_packages(ignore) using defaults
[0.368s] Level 1:colcon.colcon_core.package_discovery:discover_packages(path) discover
[0.368s] Level 1:colcon.colcon_core.package_discovery:discover_packages(path) using defaults
[0.388s] Level 1:colcon.colcon_core.package_discovery:discover_packages(prefix_path) check parameters
[0.388s] Level 1:colcon.colcon_core.package_discovery:discover_packages(prefix_path) discover
[0.390s] WARNING:colcon.colcon_ros.prefix_path.ament:The path '/home/nathan/mapping_test/ws_livox/install/livox_ros_driver2' in the environment variable AMENT_PREFIX_PATH doesn't exist
[0.390s] WARNING:colcon.colcon_ros.prefix_path.catkin:The path '/home/nathan/mapping_test/ws_livox/install/livox_ros_driver2' in the environment variable CMAKE_PREFIX_PATH doesn't exist
[0.391s] DEBUG:colcon.colcon_installed_package_information.package_discovery:Found 0 installed packages in /home/nathan/mapping_test/ws_livox/install
[0.391s] DEBUG:colcon.colcon_installed_package_information.package_discovery:Found 1 installed packages in /home/nathan/mapping_test/Livox-SDK2/install
[0.393s] DEBUG:colcon.colcon_installed_package_information.package_discovery:Found 421 installed packages in /opt/ros/humble
[0.395s] Level 1:colcon.colcon_core.package_discovery:discover_packages(prefix_path) using defaults
[0.455s] Level 5:colcon.colcon_core.verb:set package 'livox_ros_driver2' build argument 'cmake_args' from command line to '['-DROS_EDITION=ROS2', '-DHUMBLE_ROS=humble']'
[0.455s] Level 5:colcon.colcon_core.verb:set package 'livox_ros_driver2' build argument 'cmake_target' from command line to 'None'
[0.455s] Level 5:colcon.colcon_core.verb:set package 'livox_ros_driver2' build argument 'cmake_target_skip_unavailable' from command line to 'False'
[0.455s] Level 5:colcon.colcon_core.verb:set package 'livox_ros_driver2' build argument 'cmake_clean_cache' from command line to 'False'
[0.456s] Level 5:colcon.colcon_core.verb:set package 'livox_ros_driver2' build argument 'cmake_clean_first' from command line to 'False'
[0.456s] Level 5:colcon.colcon_core.verb:set package 'livox_ros_driver2' build argument 'cmake_force_configure' from command line to 'False'
[0.456s] Level 5:colcon.colcon_core.verb:set package 'livox_ros_driver2' build argument 'ament_cmake_args' from command line to 'None'
[0.456s] Level 5:colcon.colcon_core.verb:set package 'livox_ros_driver2' build argument 'catkin_cmake_args' from command line to 'None'
[0.456s] Level 5:colcon.colcon_core.verb:set package 'livox_ros_driver2' build argument 'catkin_skip_building_tests' from command line to 'False'
[0.456s] DEBUG:colcon.colcon_core.verb:Building package 'livox_ros_driver2' with the following arguments: {'ament_cmake_args': None, 'build_base': '/home/nathan/mapping_test/ws_livox/build/livox_ros_driver2', 'catkin_cmake_args': None, 'catkin_skip_building_tests': False, 'cmake_args': ['-DROS_EDITION=ROS2', '-DHUMBLE_ROS=humble'], 'cmake_clean_cache': False, 'cmake_clean_first': False, 'cmake_force_configure': False, 'cmake_target': None, 'cmake_target_skip_unavailable': False, 'install_base': '/home/nathan/mapping_test/ws_livox/install/livox_ros_driver2', 'merge_install': False, 'path': '/home/nathan/mapping_test/ws_livox/src/livox_ros_driver2', 'symlink_install': False, 'test_result_base': None}
[0.456s] INFO:colcon.colcon_core.executor:Executing jobs using 'parallel' executor
[0.457s] DEBUG:colcon.colcon_parallel_executor.executor.parallel:run_until_complete
[0.457s] INFO:colcon.colcon_ros.task.ament_cmake.build:Building ROS package in '/home/nathan/mapping_test/ws_livox/src/livox_ros_driver2' with build type 'ament_cmake'
[0.458s] INFO:colcon.colcon_cmake.task.cmake.build:Building CMake package in '/home/nathan/mapping_test/ws_livox/src/livox_ros_driver2'
[0.460s] INFO:colcon.colcon_core.plugin_system:Skipping extension 'colcon_core.shell.bat': Not used on non-Windows systems
[0.460s] INFO:colcon.colcon_core.shell:Skip shell extension 'powershell' for command environment: Not usable outside of PowerShell
[0.460s] DEBUG:colcon.colcon_core.shell:Skip shell extension 'dsv' for command environment
[0.472s] DEBUG:colcon.colcon_core.event_handler.log_command:Invoking command in '/home/nathan/mapping_test/ws_livox/build/livox_ros_driver2': CMAKE_PREFIX_PATH=${CMAKE_PREFIX_PATH}:/opt/ros/humble /usr/bin/cmake /home/nathan/mapping_test/ws_livox/src/livox_ros_driver2 -DROS_EDITION=ROS2 -DHUMBLE_ROS=humble -DCMAKE_INSTALL_PREFIX=/home/nathan/mapping_test/ws_livox/install/livox_ros_driver2
[5.307s] DEBUG:colcon.colcon_core.event_handler.log_command:Invoked command in '/home/nathan/mapping_test/ws_livox/build/livox_ros_driver2' returned '0': CMAKE_PREFIX_PATH=${CMAKE_PREFIX_PATH}:/opt/ros/humble /usr/bin/cmake /home/nathan/mapping_test/ws_livox/src/livox_ros_driver2 -DROS_EDITION=ROS2 -DHUMBLE_ROS=humble -DCMAKE_INSTALL_PREFIX=/home/nathan/mapping_test/ws_livox/install/livox_ros_driver2
[5.310s] DEBUG:colcon.colcon_core.event_handler.log_command:Invoking command in '/home/nathan/mapping_test/ws_livox/build/livox_ros_driver2': CMAKE_PREFIX_PATH=${CMAKE_PREFIX_PATH}:/opt/ros/humble /usr/bin/cmake --build /home/nathan/mapping_test/ws_livox/build/livox_ros_driver2 -- -j8 -l8
[19.587s] DEBUG:colcon.colcon_core.event_handler.log_command:Invoked command in '/home/nathan/mapping_test/ws_livox/build/livox_ros_driver2' returned '0': CMAKE_PREFIX_PATH=${CMAKE_PREFIX_PATH}:/opt/ros/humble /usr/bin/cmake --build /home/nathan/mapping_test/ws_livox/build/livox_ros_driver2 -- -j8 -l8
[19.599s] DEBUG:colcon.colcon_core.event_handler.log_command:Invoking command in '/home/nathan/mapping_test/ws_livox/build/livox_ros_driver2': CMAKE_PREFIX_PATH=${CMAKE_PREFIX_PATH}:/opt/ros/humble /usr/bin/cmake --install /home/nathan/mapping_test/ws_livox/build/livox_ros_driver2
[19.697s] Level 1:colcon.colcon_core.environment:create_environment_scripts_only(livox_ros_driver2)
[19.697s] DEBUG:colcon.colcon_core.event_handler.log_command:Invoked command in '/home/nathan/mapping_test/ws_livox/build/livox_ros_driver2' returned '0': CMAKE_PREFIX_PATH=${CMAKE_PREFIX_PATH}:/opt/ros/humble /usr/bin/cmake --install /home/nathan/mapping_test/ws_livox/build/livox_ros_driver2
[19.699s] Level 1:colcon.colcon_core.environment:checking '/home/nathan/mapping_test/ws_livox/install/livox_ros_driver2' for CMake module files
[19.700s] Level 1:colcon.colcon_core.environment:checking '/home/nathan/mapping_test/ws_livox/install/livox_ros_driver2' for CMake config files
[19.701s] Level 1:colcon.colcon_core.shell:create_environment_hook('livox_ros_driver2', 'cmake_prefix_path')
[19.701s] INFO:colcon.colcon_core.shell:Creating environment hook '/home/nathan/mapping_test/ws_livox/install/livox_ros_driver2/share/livox_ros_driver2/hook/cmake_prefix_path.ps1'
[19.702s] INFO:colcon.colcon_core.shell:Creating environment descriptor '/home/nathan/mapping_test/ws_livox/install/livox_ros_driver2/share/livox_ros_driver2/hook/cmake_prefix_path.dsv'
[19.702s] INFO:colcon.colcon_core.shell:Creating environment hook '/home/nathan/mapping_test/ws_livox/install/livox_ros_driver2/share/livox_ros_driver2/hook/cmake_prefix_path.sh'
[19.703s] Level 1:colcon.colcon_core.environment:checking '/home/nathan/mapping_test/ws_livox/install/livox_ros_driver2/lib'
[19.703s] Level 1:colcon.colcon_core.shell:create_environment_hook('livox_ros_driver2', 'ld_library_path_lib')
[19.703s] INFO:colcon.colcon_core.shell:Creating environment hook '/home/nathan/mapping_test/ws_livox/install/livox_ros_driver2/share/livox_ros_driver2/hook/ld_library_path_lib.ps1'
[19.704s] INFO:colcon.colcon_core.shell:Creating environment descriptor '/home/nathan/mapping_test/ws_livox/install/livox_ros_driver2/share/livox_ros_driver2/hook/ld_library_path_lib.dsv'
[19.704s] INFO:colcon.colcon_core.shell:Creating environment hook '/home/nathan/mapping_test/ws_livox/install/livox_ros_driver2/share/livox_ros_driver2/hook/ld_library_path_lib.sh'
[19.704s] Level 1:colcon.colcon_core.environment:checking '/home/nathan/mapping_test/ws_livox/install/livox_ros_driver2/bin'
[19.704s] Level 1:colcon.colcon_core.environment:checking '/home/nathan/mapping_test/ws_livox/install/livox_ros_driver2/lib/pkgconfig/livox_ros_driver2.pc'
[19.705s] Level 1:colcon.colcon_core.environment:checking '/home/nathan/mapping_test/ws_livox/install/livox_ros_driver2/lib/python3.10/site-packages'
[19.705s] Level 1:colcon.colcon_core.environment:checking '/home/nathan/mapping_test/ws_livox/install/livox_ros_driver2/bin'
[19.705s] INFO:colcon.colcon_core.shell:Creating package script '/home/nathan/mapping_test/ws_livox/install/livox_ros_driver2/share/livox_ros_driver2/package.ps1'
[19.706s] INFO:colcon.colcon_core.shell:Creating package descriptor '/home/nathan/mapping_test/ws_livox/install/livox_ros_driver2/share/livox_ros_driver2/package.dsv'
[19.707s] INFO:colcon.colcon_core.shell:Creating package script '/home/nathan/mapping_test/ws_livox/install/livox_ros_driver2/share/livox_ros_driver2/package.sh'
[19.708s] INFO:colcon.colcon_core.shell:Creating package script '/home/nathan/mapping_test/ws_livox/install/livox_ros_driver2/share/livox_ros_driver2/package.bash'
[19.708s] INFO:colcon.colcon_core.shell:Creating package script '/home/nathan/mapping_test/ws_livox/install/livox_ros_driver2/share/livox_ros_driver2/package.zsh'
[19.709s] Level 1:colcon.colcon_core.environment:create_file_with_runtime_dependencies(/home/nathan/mapping_test/ws_livox/install/livox_ros_driver2/share/colcon-core/packages/livox_ros_driver2)
[19.710s] Level 1:colcon.colcon_core.environment:create_environment_scripts_only(livox_ros_driver2)
[19.711s] Level 1:colcon.colcon_core.environment:checking '/home/nathan/mapping_test/ws_livox/install/livox_ros_driver2' for CMake module files
[19.711s] Level 1:colcon.colcon_core.environment:checking '/home/nathan/mapping_test/ws_livox/install/livox_ros_driver2' for CMake config files
[19.712s] Level 1:colcon.colcon_core.shell:create_environment_hook('livox_ros_driver2', 'cmake_prefix_path')
[19.712s] INFO:colcon.colcon_core.shell:Creating environment hook '/home/nathan/mapping_test/ws_livox/install/livox_ros_driver2/share/livox_ros_driver2/hook/cmake_prefix_path.ps1'
[19.713s] INFO:colcon.colcon_core.shell:Creating environment descriptor '/home/nathan/mapping_test/ws_livox/install/livox_ros_driver2/share/livox_ros_driver2/hook/cmake_prefix_path.dsv'
[19.713s] INFO:colcon.colcon_core.shell:Creating environment hook '/home/nathan/mapping_test/ws_livox/install/livox_ros_driver2/share/livox_ros_driver2/hook/cmake_prefix_path.sh'
[19.714s] Level 1:colcon.colcon_core.environment:checking '/home/nathan/mapping_test/ws_livox/install/livox_ros_driver2/lib'
[19.714s] Level 1:colcon.colcon_core.shell:create_environment_hook('livox_ros_driver2', 'ld_library_path_lib')
[19.714s] INFO:colcon.colcon_core.shell:Creating environment hook '/home/nathan/mapping_test/ws_livox/install/livox_ros_driver2/share/livox_ros_driver2/hook/ld_library_path_lib.ps1'
[19.714s] INFO:colcon.colcon_core.shell:Creating environment descriptor '/home/nathan/mapping_test/ws_livox/install/livox_ros_driver2/share/livox_ros_driver2/hook/ld_library_path_lib.dsv'
[19.715s] INFO:colcon.colcon_core.shell:Creating environment hook '/home/nathan/mapping_test/ws_livox/install/livox_ros_driver2/share/livox_ros_driver2/hook/ld_library_path_lib.sh'
[19.716s] Level 1:colcon.colcon_core.environment:checking '/home/nathan/mapping_test/ws_livox/install/livox_ros_driver2/bin'
[19.716s] Level 1:colcon.colcon_core.environment:checking '/home/nathan/mapping_test/ws_livox/install/livox_ros_driver2/lib/pkgconfig/livox_ros_driver2.pc'
[19.716s] Level 1:colcon.colcon_core.environment:checking '/home/nathan/mapping_test/ws_livox/install/livox_ros_driver2/lib/python3.10/site-packages'
[19.716s] Level 1:colcon.colcon_core.environment:checking '/home/nathan/mapping_test/ws_livox/install/livox_ros_driver2/bin'
[19.717s] INFO:colcon.colcon_core.shell:Creating package script '/home/nathan/mapping_test/ws_livox/install/livox_ros_driver2/share/livox_ros_driver2/package.ps1'
[19.717s] INFO:colcon.colcon_core.shell:Creating package descriptor '/home/nathan/mapping_test/ws_livox/install/livox_ros_driver2/share/livox_ros_driver2/package.dsv'
[19.718s] INFO:colcon.colcon_core.shell:Creating package script '/home/nathan/mapping_test/ws_livox/install/livox_ros_driver2/share/livox_ros_driver2/package.sh'
[19.718s] INFO:colcon.colcon_core.shell:Creating package script '/home/nathan/mapping_test/ws_livox/install/livox_ros_driver2/share/livox_ros_driver2/package.bash'
[19.719s] INFO:colcon.colcon_core.shell:Creating package script '/home/nathan/mapping_test/ws_livox/install/livox_ros_driver2/share/livox_ros_driver2/package.zsh'
[19.719s] Level 1:colcon.colcon_core.environment:create_file_with_runtime_dependencies(/home/nathan/mapping_test/ws_livox/install/livox_ros_driver2/share/colcon-core/packages/livox_ros_driver2)
[19.720s] DEBUG:colcon.colcon_parallel_executor.executor.parallel:closing loop
[19.720s] DEBUG:colcon.colcon_parallel_executor.executor.parallel:loop closed
[19.720s] DEBUG:colcon.colcon_parallel_executor.executor.parallel:run_until_complete finished with '0'
[19.720s] DEBUG:colcon.colcon_core.event_reactor:joining thread
[19.726s] INFO:colcon.colcon_core.plugin_system:Skipping extension 'colcon_notification.desktop_notification.terminal_notifier': Not used on non-Darwin systems
[19.726s] INFO:colcon.colcon_core.plugin_system:Skipping extension 'colcon_notification.desktop_notification.win32': Not used on non-Windows systems
[19.727s] INFO:colcon.colcon_notification.desktop_notification:Sending desktop notification using 'notify2'
[19.740s] DEBUG:colcon.colcon_core.event_reactor:joined thread
[19.741s] INFO:colcon.colcon_core.shell:Creating prefix script '/home/nathan/mapping_test/ws_livox/install/local_setup.ps1'
[19.742s] INFO:colcon.colcon_core.shell:Creating prefix util module '/home/nathan/mapping_test/ws_livox/install/_local_setup_util_ps1.py'
[19.744s] INFO:colcon.colcon_core.shell:Creating prefix chain script '/home/nathan/mapping_test/ws_livox/install/setup.ps1'
[19.745s] INFO:colcon.colcon_core.shell:Creating prefix script '/home/nathan/mapping_test/ws_livox/install/local_setup.sh'
[19.746s] INFO:colcon.colcon_core.shell:Creating prefix util module '/home/nathan/mapping_test/ws_livox/install/_local_setup_util_sh.py'
[19.747s] INFO:colcon.colcon_core.shell:Creating prefix chain script '/home/nathan/mapping_test/ws_livox/install/setup.sh'
[19.749s] INFO:colcon.colcon_core.shell:Creating prefix script '/home/nathan/mapping_test/ws_livox/install/local_setup.bash'
[19.749s] INFO:colcon.colcon_core.shell:Creating prefix chain script '/home/nathan/mapping_test/ws_livox/install/setup.bash'
[19.751s] INFO:colcon.colcon_core.shell:Creating prefix script '/home/nathan/mapping_test/ws_livox/install/local_setup.zsh'
[19.751s] INFO:colcon.colcon_core.shell:Creating prefix chain script '/home/nathan/mapping_test/ws_livox/install/setup.zsh'
